TpTrace Verbose: 0 : 15428, 1, 2023/04/18, 15:17:05.987, 4230253581008, vstest.console.dll, Version: 17.5.0-release-20221220-01 Current process architecture: X64
TpTrace Verbose: 0 : 15428, 1, 2023/04/18, 15:17:05.991, 4230253619674, vstest.console.dll, Runtime location: C:\Program Files\dotnet\shared\Microsoft.NETCore.App\7.0.4
TpTrace Verbose: 0 : 15428, 1, 2023/04/18, 15:17:05.998, 4230253689828, vstest.console.dll, ArtifactProcessingPostProcessModeProcessorExecutor.Initialize: ArtifactProcessingMode.Collect
TpTrace Verbose: 0 : 15428, 1, 2023/04/18, 15:17:05.998, 4230253691771, vstest.console.dll, TestSessionCorrelationIdProcessorModeProcessorExecutor.Initialize: TestSessionCorrelationId '14128_fa0acf50-17bc-4e38-8944-23858ca3cd22'
TpTrace Information: 0 : 15428, 1, 2023/04/18, 15:17:06.014, 4230253850677, vstest.console.dll, FilePatternParser: The given file C:\Users\raddk\source\repos\Team-Bandits\SeleniumExersice1\SeleniumExersice1\bin\Debug\net6.0\fine-code-coverage\build-output\SeleniumExersice1.dll is a full path.
TpTrace Verbose: 0 : 15428, 1, 2023/04/18, 15:17:06.022, 4230253935786, vstest.console.dll, TestPluginCache.DiscoverTestExtensions: finding test extensions in assemblies ends with: RuntimeProvider.dll TPluginInfo: Microsoft.VisualStudio.TestPlatform.Common.ExtensionFramework.Utilities.TestRuntimePluginInformation TExtension: Microsoft.VisualStudio.TestPlatform.ObjectModel.Host.ITestRuntimeProvider
TpTrace Verbose: 0 : 15428, 1, 2023/04/18, 15:17:06.023, 4230253939879, vstest.console.dll, TestPluginCache.GetExtensionPaths: Filtered extension paths: 
TpTrace Verbose: 0 : 15428, 1, 2023/04/18, 15:17:06.023, 4230253940940, vstest.console.dll, TestPluginCache.GetExtensionPaths: Added default extension paths: C:\Program Files\dotnet\sdk\7.0.202\Extensions\Microsoft.Diagnostics.NETCore.Client.dll
C:\Program Files\dotnet\sdk\7.0.202\Extensions\Microsoft.TestPlatform.Extensions.BlameDataCollector.dll
C:\Program Files\dotnet\sdk\7.0.202\Extensions\Microsoft.TestPlatform.Extensions.EventLogCollector.dll
C:\Program Files\dotnet\sdk\7.0.202\Extensions\Microsoft.TestPlatform.TestHostRuntimeProvider.dll
C:\Program Files\dotnet\sdk\7.0.202\Extensions\Microsoft.VisualStudio.TestPlatform.Extensions.Html.TestLogger.dll
C:\Program Files\dotnet\sdk\7.0.202\Extensions\Microsoft.VisualStudio.TestPlatform.Extensions.Trx.TestLogger.dll
TpTrace Verbose: 0 : 15428, 1, 2023/04/18, 15:17:06.023, 4230253941461, vstest.console.dll, TestPluginCache.GetExtensionPaths: Added unfilterableExtensionPaths: 
TpTrace Information: 0 : 15428, 1, 2023/04/18, 15:17:06.025, 4230253959632, vstest.console.dll, AssemblyResolver.ctor: Creating AssemblyResolver with searchDirectories C:\Program Files\dotnet\sdk\7.0.202\Extensions,C:\Program Files\dotnet\sdk\7.0.202
TpTrace Verbose: 0 : 15428, 1, 2023/04/18, 15:17:06.027, 4230253978504, vstest.console.dll, TestPluginCache.DiscoverTestExtensions: Discovering the extensions using extension path.
TpTrace Verbose: 0 : 15428, 1, 2023/04/18, 15:17:06.027, 4230253980567, vstest.console.dll, TestPluginCache.GetExtensionPaths: Filtered extension paths: 
TpTrace Verbose: 0 : 15428, 1, 2023/04/18, 15:17:06.027, 4230253981271, vstest.console.dll, TestPluginCache.GetExtensionPaths: Added default extension paths: C:\Program Files\dotnet\sdk\7.0.202\Extensions\Microsoft.Diagnostics.NETCore.Client.dll
C:\Program Files\dotnet\sdk\7.0.202\Extensions\Microsoft.TestPlatform.Extensions.BlameDataCollector.dll
C:\Program Files\dotnet\sdk\7.0.202\Extensions\Microsoft.TestPlatform.Extensions.EventLogCollector.dll
C:\Program Files\dotnet\sdk\7.0.202\Extensions\Microsoft.TestPlatform.TestHostRuntimeProvider.dll
C:\Program Files\dotnet\sdk\7.0.202\Extensions\Microsoft.VisualStudio.TestPlatform.Extensions.Html.TestLogger.dll
C:\Program Files\dotnet\sdk\7.0.202\Extensions\Microsoft.VisualStudio.TestPlatform.Extensions.Trx.TestLogger.dll
TpTrace Verbose: 0 : 15428, 1, 2023/04/18, 15:17:06.027, 4230253981774, vstest.console.dll, TestPluginCache.GetExtensionPaths: Added unfilterableExtensionPaths: 
TpTrace Verbose: 0 : 15428, 1, 2023/04/18, 15:17:06.028, 4230253988257, vstest.console.dll, TestPluginCache.DiscoverTestExtensions: Discovering the extensions using allExtensionPaths: C:\Program Files\dotnet\sdk\7.0.202\Extensions\Microsoft.Diagnostics.NETCore.Client.dll
C:\Program Files\dotnet\sdk\7.0.202\Extensions\Microsoft.TestPlatform.Extensions.BlameDataCollector.dll
C:\Program Files\dotnet\sdk\7.0.202\Extensions\Microsoft.TestPlatform.Extensions.EventLogCollector.dll
C:\Program Files\dotnet\sdk\7.0.202\Extensions\Microsoft.TestPlatform.TestHostRuntimeProvider.dll
C:\Program Files\dotnet\sdk\7.0.202\Extensions\Microsoft.VisualStudio.TestPlatform.Extensions.Html.TestLogger.dll
C:\Program Files\dotnet\sdk\7.0.202\Extensions\Microsoft.VisualStudio.TestPlatform.Extensions.Trx.TestLogger.dll
TpTrace Information: 0 : 15428, 1, 2023/04/18, 15:17:06.028, 4230253993140, vstest.console.dll, AssemblyResolver.AddSearchDirectories: Adding more searchDirectories C:\Program Files\dotnet\sdk\7.0.202\Extensions,C:\Program Files\dotnet\sdk\7.0.202
TpTrace Information: 0 : 15428, 1, 2023/04/18, 15:17:06.028, 4230253994202, vstest.console.dll, AssemblyResolver.AddSearchDirectories: Adding more searchDirectories C:\Program Files\dotnet\sdk\7.0.202\Extensions,C:\Program Files\dotnet\sdk\7.0.202
TpTrace Information: 0 : 15428, 1, 2023/04/18, 15:17:06.028, 4230253994766, vstest.console.dll, AssemblyResolver.AddSearchDirectories: Adding more searchDirectories C:\Program Files\dotnet\sdk\7.0.202\Extensions,C:\Program Files\dotnet\sdk\7.0.202
TpTrace Information: 0 : 15428, 1, 2023/04/18, 15:17:06.028, 4230253995267, vstest.console.dll, AssemblyResolver.AddSearchDirectories: Adding more searchDirectories C:\Program Files\dotnet\sdk\7.0.202\Extensions,C:\Program Files\dotnet\sdk\7.0.202
TpTrace Information: 0 : 15428, 1, 2023/04/18, 15:17:06.028, 4230253995795, vstest.console.dll, AssemblyResolver.AddSearchDirectories: Adding more searchDirectories C:\Program Files\dotnet\sdk\7.0.202\Extensions,C:\Program Files\dotnet\sdk\7.0.202
TpTrace Information: 0 : 15428, 1, 2023/04/18, 15:17:06.028, 4230253996275, vstest.console.dll, AssemblyResolver.AddSearchDirectories: Adding more searchDirectories C:\Program Files\dotnet\sdk\7.0.202\Extensions,C:\Program Files\dotnet\sdk\7.0.202
TpTrace Information: 0 : 15428, 1, 2023/04/18, 15:17:06.029, 4230254003552, vstest.console.dll, AssemblyResolver.OnResolve: Microsoft.Diagnostics.NETCore.Client: Resolving assembly.
TpTrace Information: 0 : 15428, 1, 2023/04/18, 15:17:06.029, 4230254004653, vstest.console.dll, AssemblyResolver.OnResolve: Microsoft.Diagnostics.NETCore.Client: Searching in: 'C:\Program Files\dotnet\sdk\7.0.202\Extensions'.
TpTrace Information: 0 : 15428, 1, 2023/04/18, 15:17:06.040, 4230254114218, vstest.console.dll, AssemblyResolver.OnResolve: Microsoft.Diagnostics.NETCore.Client: Loading assembly 'C:\Program Files\dotnet\sdk\7.0.202\Extensions\Microsoft.Diagnostics.NETCore.Client.dll'.
TpTrace Information: 0 : 15428, 1, 2023/04/18, 15:17:06.041, 4230254123159, vstest.console.dll, AssemblyResolver.OnResolve: Resolved assembly: Microsoft.Diagnostics.NETCore.Client, from path: C:\Program Files\dotnet\sdk\7.0.202\Extensions\Microsoft.Diagnostics.NETCore.Client.dll
TpTrace Verbose: 0 : 15428, 1, 2023/04/18, 15:17:06.043, 4230254142248, vstest.console.dll, MetadataReaderExtensionsHelper: Discovering extensions inside assembly 'Microsoft.Diagnostics.NETCore.Client, Version=0.2.6.42401, Culture=neutral, PublicKeyToken=31bf3856ad364e35' file path 'C:\Program Files\dotnet\sdk\7.0.202\Extensions\Microsoft.Diagnostics.NETCore.Client.dll'
TpTrace Information: 0 : 15428, 1, 2023/04/18, 15:17:06.049, 4230254206365, vstest.console.dll, AssemblyResolver.OnResolve: Microsoft.Bcl.AsyncInterfaces: Resolving assembly.
TpTrace Information: 0 : 15428, 1, 2023/04/18, 15:17:06.050, 4230254207641, vstest.console.dll, AssemblyResolver.OnResolve: Microsoft.Bcl.AsyncInterfaces: Searching in: 'C:\Program Files\dotnet\sdk\7.0.202\Extensions'.
TpTrace Information: 0 : 15428, 1, 2023/04/18, 15:17:06.050, 4230254209003, vstest.console.dll, AssemblyResolver.OnResolve: Microsoft.Bcl.AsyncInterfaces: Assembly path does not exist: 'C:\Program Files\dotnet\sdk\7.0.202\Extensions\Microsoft.Bcl.AsyncInterfaces.dll', returning.
TpTrace Information: 0 : 15428, 1, 2023/04/18, 15:17:06.050, 4230254210785, vstest.console.dll, AssemblyResolver.OnResolve: Microsoft.Bcl.AsyncInterfaces: Assembly path does not exist: 'C:\Program Files\dotnet\sdk\7.0.202\Extensions\Microsoft.Bcl.AsyncInterfaces.exe', returning.
TpTrace Information: 0 : 15428, 1, 2023/04/18, 15:17:06.050, 4230254211337, vstest.console.dll, AssemblyResolver.OnResolve: Microsoft.Bcl.AsyncInterfaces: Searching in: 'C:\Program Files\dotnet\sdk\7.0.202'.
TpTrace Information: 0 : 15428, 1, 2023/04/18, 15:17:06.050, 4230254212429, vstest.console.dll, AssemblyResolver.OnResolve: Microsoft.Bcl.AsyncInterfaces: Assembly path does not exist: 'C:\Program Files\dotnet\sdk\7.0.202\Microsoft.Bcl.AsyncInterfaces.dll', returning.
TpTrace Information: 0 : 15428, 1, 2023/04/18, 15:17:06.050, 4230254213479, vstest.console.dll, AssemblyResolver.OnResolve: Microsoft.Bcl.AsyncInterfaces: Assembly path does not exist: 'C:\Program Files\dotnet\sdk\7.0.202\Microsoft.Bcl.AsyncInterfaces.exe', returning.
TpTrace Information: 0 : 15428, 1, 2023/04/18, 15:17:06.050, 4230254214011, vstest.console.dll, AssemblyResolver.OnResolve: Microsoft.Bcl.AsyncInterfaces: Failed to load assembly.
TpTrace Verbose: 0 : 15428, 1, 2023/04/18, 15:17:06.050, 4230254214555, vstest.console.dll, CurrentDomainAssemblyResolve: Resolving assembly 'Microsoft.Bcl.AsyncInterfaces'.
TpTrace Information: 0 : 15428, 1, 2023/04/18, 15:17:06.050, 4230254215333, vstest.console.dll, AssemblyResolver.OnResolve: Microsoft.Bcl.AsyncInterfaces: Resolving assembly.
TpTrace Information: 0 : 15428, 1, 2023/04/18, 15:17:06.050, 4230254215926, vstest.console.dll, AssemblyResolver.OnResolve: Microsoft.Bcl.AsyncInterfaces: Resolved from cache.
TpTrace Verbose: 0 : 15428, 1, 2023/04/18, 15:17:06.050, 4230254216392, vstest.console.dll, CurrentDomainAssemblyResolve: Resolving assembly 'Microsoft.Bcl.AsyncInterfaces'.
TpTrace Verbose: 0 : 15428, 1, 2023/04/18, 15:17:06.051, 4230254216925, vstest.console.dll, CurrentDomainAssemblyResolve: Failed to resolve assembly 'Microsoft.Bcl.AsyncInterfaces'.
TpTrace Verbose: 0 : 15428, 1, 2023/04/18, 15:17:06.052, 4230254228789, vstest.console.dll, CurrentDomainAssemblyResolve: Failed to resolve assembly 'Microsoft.Bcl.AsyncInterfaces'.
TpTrace Warning: 0 : 15428, 1, 2023/04/18, 15:17:06.061, 4230254318448, vstest.console.dll, TestPluginDiscoverer: Failed to get types from assembly 'Microsoft.Diagnostics.NETCore.Client, Version=0.2.6.42401, Culture=neutral, PublicKeyToken=31bf3856ad364e35'. Error: System.Reflection.ReflectionTypeLoadException: Unable to load one or more of the requested types.
Could not load file or assembly 'Microsoft.Bcl.AsyncInterfaces, Version=1.0.0.0, Culture=neutral, PublicKeyToken=cc7b13ffcd2ddd51'. The system cannot find the file specified.
   at System.Reflection.RuntimeModule.GetTypes(RuntimeModule module)
   at System.Reflection.Assembly.GetTypes()
   at Microsoft.VisualStudio.TestPlatform.Common.ExtensionFramework.TestPluginDiscoverer.GetTestExtensionsFromAssembly[TPluginInfo,TExtension](Assembly assembly, Dictionary`2 pluginInfos, String filePath)
System.IO.FileNotFoundException: Could not load file or assembly 'Microsoft.Bcl.AsyncInterfaces, Version=1.0.0.0, Culture=neutral, PublicKeyToken=cc7b13ffcd2ddd51'. The system cannot find the file specified.
File name: 'Microsoft.Bcl.AsyncInterfaces, Version=1.0.0.0, Culture=neutral, PublicKeyToken=cc7b13ffcd2ddd51'
 ---> System.IO.FileNotFoundException: Could not load file or assembly 'Microsoft.Bcl.AsyncInterfaces, Culture=neutral, PublicKeyToken=null'. The system cannot find the file specified.
File name: 'Microsoft.Bcl.AsyncInterfaces, Culture=neutral, PublicKeyToken=null'
   at System.Reflection.RuntimeAssembly.InternalLoad(AssemblyName assemblyName, StackCrawlMark& stackMark, AssemblyLoadContext assemblyLoadContext, RuntimeAssembly requestingAssembly, Boolean throwOnFileNotFound)
   at System.Reflection.Assembly.Load(AssemblyName assemblyRef)
   at Microsoft.VisualStudio.TestPlatform.Common.ExtensionFramework.TestPluginCache.CurrentDomainAssemblyResolve(Object sender, AssemblyResolveEventArgs args)
   at System.Runtime.Loader.AssemblyLoadContext.GetFirstResolvedAssemblyFromResolvingEvent(AssemblyName assemblyName)
   at System.Runtime.Loader.AssemblyLoadContext.ResolveUsingEvent(AssemblyName assemblyName)
   at System.Runtime.Loader.AssemblyLoadContext.ResolveUsingResolvingEvent(IntPtr gchManagedAssemblyLoadContext, AssemblyName assemblyName)
TpTrace Warning: 0 : 15428, 1, 2023/04/18, 15:17:06.061, 4230254324535, vstest.console.dll, LoaderExceptions: System.IO.FileNotFoundException: Could not load file or assembly 'Microsoft.Bcl.AsyncInterfaces, Version=1.0.0.0, Culture=neutral, PublicKeyToken=cc7b13ffcd2ddd51'. The system cannot find the file specified.
File name: 'Microsoft.Bcl.AsyncInterfaces, Version=1.0.0.0, Culture=neutral, PublicKeyToken=cc7b13ffcd2ddd51'
 ---> System.IO.FileNotFoundException: Could not load file or assembly 'Microsoft.Bcl.AsyncInterfaces, Culture=neutral, PublicKeyToken=null'. The system cannot find the file specified.
File name: 'Microsoft.Bcl.AsyncInterfaces, Culture=neutral, PublicKeyToken=null'
   at System.Reflection.RuntimeAssembly.InternalLoad(AssemblyName assemblyName, StackCrawlMark& stackMark, AssemblyLoadContext assemblyLoadContext, RuntimeAssembly requestingAssembly, Boolean throwOnFileNotFound)
   at System.Reflection.Assembly.Load(AssemblyName assemblyRef)
   at Microsoft.VisualStudio.TestPlatform.Common.ExtensionFramework.TestPluginCache.CurrentDomainAssemblyResolve(Object sender, AssemblyResolveEventArgs args)
   at System.Runtime.Loader.AssemblyLoadContext.GetFirstResolvedAssemblyFromResolvingEvent(AssemblyName assemblyName)
   at System.Runtime.Loader.AssemblyLoadContext.ResolveUsingEvent(AssemblyName assemblyName)
   at System.Runtime.Loader.AssemblyLoadContext.ResolveUsingResolvingEvent(IntPtr gchManagedAssemblyLoadContext, AssemblyName assemblyName)
TpTrace Information: 0 : 15428, 1, 2023/04/18, 15:17:06.062, 4230254327075, vstest.console.dll, AssemblyResolver.OnResolve: Microsoft.TestPlatform.Extensions.BlameDataCollector: Resolving assembly.
TpTrace Information: 0 : 15428, 1, 2023/04/18, 15:17:06.062, 4230254327940, vstest.console.dll, AssemblyResolver.OnResolve: Microsoft.TestPlatform.Extensions.BlameDataCollector: Searching in: 'C:\Program Files\dotnet\sdk\7.0.202\Extensions'.
TpTrace Information: 0 : 15428, 1, 2023/04/18, 15:17:06.062, 4230254332892, vstest.console.dll, AssemblyResolver.OnResolve: Microsoft.TestPlatform.Extensions.BlameDataCollector: Loading assembly 'C:\Program Files\dotnet\sdk\7.0.202\Extensions\Microsoft.TestPlatform.Extensions.BlameDataCollector.dll'.
TpTrace Information: 0 : 15428, 1, 2023/04/18, 15:17:06.063, 4230254339301, vstest.console.dll, AssemblyResolver.OnResolve: Resolved assembly: Microsoft.TestPlatform.Extensions.BlameDataCollector, from path: C:\Program Files\dotnet\sdk\7.0.202\Extensions\Microsoft.TestPlatform.Extensions.BlameDataCollector.dll
TpTrace Verbose: 0 : 15428, 1, 2023/04/18, 15:17:06.063, 4230254340690, vstest.console.dll, MetadataReaderExtensionsHelper: Discovering extensions inside assembly 'Microsoft.TestPlatform.Extensions.BlameDataCollector, Version=15.0.0.0, Culture=neutral, PublicKeyToken=b03f5f7f11d50a3a' file path 'C:\Program Files\dotnet\sdk\7.0.202\Extensions\Microsoft.TestPlatform.Extensions.BlameDataCollector.dll'
TpTrace Information: 0 : 15428, 1, 2023/04/18, 15:17:06.065, 4230254363124, vstest.console.dll, AssemblyResolver.OnResolve: Microsoft.TestPlatform.Extensions.EventLogCollector: Resolving assembly.
TpTrace Information: 0 : 15428, 1, 2023/04/18, 15:17:06.065, 4230254364510, vstest.console.dll, AssemblyResolver.OnResolve: Microsoft.TestPlatform.Extensions.EventLogCollector: Searching in: 'C:\Program Files\dotnet\sdk\7.0.202\Extensions'.
TpTrace Information: 0 : 15428, 1, 2023/04/18, 15:17:06.066, 4230254368313, vstest.console.dll, AssemblyResolver.OnResolve: Microsoft.TestPlatform.Extensions.EventLogCollector: Loading assembly 'C:\Program Files\dotnet\sdk\7.0.202\Extensions\Microsoft.TestPlatform.Extensions.EventLogCollector.dll'.
TpTrace Information: 0 : 15428, 1, 2023/04/18, 15:17:06.066, 4230254373611, vstest.console.dll, AssemblyResolver.OnResolve: Resolved assembly: Microsoft.TestPlatform.Extensions.EventLogCollector, from path: C:\Program Files\dotnet\sdk\7.0.202\Extensions\Microsoft.TestPlatform.Extensions.EventLogCollector.dll
TpTrace Verbose: 0 : 15428, 1, 2023/04/18, 15:17:06.066, 4230254374855, vstest.console.dll, MetadataReaderExtensionsHelper: Discovering extensions inside assembly 'Microsoft.TestPlatform.Extensions.EventLogCollector, Version=15.0.0.0, Culture=neutral, PublicKeyToken=b03f5f7f11d50a3a' file path 'C:\Program Files\dotnet\sdk\7.0.202\Extensions\Microsoft.TestPlatform.Extensions.EventLogCollector.dll'
TpTrace Information: 0 : 15428, 1, 2023/04/18, 15:17:06.069, 4230254397391, vstest.console.dll, AssemblyResolver.OnResolve: Microsoft.TestPlatform.TestHostRuntimeProvider: Resolving assembly.
TpTrace Information: 0 : 15428, 1, 2023/04/18, 15:17:06.069, 4230254398675, vstest.console.dll, AssemblyResolver.OnResolve: Microsoft.TestPlatform.TestHostRuntimeProvider: Searching in: 'C:\Program Files\dotnet\sdk\7.0.202\Extensions'.
TpTrace Information: 0 : 15428, 1, 2023/04/18, 15:17:06.069, 4230254402595, vstest.console.dll, AssemblyResolver.OnResolve: Microsoft.TestPlatform.TestHostRuntimeProvider: Loading assembly 'C:\Program Files\dotnet\sdk\7.0.202\Extensions\Microsoft.TestPlatform.TestHostRuntimeProvider.dll'.
TpTrace Information: 0 : 15428, 1, 2023/04/18, 15:17:06.070, 4230254407519, vstest.console.dll, AssemblyResolver.OnResolve: Resolved assembly: Microsoft.TestPlatform.TestHostRuntimeProvider, from path: C:\Program Files\dotnet\sdk\7.0.202\Extensions\Microsoft.TestPlatform.TestHostRuntimeProvider.dll
TpTrace Verbose: 0 : 15428, 1, 2023/04/18, 15:17:06.070, 4230254408383, vstest.console.dll, MetadataReaderExtensionsHelper: Discovering extensions inside assembly 'Microsoft.TestPlatform.TestHostRuntimeProvider, Version=15.0.0.0, Culture=neutral, PublicKeyToken=b03f5f7f11d50a3a' file path 'C:\Program Files\dotnet\sdk\7.0.202\Extensions\Microsoft.TestPlatform.TestHostRuntimeProvider.dll'
TpTrace Information: 0 : 15428, 1, 2023/04/18, 15:17:06.071, 4230254426103, vstest.console.dll, GetTestExtensionFromType: Register extension with identifier data 'HostProvider://DefaultTestHost' and type 'Microsoft.VisualStudio.TestPlatform.CrossPlatEngine.Hosting.DefaultTestHostManager, Microsoft.TestPlatform.TestHostRuntimeProvider, Version=15.0.0.0, Culture=neutral, PublicKeyToken=b03f5f7f11d50a3a' inside file 'C:\Program Files\dotnet\sdk\7.0.202\Extensions\Microsoft.TestPlatform.TestHostRuntimeProvider.dll'
TpTrace Information: 0 : 15428, 1, 2023/04/18, 15:17:06.072, 4230254428985, vstest.console.dll, GetTestExtensionFromType: Register extension with identifier data 'HostProvider://DotnetTestHost' and type 'Microsoft.VisualStudio.TestPlatform.CrossPlatEngine.Hosting.DotnetTestHostManager, Microsoft.TestPlatform.TestHostRuntimeProvider, Version=15.0.0.0, Culture=neutral, PublicKeyToken=b03f5f7f11d50a3a' inside file 'C:\Program Files\dotnet\sdk\7.0.202\Extensions\Microsoft.TestPlatform.TestHostRuntimeProvider.dll'
TpTrace Information: 0 : 15428, 1, 2023/04/18, 15:17:06.072, 4230254429977, vstest.console.dll, AssemblyResolver.OnResolve: Microsoft.VisualStudio.TestPlatform.Extensions.Html.TestLogger: Resolving assembly.
TpTrace Information: 0 : 15428, 1, 2023/04/18, 15:17:06.072, 4230254430691, vstest.console.dll, AssemblyResolver.OnResolve: Microsoft.VisualStudio.TestPlatform.Extensions.Html.TestLogger: Searching in: 'C:\Program Files\dotnet\sdk\7.0.202\Extensions'.
TpTrace Information: 0 : 15428, 1, 2023/04/18, 15:17:06.072, 4230254434767, vstest.console.dll, AssemblyResolver.OnResolve: Microsoft.VisualStudio.TestPlatform.Extensions.Html.TestLogger: Loading assembly 'C:\Program Files\dotnet\sdk\7.0.202\Extensions\Microsoft.VisualStudio.TestPlatform.Extensions.Html.TestLogger.dll'.
TpTrace Information: 0 : 15428, 1, 2023/04/18, 15:17:06.073, 4230254439664, vstest.console.dll, AssemblyResolver.OnResolve: Resolved assembly: Microsoft.VisualStudio.TestPlatform.Extensions.Html.TestLogger, from path: C:\Program Files\dotnet\sdk\7.0.202\Extensions\Microsoft.VisualStudio.TestPlatform.Extensions.Html.TestLogger.dll
TpTrace Verbose: 0 : 15428, 1, 2023/04/18, 15:17:06.073, 4230254440531, vstest.console.dll, MetadataReaderExtensionsHelper: Discovering extensions inside assembly 'Microsoft.VisualStudio.TestPlatform.Extensions.Html.TestLogger, Version=15.0.0.0, Culture=neutral, PublicKeyToken=b03f5f7f11d50a3a' file path 'C:\Program Files\dotnet\sdk\7.0.202\Extensions\Microsoft.VisualStudio.TestPlatform.Extensions.Html.TestLogger.dll'
TpTrace Information: 0 : 15428, 1, 2023/04/18, 15:17:06.074, 4230254450843, vstest.console.dll, AssemblyResolver.OnResolve: Microsoft.VisualStudio.TestPlatform.Extensions.Trx.TestLogger: Resolving assembly.
TpTrace Information: 0 : 15428, 1, 2023/04/18, 15:17:06.074, 4230254452378, vstest.console.dll, AssemblyResolver.OnResolve: Microsoft.VisualStudio.TestPlatform.Extensions.Trx.TestLogger: Searching in: 'C:\Program Files\dotnet\sdk\7.0.202\Extensions'.
TpTrace Information: 0 : 15428, 1, 2023/04/18, 15:17:06.075, 4230254456614, vstest.console.dll, AssemblyResolver.OnResolve: Microsoft.VisualStudio.TestPlatform.Extensions.Trx.TestLogger: Loading assembly 'C:\Program Files\dotnet\sdk\7.0.202\Extensions\Microsoft.VisualStudio.TestPlatform.Extensions.Trx.TestLogger.dll'.
TpTrace Information: 0 : 15428, 1, 2023/04/18, 15:17:06.075, 4230254462195, vstest.console.dll, AssemblyResolver.OnResolve: Resolved assembly: Microsoft.VisualStudio.TestPlatform.Extensions.Trx.TestLogger, from path: C:\Program Files\dotnet\sdk\7.0.202\Extensions\Microsoft.VisualStudio.TestPlatform.Extensions.Trx.TestLogger.dll
TpTrace Verbose: 0 : 15428, 1, 2023/04/18, 15:17:06.075, 4230254463030, vstest.console.dll, MetadataReaderExtensionsHelper: Discovering extensions inside assembly 'Microsoft.VisualStudio.TestPlatform.Extensions.Trx.TestLogger, Version=15.0.0.0, Culture=neutral, PublicKeyToken=b03f5f7f11d50a3a' file path 'C:\Program Files\dotnet\sdk\7.0.202\Extensions\Microsoft.VisualStudio.TestPlatform.Extensions.Trx.TestLogger.dll'
TpTrace Verbose: 0 : 15428, 1, 2023/04/18, 15:17:06.076, 4230254474518, vstest.console.dll, TestPluginCache: Discovered the extensions using extension path ''.
TpTrace Verbose: 0 : 15428, 1, 2023/04/18, 15:17:06.076, 4230254475499, vstest.console.dll, TestPluginCache: Discoverers are ''.
TpTrace Verbose: 0 : 15428, 1, 2023/04/18, 15:17:06.076, 4230254475964, vstest.console.dll, TestPluginCache: Executors are ''.
TpTrace Verbose: 0 : 15428, 1, 2023/04/18, 15:17:06.076, 4230254476411, vstest.console.dll, TestPluginCache: Executors2 are ''.
TpTrace Verbose: 0 : 15428, 1, 2023/04/18, 15:17:06.077, 4230254476813, vstest.console.dll, TestPluginCache: Setting providers are ''.
TpTrace Verbose: 0 : 15428, 1, 2023/04/18, 15:17:06.077, 4230254477209, vstest.console.dll, TestPluginCache: Loggers are ''.
TpTrace Verbose: 0 : 15428, 1, 2023/04/18, 15:17:06.077, 4230254478625, vstest.console.dll, TestPluginCache: TestHosts are 'HostProvider://DefaultTestHost,HostProvider://DotnetTestHost'.
TpTrace Verbose: 0 : 15428, 1, 2023/04/18, 15:17:06.077, 4230254479140, vstest.console.dll, TestPluginCache: DataCollectors are ''.
TpTrace Information: 0 : 15428, 1, 2023/04/18, 15:17:06.087, 4230254578060, vstest.console.dll, RunTestsArgumentProcessor:Execute: Test run is starting.
TpTrace Verbose: 0 : 15428, 1, 2023/04/18, 15:17:06.087, 4230254582712, vstest.console.dll, RunTestsArgumentProcessor:Execute: Queuing Test run.
TpTrace Information: 0 : 15428, 1, 2023/04/18, 15:17:06.088, 4230254588056, vstest.console.dll, TestRequestManager.RunTests: run tests started.
TpTrace Information: 0 : 15428, 1, 2023/04/18, 15:17:06.112, 4230254831218, vstest.console.dll, AssemblyMetadataProvider.GetFrameworkName: Determined framework:'.NETCoreApp,Version=v6.0' for source: 'C:\Users\raddk\source\repos\Team-Bandits\SeleniumExersice1\SeleniumExersice1\bin\Debug\net6.0\fine-code-coverage\build-output\SeleniumExersice1.dll'
TpTrace Information: 0 : 15428, 1, 2023/04/18, 15:17:06.112, 4230254834571, vstest.console.dll, Determined framework for all sources: .NETCoreApp,Version=v6.0
TpTrace Verbose: 0 : 15428, 1, 2023/04/18, 15:17:06.113, 4230254839667, vstest.console.dll, TestRequestManager.UpdateRunSettingsIfRequired: Default architecture: X64 IsDefaultTargetArchitecture: True, Current process architecture: X64 OperatingSystem: Windows.
TpTrace Information: 0 : 15428, 1, 2023/04/18, 15:17:06.115, 4230254858277, vstest.console.dll, AssemblyMetadataProvider.GetArchitecture: Determined architecture:AnyCPU info for assembly: C:\Users\raddk\source\repos\Team-Bandits\SeleniumExersice1\SeleniumExersice1\bin\Debug\net6.0\fine-code-coverage\build-output\SeleniumExersice1.dll
TpTrace Information: 0 : 15428, 1, 2023/04/18, 15:17:06.115, 4230254859336, vstest.console.dll, Determined platform for source 'C:\Users\raddk\source\repos\Team-Bandits\SeleniumExersice1\SeleniumExersice1\bin\Debug\net6.0\fine-code-coverage\build-output\SeleniumExersice1.dll' was AnyCPU and it will use the default plaform X64.
TpTrace Information: 0 : 15428, 1, 2023/04/18, 15:17:06.115, 4230254859885, vstest.console.dll, None of the sources provided any runnable platform, using the default platform: X64
TpTrace Information: 0 : 15428, 1, 2023/04/18, 15:17:06.115, 4230254860974, vstest.console.dll, Platform was updated to 'X64'.
TpTrace Information: 0 : 15428, 1, 2023/04/18, 15:17:06.118, 4230254894362, vstest.console.dll, InferRunSettingsHelper.IsTestSettingsEnabled: Unable to navigate to RunSettings/MSTest. Current node: RunSettings
TpTrace Information: 0 : 15428, 1, 2023/04/18, 15:17:06.119, 4230254901268, vstest.console.dll, AssemblyResolver.OnResolve: Microsoft.VisualStudio.TestPlatform.Fakes: Resolving assembly.
TpTrace Information: 0 : 15428, 1, 2023/04/18, 15:17:06.119, 4230254902217, vstest.console.dll, AssemblyResolver.OnResolve: Microsoft.VisualStudio.TestPlatform.Fakes: Searching in: 'C:\Program Files\dotnet\sdk\7.0.202\Extensions'.
TpTrace Information: 0 : 15428, 1, 2023/04/18, 15:17:06.119, 4230254903812, vstest.console.dll, AssemblyResolver.OnResolve: Microsoft.VisualStudio.TestPlatform.Fakes: Assembly path does not exist: 'C:\Program Files\dotnet\sdk\7.0.202\Extensions\Microsoft.VisualStudio.TestPlatform.Fakes.dll', returning.
TpTrace Information: 0 : 15428, 1, 2023/04/18, 15:17:06.119, 4230254904974, vstest.console.dll, AssemblyResolver.OnResolve: Microsoft.VisualStudio.TestPlatform.Fakes: Assembly path does not exist: 'C:\Program Files\dotnet\sdk\7.0.202\Extensions\Microsoft.VisualStudio.TestPlatform.Fakes.exe', returning.
TpTrace Information: 0 : 15428, 1, 2023/04/18, 15:17:06.119, 4230254905483, vstest.console.dll, AssemblyResolver.OnResolve: Microsoft.VisualStudio.TestPlatform.Fakes: Searching in: 'C:\Program Files\dotnet\sdk\7.0.202'.
TpTrace Information: 0 : 15428, 1, 2023/04/18, 15:17:06.120, 4230254906563, vstest.console.dll, AssemblyResolver.OnResolve: Microsoft.VisualStudio.TestPlatform.Fakes: Assembly path does not exist: 'C:\Program Files\dotnet\sdk\7.0.202\Microsoft.VisualStudio.TestPlatform.Fakes.dll', returning.
TpTrace Information: 0 : 15428, 1, 2023/04/18, 15:17:06.120, 4230254907749, vstest.console.dll, AssemblyResolver.OnResolve: Microsoft.VisualStudio.TestPlatform.Fakes: Assembly path does not exist: 'C:\Program Files\dotnet\sdk\7.0.202\Microsoft.VisualStudio.TestPlatform.Fakes.exe', returning.
TpTrace Information: 0 : 15428, 1, 2023/04/18, 15:17:06.120, 4230254908225, vstest.console.dll, AssemblyResolver.OnResolve: Microsoft.VisualStudio.TestPlatform.Fakes: Failed to load assembly.
TpTrace Information: 0 : 15428, 1, 2023/04/18, 15:17:06.120, 4230254910754, vstest.console.dll, Failed to load assembly Microsoft.VisualStudio.TestPlatform.Fakes, Version=17.0.0.0, Culture=neutral. Reason:System.IO.FileNotFoundException: Could not load file or assembly 'Microsoft.VisualStudio.TestPlatform.Fakes, Version=17.0.0.0, Culture=neutral, PublicKeyToken=null'. The system cannot find the file specified.
File name: 'Microsoft.VisualStudio.TestPlatform.Fakes, Version=17.0.0.0, Culture=neutral, PublicKeyToken=null'
   at System.Reflection.RuntimeAssembly.InternalLoad(AssemblyName assemblyName, StackCrawlMark& stackMark, AssemblyLoadContext assemblyLoadContext, RuntimeAssembly requestingAssembly, Boolean throwOnFileNotFound)
   at System.Reflection.Assembly.Load(AssemblyName assemblyRef)
   at Microsoft.VisualStudio.TestPlatform.Common.Utilities.FakesUtilities.LoadTestPlatformAssembly()
TpTrace Verbose: 0 : 15428, 1, 2023/04/18, 15:17:06.125, 4230254966210, vstest.console.dll, TestPluginCache.DiscoverTestExtensions: finding test extensions in assemblies ends with: TestLogger.dll TPluginInfo: Microsoft.VisualStudio.TestPlatform.Common.ExtensionFramework.Utilities.TestLoggerPluginInformation TExtension: Microsoft.VisualStudio.TestPlatform.ObjectModel.Client.ITestLogger
TpTrace Verbose: 0 : 15428, 1, 2023/04/18, 15:17:06.126, 4230254967606, vstest.console.dll, TestPluginCache.GetExtensionPaths: Filtered extension paths: 
TpTrace Verbose: 0 : 15428, 1, 2023/04/18, 15:17:06.126, 4230254968162, vstest.console.dll, TestPluginCache.GetExtensionPaths: Added default extension paths: C:\Program Files\dotnet\sdk\7.0.202\Extensions\Microsoft.Diagnostics.NETCore.Client.dll
C:\Program Files\dotnet\sdk\7.0.202\Extensions\Microsoft.TestPlatform.Extensions.BlameDataCollector.dll
C:\Program Files\dotnet\sdk\7.0.202\Extensions\Microsoft.TestPlatform.Extensions.EventLogCollector.dll
C:\Program Files\dotnet\sdk\7.0.202\Extensions\Microsoft.TestPlatform.TestHostRuntimeProvider.dll
C:\Program Files\dotnet\sdk\7.0.202\Extensions\Microsoft.VisualStudio.TestPlatform.Extensions.Html.TestLogger.dll
C:\Program Files\dotnet\sdk\7.0.202\Extensions\Microsoft.VisualStudio.TestPlatform.Extensions.Trx.TestLogger.dll
TpTrace Verbose: 0 : 15428, 1, 2023/04/18, 15:17:06.126, 4230254968653, vstest.console.dll, TestPluginCache.GetExtensionPaths: Added unfilterableExtensionPaths: 
TpTrace Information: 0 : 15428, 1, 2023/04/18, 15:17:06.126, 4230254970533, vstest.console.dll, AssemblyResolver.AddSearchDirectories: Adding more searchDirectories C:\Program Files\dotnet\sdk\7.0.202\Extensions,C:\Program Files\dotnet\sdk\7.0.202
TpTrace Verbose: 0 : 15428, 1, 2023/04/18, 15:17:06.126, 4230254971106, vstest.console.dll, TestPluginCache.DiscoverTestExtensions: Discovering the extensions using extension path.
TpTrace Verbose: 0 : 15428, 1, 2023/04/18, 15:17:06.126, 4230254971584, vstest.console.dll, TestPluginCache.GetExtensionPaths: Filtered extension paths: 
TpTrace Verbose: 0 : 15428, 1, 2023/04/18, 15:17:06.126, 4230254972033, vstest.console.dll, TestPluginCache.GetExtensionPaths: Added default extension paths: C:\Program Files\dotnet\sdk\7.0.202\Extensions\Microsoft.Diagnostics.NETCore.Client.dll
C:\Program Files\dotnet\sdk\7.0.202\Extensions\Microsoft.TestPlatform.Extensions.BlameDataCollector.dll
C:\Program Files\dotnet\sdk\7.0.202\Extensions\Microsoft.TestPlatform.Extensions.EventLogCollector.dll
C:\Program Files\dotnet\sdk\7.0.202\Extensions\Microsoft.TestPlatform.TestHostRuntimeProvider.dll
C:\Program Files\dotnet\sdk\7.0.202\Extensions\Microsoft.VisualStudio.TestPlatform.Extensions.Html.TestLogger.dll
C:\Program Files\dotnet\sdk\7.0.202\Extensions\Microsoft.VisualStudio.TestPlatform.Extensions.Trx.TestLogger.dll
TpTrace Verbose: 0 : 15428, 1, 2023/04/18, 15:17:06.126, 4230254972465, vstest.console.dll, TestPluginCache.GetExtensionPaths: Added unfilterableExtensionPaths: 
TpTrace Verbose: 0 : 15428, 1, 2023/04/18, 15:17:06.126, 4230254972894, vstest.console.dll, TestPluginCache.DiscoverTestExtensions: Discovering the extensions using allExtensionPaths: C:\Program Files\dotnet\sdk\7.0.202\Extensions\Microsoft.Diagnostics.NETCore.Client.dll
C:\Program Files\dotnet\sdk\7.0.202\Extensions\Microsoft.TestPlatform.Extensions.BlameDataCollector.dll
C:\Program Files\dotnet\sdk\7.0.202\Extensions\Microsoft.TestPlatform.Extensions.EventLogCollector.dll
C:\Program Files\dotnet\sdk\7.0.202\Extensions\Microsoft.TestPlatform.TestHostRuntimeProvider.dll
C:\Program Files\dotnet\sdk\7.0.202\Extensions\Microsoft.VisualStudio.TestPlatform.Extensions.Html.TestLogger.dll
C:\Program Files\dotnet\sdk\7.0.202\Extensions\Microsoft.VisualStudio.TestPlatform.Extensions.Trx.TestLogger.dll
TpTrace Information: 0 : 15428, 1, 2023/04/18, 15:17:06.126, 4230254974032, vstest.console.dll, AssemblyResolver.AddSearchDirectories: Adding more searchDirectories C:\Program Files\dotnet\sdk\7.0.202\Extensions,C:\Program Files\dotnet\sdk\7.0.202
TpTrace Information: 0 : 15428, 1, 2023/04/18, 15:17:06.126, 4230254974609, vstest.console.dll, AssemblyResolver.AddSearchDirectories: Adding more searchDirectories C:\Program Files\dotnet\sdk\7.0.202\Extensions,C:\Program Files\dotnet\sdk\7.0.202
TpTrace Information: 0 : 15428, 1, 2023/04/18, 15:17:06.126, 4230254975086, vstest.console.dll, AssemblyResolver.AddSearchDirectories: Adding more searchDirectories C:\Program Files\dotnet\sdk\7.0.202\Extensions,C:\Program Files\dotnet\sdk\7.0.202
TpTrace Information: 0 : 15428, 1, 2023/04/18, 15:17:06.126, 4230254975529, vstest.console.dll, AssemblyResolver.AddSearchDirectories: Adding more searchDirectories C:\Program Files\dotnet\sdk\7.0.202\Extensions,C:\Program Files\dotnet\sdk\7.0.202
TpTrace Information: 0 : 15428, 1, 2023/04/18, 15:17:06.126, 4230254975963, vstest.console.dll, AssemblyResolver.AddSearchDirectories: Adding more searchDirectories C:\Program Files\dotnet\sdk\7.0.202\Extensions,C:\Program Files\dotnet\sdk\7.0.202
TpTrace Information: 0 : 15428, 1, 2023/04/18, 15:17:06.126, 4230254976403, vstest.console.dll, AssemblyResolver.AddSearchDirectories: Adding more searchDirectories C:\Program Files\dotnet\sdk\7.0.202\Extensions,C:\Program Files\dotnet\sdk\7.0.202
TpTrace Verbose: 0 : 15428, 1, 2023/04/18, 15:17:06.127, 4230254977573, vstest.console.dll, MetadataReaderExtensionsHelper: Discovering extensions inside assembly 'Microsoft.Diagnostics.NETCore.Client, Version=0.2.6.42401, Culture=neutral, PublicKeyToken=31bf3856ad364e35' file path 'C:\Program Files\dotnet\sdk\7.0.202\Extensions\Microsoft.Diagnostics.NETCore.Client.dll'
TpTrace Information: 0 : 15428, 1, 2023/04/18, 15:17:06.127, 4230254982705, vstest.console.dll, AssemblyResolver.OnResolve: Microsoft.Bcl.AsyncInterfaces: Resolving assembly.
TpTrace Information: 0 : 15428, 1, 2023/04/18, 15:17:06.127, 4230254983347, vstest.console.dll, AssemblyResolver.OnResolve: Microsoft.Bcl.AsyncInterfaces: Resolved from cache.
TpTrace Verbose: 0 : 15428, 1, 2023/04/18, 15:17:06.127, 4230254983787, vstest.console.dll, CurrentDomainAssemblyResolve: Resolving assembly 'Microsoft.Bcl.AsyncInterfaces'.
TpTrace Information: 0 : 15428, 1, 2023/04/18, 15:17:06.127, 4230254984372, vstest.console.dll, AssemblyResolver.OnResolve: Microsoft.Bcl.AsyncInterfaces: Resolving assembly.
TpTrace Information: 0 : 15428, 1, 2023/04/18, 15:17:06.127, 4230254984806, vstest.console.dll, AssemblyResolver.OnResolve: Microsoft.Bcl.AsyncInterfaces: Resolved from cache.
TpTrace Verbose: 0 : 15428, 1, 2023/04/18, 15:17:06.127, 4230254985216, vstest.console.dll, CurrentDomainAssemblyResolve: Resolving assembly 'Microsoft.Bcl.AsyncInterfaces'.
TpTrace Verbose: 0 : 15428, 1, 2023/04/18, 15:17:06.127, 4230254985624, vstest.console.dll, CurrentDomainAssemblyResolve: Failed to resolve assembly 'Microsoft.Bcl.AsyncInterfaces'.
TpTrace Verbose: 0 : 15428, 1, 2023/04/18, 15:17:06.128, 4230254987210, vstest.console.dll, CurrentDomainAssemblyResolve: Failed to resolve assembly 'Microsoft.Bcl.AsyncInterfaces'.
TpTrace Warning: 0 : 15428, 1, 2023/04/18, 15:17:06.128, 4230254990748, vstest.console.dll, TestPluginDiscoverer: Failed to get types from assembly 'Microsoft.Diagnostics.NETCore.Client, Version=0.2.6.42401, Culture=neutral, PublicKeyToken=31bf3856ad364e35'. Error: System.Reflection.ReflectionTypeLoadException: Unable to load one or more of the requested types.
Could not load file or assembly 'Microsoft.Bcl.AsyncInterfaces, Version=1.0.0.0, Culture=neutral, PublicKeyToken=cc7b13ffcd2ddd51'. The system cannot find the file specified.
   at System.Reflection.RuntimeModule.GetTypes(RuntimeModule module)
   at System.Reflection.Assembly.GetTypes()
   at Microsoft.VisualStudio.TestPlatform.Common.ExtensionFramework.TestPluginDiscoverer.GetTestExtensionsFromAssembly[TPluginInfo,TExtension](Assembly assembly, Dictionary`2 pluginInfos, String filePath)
System.IO.FileNotFoundException: Could not load file or assembly 'Microsoft.Bcl.AsyncInterfaces, Version=1.0.0.0, Culture=neutral, PublicKeyToken=cc7b13ffcd2ddd51'. The system cannot find the file specified.
File name: 'Microsoft.Bcl.AsyncInterfaces, Version=1.0.0.0, Culture=neutral, PublicKeyToken=cc7b13ffcd2ddd51'
 ---> System.IO.FileNotFoundException: Could not load file or assembly 'Microsoft.Bcl.AsyncInterfaces, Culture=neutral, PublicKeyToken=null'. The system cannot find the file specified.
File name: 'Microsoft.Bcl.AsyncInterfaces, Culture=neutral, PublicKeyToken=null'
   at System.Reflection.RuntimeAssembly.InternalLoad(AssemblyName assemblyName, StackCrawlMark& stackMark, AssemblyLoadContext assemblyLoadContext, RuntimeAssembly requestingAssembly, Boolean throwOnFileNotFound)
   at System.Reflection.Assembly.Load(AssemblyName assemblyRef)
   at Microsoft.VisualStudio.TestPlatform.Common.ExtensionFramework.TestPluginCache.CurrentDomainAssemblyResolve(Object sender, AssemblyResolveEventArgs args)
   at System.Runtime.Loader.AssemblyLoadContext.GetFirstResolvedAssemblyFromResolvingEvent(AssemblyName assemblyName)
   at System.Runtime.Loader.AssemblyLoadContext.ResolveUsingEvent(AssemblyName assemblyName)
   at System.Runtime.Loader.AssemblyLoadContext.ResolveUsingResolvingEvent(IntPtr gchManagedAssemblyLoadContext, AssemblyName assemblyName)
TpTrace Warning: 0 : 15428, 1, 2023/04/18, 15:17:06.128, 4230254992872, vstest.console.dll, LoaderExceptions: System.IO.FileNotFoundException: Could not load file or assembly 'Microsoft.Bcl.AsyncInterfaces, Version=1.0.0.0, Culture=neutral, PublicKeyToken=cc7b13ffcd2ddd51'. The system cannot find the file specified.
File name: 'Microsoft.Bcl.AsyncInterfaces, Version=1.0.0.0, Culture=neutral, PublicKeyToken=cc7b13ffcd2ddd51'
 ---> System.IO.FileNotFoundException: Could not load file or assembly 'Microsoft.Bcl.AsyncInterfaces, Culture=neutral, PublicKeyToken=null'. The system cannot find the file specified.
File name: 'Microsoft.Bcl.AsyncInterfaces, Culture=neutral, PublicKeyToken=null'
   at System.Reflection.RuntimeAssembly.InternalLoad(AssemblyName assemblyName, StackCrawlMark& stackMark, AssemblyLoadContext assemblyLoadContext, RuntimeAssembly requestingAssembly, Boolean throwOnFileNotFound)
   at System.Reflection.Assembly.Load(AssemblyName assemblyRef)
   at Microsoft.VisualStudio.TestPlatform.Common.ExtensionFramework.TestPluginCache.CurrentDomainAssemblyResolve(Object sender, AssemblyResolveEventArgs args)
   at System.Runtime.Loader.AssemblyLoadContext.GetFirstResolvedAssemblyFromResolvingEvent(AssemblyName assemblyName)
   at System.Runtime.Loader.AssemblyLoadContext.ResolveUsingEvent(AssemblyName assemblyName)
   at System.Runtime.Loader.AssemblyLoadContext.ResolveUsingResolvingEvent(IntPtr gchManagedAssemblyLoadContext, AssemblyName assemblyName)
TpTrace Verbose: 0 : 15428, 1, 2023/04/18, 15:17:06.128, 4230254993793, vstest.console.dll, MetadataReaderExtensionsHelper: Discovering extensions inside assembly 'Microsoft.TestPlatform.Extensions.BlameDataCollector, Version=15.0.0.0, Culture=neutral, PublicKeyToken=b03f5f7f11d50a3a' file path 'C:\Program Files\dotnet\sdk\7.0.202\Extensions\Microsoft.TestPlatform.Extensions.BlameDataCollector.dll'
TpTrace Information: 0 : 15428, 1, 2023/04/18, 15:17:06.129, 4230254998698, vstest.console.dll, GetTestExtensionFromType: Register extension with identifier data 'logger://Microsoft/TestPlatform/Extensions/Blame/v1' and type 'Microsoft.TestPlatform.Extensions.BlameDataCollector.BlameLogger, Microsoft.TestPlatform.Extensions.BlameDataCollector, Version=15.0.0.0, Culture=neutral, PublicKeyToken=b03f5f7f11d50a3a' inside file 'C:\Program Files\dotnet\sdk\7.0.202\Extensions\Microsoft.TestPlatform.Extensions.BlameDataCollector.dll'
TpTrace Verbose: 0 : 15428, 1, 2023/04/18, 15:17:06.129, 4230255000216, vstest.console.dll, MetadataReaderExtensionsHelper: Discovering extensions inside assembly 'Microsoft.TestPlatform.Extensions.EventLogCollector, Version=15.0.0.0, Culture=neutral, PublicKeyToken=b03f5f7f11d50a3a' file path 'C:\Program Files\dotnet\sdk\7.0.202\Extensions\Microsoft.TestPlatform.Extensions.EventLogCollector.dll'
TpTrace Verbose: 0 : 15428, 1, 2023/04/18, 15:17:06.129, 4230255003643, vstest.console.dll, MetadataReaderExtensionsHelper: Discovering extensions inside assembly 'Microsoft.TestPlatform.TestHostRuntimeProvider, Version=15.0.0.0, Culture=neutral, PublicKeyToken=b03f5f7f11d50a3a' file path 'C:\Program Files\dotnet\sdk\7.0.202\Extensions\Microsoft.TestPlatform.TestHostRuntimeProvider.dll'
TpTrace Verbose: 0 : 15428, 1, 2023/04/18, 15:17:06.130, 4230255006781, vstest.console.dll, MetadataReaderExtensionsHelper: Discovering extensions inside assembly 'Microsoft.VisualStudio.TestPlatform.Extensions.Html.TestLogger, Version=15.0.0.0, Culture=neutral, PublicKeyToken=b03f5f7f11d50a3a' file path 'C:\Program Files\dotnet\sdk\7.0.202\Extensions\Microsoft.VisualStudio.TestPlatform.Extensions.Html.TestLogger.dll'
TpTrace Information: 0 : 15428, 1, 2023/04/18, 15:17:06.130, 4230255012493, vstest.console.dll, GetTestExtensionFromType: Register extension with identifier data 'logger://Microsoft/TestPlatform/HtmlLogger/v1' and type 'Microsoft.VisualStudio.TestPlatform.Extensions.HtmlLogger.HtmlLogger, Microsoft.VisualStudio.TestPlatform.Extensions.Html.TestLogger, Version=15.0.0.0, Culture=neutral, PublicKeyToken=b03f5f7f11d50a3a' inside file 'C:\Program Files\dotnet\sdk\7.0.202\Extensions\Microsoft.VisualStudio.TestPlatform.Extensions.Html.TestLogger.dll'
TpTrace Verbose: 0 : 15428, 1, 2023/04/18, 15:17:06.130, 4230255013357, vstest.console.dll, MetadataReaderExtensionsHelper: Discovering extensions inside assembly 'Microsoft.VisualStudio.TestPlatform.Extensions.Trx.TestLogger, Version=15.0.0.0, Culture=neutral, PublicKeyToken=b03f5f7f11d50a3a' file path 'C:\Program Files\dotnet\sdk\7.0.202\Extensions\Microsoft.VisualStudio.TestPlatform.Extensions.Trx.TestLogger.dll'
TpTrace Information: 0 : 15428, 1, 2023/04/18, 15:17:06.131, 4230255017489, vstest.console.dll, GetTestExtensionFromType: Register extension with identifier data 'logger://Microsoft/TestPlatform/TrxLogger/v1' and type 'Microsoft.VisualStudio.TestPlatform.Extensions.TrxLogger.TrxLogger, Microsoft.VisualStudio.TestPlatform.Extensions.Trx.TestLogger, Version=15.0.0.0, Culture=neutral, PublicKeyToken=b03f5f7f11d50a3a' inside file 'C:\Program Files\dotnet\sdk\7.0.202\Extensions\Microsoft.VisualStudio.TestPlatform.Extensions.Trx.TestLogger.dll'
TpTrace Verbose: 0 : 15428, 1, 2023/04/18, 15:17:06.131, 4230255018597, vstest.console.dll, TestPluginCache: Discovered the extensions using extension path ''.
TpTrace Verbose: 0 : 15428, 1, 2023/04/18, 15:17:06.131, 4230255019113, vstest.console.dll, TestPluginCache: Discoverers are ''.
TpTrace Verbose: 0 : 15428, 1, 2023/04/18, 15:17:06.131, 4230255019530, vstest.console.dll, TestPluginCache: Executors are ''.
TpTrace Verbose: 0 : 15428, 1, 2023/04/18, 15:17:06.131, 4230255019921, vstest.console.dll, TestPluginCache: Executors2 are ''.
TpTrace Verbose: 0 : 15428, 1, 2023/04/18, 15:17:06.131, 4230255020312, vstest.console.dll, TestPluginCache: Setting providers are ''.
TpTrace Verbose: 0 : 15428, 1, 2023/04/18, 15:17:06.131, 4230255021136, vstest.console.dll, TestPluginCache: Loggers are 'logger://Microsoft/TestPlatform/Extensions/Blame/v1,logger://Microsoft/TestPlatform/HtmlLogger/v1,logger://Microsoft/TestPlatform/TrxLogger/v1'.
TpTrace Verbose: 0 : 15428, 1, 2023/04/18, 15:17:06.131, 4230255021763, vstest.console.dll, TestPluginCache: TestHosts are 'HostProvider://DefaultTestHost,HostProvider://DotnetTestHost'.
TpTrace Verbose: 0 : 15428, 1, 2023/04/18, 15:17:06.131, 4230255022217, vstest.console.dll, TestPluginCache: DataCollectors are ''.
TpTrace Information: 0 : 15428, 1, 2023/04/18, 15:17:06.133, 4230255037124, vstest.console.dll, TestPluginManager.CreateTestExtension: Attempting to load test extension: Microsoft.TestPlatform.Extensions.BlameDataCollector.BlameLogger
TpTrace Verbose: 0 : 15428, 1, 2023/04/18, 15:17:06.146, 4230255168935, vstest.console.dll, TestEngine: Initializing Parallel Execution as MaxCpuCount is set to: 1
TpTrace Information: 0 : 15428, 1, 2023/04/18, 15:17:06.149, 4230255197439, vstest.console.dll, TestPluginManager.CreateTestExtension: Attempting to load test extension: Microsoft.VisualStudio.TestPlatform.CrossPlatEngine.Hosting.DefaultTestHostManager
TpTrace Information: 0 : 15428, 1, 2023/04/18, 15:17:06.150, 4230255210316, vstest.console.dll, TestPluginManager.CreateTestExtension: Attempting to load test extension: Microsoft.VisualStudio.TestPlatform.CrossPlatEngine.Hosting.DotnetTestHostManager
TpTrace Information: 0 : 15428, 1, 2023/04/18, 15:17:06.152, 4230255227890, vstest.console.dll, InferRunSettingsHelper.IsTestSettingsEnabled: Unable to navigate to RunSettings/MSTest. Current node: RunSettings
TpTrace Verbose: 0 : 15428, 1, 2023/04/18, 15:17:06.157, 4230255285160, vstest.console.dll, TestEngine.GetExecutionManager: Chosen execution manager 'Microsoft.VisualStudio.TestPlatform.CrossPlatEngine.Client.Parallel.ParallelProxyExecutionManager, Microsoft.TestPlatform.CrossPlatEngine, Version=15.0.0.0, Culture=neutral, PublicKeyToken=b03f5f7f11d50a3a' ParallelLevel '1'.
TpTrace Verbose: 0 : 15428, 1, 2023/04/18, 15:17:06.158, 4230255288329, vstest.console.dll, TestRunRequest.ExecuteAsync: Creating test run request.
TpTrace Verbose: 0 : 15428, 1, 2023/04/18, 15:17:06.159, 4230255296967, vstest.console.dll, TestRunRequest.ExecuteAsync: Starting.
TpTrace Information: 0 : 15428, 1, 2023/04/18, 15:17:06.159, 4230255300573, vstest.console.dll, TestRunRequest.ExecuteAsync: Starting run with settings:TestRunCriteria:
   KeepAlive=False,FrequencyOfRunStatsChangeEvent=10,RunStatsChangeEventTimeout=00:00:01.5000000,TestCaseFilter=,TestExecutorLauncher=
   Settingsxml=<RunSettings>
  <RunConfiguration>
    <ResultsDirectory>C:\Users\raddk\source\repos\Team-Bandits\SeleniumExersice1\SeleniumExersice1\bin\Debug\net6.0\fine-code-coverage\coverage-tool-output</ResultsDirectory>
    <TargetPlatform>X64</TargetPlatform>
    <TargetFrameworkVersion>.NETCoreApp,Version=v6.0</TargetFrameworkVersion>
    <DesignMode>False</DesignMode>
    <CollectSourceInformation>False</CollectSourceInformation>
  </RunConfiguration>
  <LoggerRunSettings>
    <Loggers>
      <Logger friendlyName="blame" enabled="True" />
      <Logger friendlyName="Console" uri="logger://microsoft/TestPlatform/ConsoleLogger/v1" assemblyQualifiedName="Microsoft.VisualStudio.TestPlatform.CommandLine.Internal.ConsoleLogger, vstest.console, Version=15.0.0.0, Culture=neutral, PublicKeyToken=b03f5f7f11d50a3a" codeBase="C:\Program Files\dotnet\sdk\7.0.202\vstest.console.dll" enabled="True" />
    </Loggers>
  </LoggerRunSettings>
  <DataCollectionRunSettings>
    <DataCollectors>
      <DataCollector friendlyName="blame" enabled="True">
        <Configuration>
          <ResultsDirectory>C:\Users\raddk\source\repos\Team-Bandits\SeleniumExersice1\SeleniumExersice1\bin\Debug\net6.0\fine-code-coverage\coverage-tool-output</ResultsDirectory>
        </Configuration>
      </DataCollector>
    </DataCollectors>
  </DataCollectionRunSettings>
</RunSettings>

TpTrace Verbose: 0 : 15428, 1, 2023/04/18, 15:17:06.159, 4230255301433, vstest.console.dll, TestRunRequest.ExecuteAsync: Wait for the first run request is over.
TpTrace Verbose: 0 : 15428, 1, 2023/04/18, 15:17:06.159, 4230255305305, vstest.console.dll, MulticastDelegateUtilities.SafeInvoke: TestRun.TestRunStart: Invoking callbacks was skipped because there are no subscribers.
TpTrace Verbose: 0 : 15428, 4, 2023/04/18, 15:17:06.160, 4230255308139, vstest.console.dll, MulticastDelegateUtilities.SafeInvoke: InternalTestLoggerEvents.SendTestRunStart: Invoking callback 1/1 for Microsoft.VisualStudio.TestPlatform.CommandLine.Internal.ConsoleLogger., took 0 ms.
TpTrace Verbose: 0 : 15428, 1, 2023/04/18, 15:17:06.162, 4230255335109, vstest.console.dll, ParallelProxyExecutionManager: Start execution. Total sources: 1
TpTrace Verbose: 0 : 15428, 1, 2023/04/18, 15:17:06.164, 4230255355794, vstest.console.dll, TestRequestSender is acting as server.
TpTrace Verbose: 0 : 15428, 1, 2023/04/18, 15:17:06.166, 4230255373550, vstest.console.dll, DataCollectionRequestSender.InitializeCommunication : Initialize communication. 
TpTrace Information: 0 : 15428, 1, 2023/04/18, 15:17:06.172, 4230255432008, vstest.console.dll, Listening on Endpoint : 127.0.0.1:62747
TpTrace Verbose: 0 : 15428, 1, 2023/04/18, 15:17:06.185, 4230255557428, vstest.console.dll, DotnetDataCollectionLauncher: Adding  --runtimeconfig "C:\Program Files\dotnet\sdk\7.0.202\datacollector.runtimeconfig.json" in args
TpTrace Verbose: 0 : 15428, 1, 2023/04/18, 15:17:06.185, 4230255559846, vstest.console.dll, DotnetDataCollectionLauncher: Adding  --depsfile "C:\Program Files\dotnet\sdk\7.0.202\datacollector.deps.json" in args
TpTrace Verbose: 0 : 15428, 1, 2023/04/18, 15:17:06.186, 4230255566441, vstest.console.dll, DotnetDataCollectionLauncher: Full path of dotnet.exe is C:\Program Files\dotnet\dotnet.exe
TpTrace Information: 0 : 15428, 1, 2023/04/18, 15:17:06.195, 4230255666282, vstest.console.dll, ProxyDataCollectionManager.Initialize: Launched datacollector processId: 13928 port: 62747
TpTrace Information: 0 : 15428, 1, 2023/04/18, 15:17:06.196, 4230255669173, vstest.console.dll, ProxyDataCollectionManager.Initialize: waiting for connection with timeout: 90 seconds
TpTrace Verbose: 0 : 15428, 1, 2023/04/18, 15:17:06.196, 4230255670418, vstest.console.dll, DataCollectionRequestSender.WaitForRequestHandlerConnection : Waiting for connection with timeout: 90000
TpTrace Information: 0 : 15428, 7, 2023/04/18, 15:17:06.422, 4230257932777, vstest.console.dll, Using the buffer size of 16384 bytes
TpTrace Verbose: 0 : 15428, 1, 2023/04/18, 15:17:06.422, 4230257932837, vstest.console.dll, SocketCommunicationManager.WaitForClientConnection took: 226 ms, with 90000 ms timeout, and finished with True.
TpTrace Information: 0 : 15428, 7, 2023/04/18, 15:17:06.422, 4230257934690, vstest.console.dll, Accepted Client request and set the flag
TpTrace Verbose: 0 : 15428, 1, 2023/04/18, 15:17:06.422, 4230257936422, vstest.console.dll, ProxyDataCollectionManager.InvokeDataCollectionServiceAction: Starting.
TpTrace Information: 0 : 15428, 1, 2023/04/18, 15:17:06.423, 4230257937781, vstest.console.dll, ProxyDataCollectionManager.BeforeTestRunStart: Get environment variable and port for datacollector processId: 13928 port: 62747
TpTrace Verbose: 0 : 15428, 1, 2023/04/18, 15:17:06.423, 4230257939646, vstest.console.dll, DataCollectionRequestSender.SendBeforeTestRunStartAndGetResult: Send BeforeTestRunStart message with settingsXml <RunSettings><RunConfiguration><ResultsDirectory>C:\Users\raddk\source\repos\Team-Bandits\SeleniumExersice1\SeleniumExersice1\bin\Debug\net6.0\fine-code-coverage\coverage-tool-output</ResultsDirectory><TargetPlatform>X64</TargetPlatform><TargetFrameworkVersion>.NETCoreApp,Version=v6.0</TargetFrameworkVersion><DesignMode>False</DesignMode><CollectSourceInformation>False</CollectSourceInformation><TestAdaptersPaths>C:\Program Files\dotnet\sdk\7.0.202\Extensions</TestAdaptersPaths></RunConfiguration><LoggerRunSettings><Loggers><Logger friendlyName="blame" enabled="True" /><Logger friendlyName="Console" uri="logger://microsoft/TestPlatform/ConsoleLogger/v1" assemblyQualifiedName="Microsoft.VisualStudio.TestPlatform.CommandLine.Internal.ConsoleLogger, vstest.console, Version=15.0.0.0, Culture=neutral, PublicKeyToken=b03f5f7f11d50a3a" codeBase="C:\Program Files\dotnet\sdk\7.0.202\vstest.console.dll" enabled="True" /></Loggers></LoggerRunSettings><DataCollectionRunSettings><DataCollectors><DataCollector friendlyName="blame" enabled="True"><Configuration><ResultsDirectory>C:\Users\raddk\source\repos\Team-Bandits\SeleniumExersice1\SeleniumExersice1\bin\Debug\net6.0\fine-code-coverage\coverage-tool-output</ResultsDirectory></Configuration></DataCollector></DataCollectors></DataCollectionRunSettings></RunSettings> and sources System.Collections.Generic.List`1[System.String]: 
TpTrace Verbose: 0 : 15428, 1, 2023/04/18, 15:17:06.548, 4230259191829, vstest.console.dll, DataCollectionRequestSender.SendBeforeTestRunStartAndGetResult: Received message: (DataCollection.SendMessage) -> {"MessageType":"DataCollection.SendMessage","Payload":{"FriendlyName":null,"Uri":null,"TestCaseId":"00000000-0000-0000-0000-000000000000","Message":"Logging DataCollector Diagnostics in file: C:\\Users\\raddk\\source\\repos\\Team-Bandits\\SeleniumExersice1\\SeleniumExersice1\\bin\\Debug\\net6.0\\fine-code-coverage\\coverage-tool-output\\diagnostics.datacollector.23-04-18_15-17-06_18461_1.log","Level":0}}
TpTrace Verbose: 0 : 15428, 1, 2023/04/18, 15:17:06.658, 4230260293233, vstest.console.dll, DataCollectionRequestSender.SendBeforeTestRunStartAndGetResult: Received message: (DataCollection.BeforeTestRunStartResult) -> {"MessageType":"DataCollection.BeforeTestRunStartResult","Payload":{"EnvironmentVariables":{},"DataCollectionEventsPort":62749}}
TpTrace Information: 0 : 15428, 1, 2023/04/18, 15:17:06.664, 4230260352275, vstest.console.dll, ProxyDataCollectionManager.BeforeTestRunStart: SendBeforeTestRunStartAndGetResult successful, env variable from datacollector:   and testhost port: 62749
TpTrace Information: 0 : 15428, 1, 2023/04/18, 15:17:06.664, 4230260354003, vstest.console.dll, ProxyDataCollectionManager.InvokeDataCollectionServiceAction: Completed.
TpTrace Verbose: 0 : 15428, 7, 2023/04/18, 15:17:06.664, 4230260355594, vstest.console.dll, ParallelProxyExecutionManager: Execution started. Started clients: 1
TpTrace Verbose: 0 : 15428, 1, 2023/04/18, 15:17:06.665, 4230260356554, vstest.console.dll, ProxyParallelExecutionManager: No sources available for execution.
TpTrace Information: 0 : 15428, 1, 2023/04/18, 15:17:06.665, 4230260357637, vstest.console.dll, TestRunRequest.ExecuteAsync: Started.
TpTrace Verbose: 0 : 15428, 1, 2023/04/18, 15:17:06.665, 4230260359021, vstest.console.dll, TestRunRequest.WaitForCompletion: Waiting with timeout -1.
TpTrace Verbose: 0 : 15428, 7, 2023/04/18, 15:17:06.665, 4230260360178, vstest.console.dll, TestRunRequest:SendTestRunMessage: Starting.
TpTrace Verbose: 0 : 15428, 7, 2023/04/18, 15:17:06.665, 4230260362032, vstest.console.dll, MulticastDelegateUtilities.SafeInvoke: TestRun.LogMessages: Invoking callback 1/1 for Microsoft.VisualStudio.TestPlatform.CommandLine.TestRunResultAggregator., took 0 ms.
TpTrace Information: 0 : 15428, 7, 2023/04/18, 15:17:06.665, 4230260362657, vstest.console.dll, TestRunRequest:SendTestRunMessage: Completed.
TpTrace Verbose: 0 : 15428, 4, 2023/04/18, 15:17:06.665, 4230260365251, vstest.console.dll, MulticastDelegateUtilities.SafeInvoke: InternalTestLoggerEvents.SendTestRunMessage: Invoking callback 1/1 for Microsoft.VisualStudio.TestPlatform.CommandLine.Internal.ConsoleLogger., took 0 ms.
TpTrace Verbose: 0 : 15428, 7, 2023/04/18, 15:17:06.666, 4230260367108, vstest.console.dll, ProxyExecutionManager: Test host is always Lazy initialize.
TpTrace Verbose: 0 : 15428, 7, 2023/04/18, 15:17:06.666, 4230260370675, vstest.console.dll, TestRequestSender.InitializeCommunication: initialize communication. 
TpTrace Information: 0 : 15428, 7, 2023/04/18, 15:17:06.667, 4230260379311, vstest.console.dll, SocketServer.Start: Listening on endpoint : 127.0.0.1:62750
TpTrace Verbose: 0 : 15428, 7, 2023/04/18, 15:17:06.668, 4230260389951, vstest.console.dll, DotnetTestHostmanager.GetTestHostProcessStartInfo: Platform environment 'X64' target architecture 'X64' framework '.NETCoreApp,Version=v6.0' OS 'Windows'
TpTrace Verbose: 0 : 15428, 7, 2023/04/18, 15:17:06.668, 4230260392901, vstest.console.dll, DotnetTestHostmanager: Adding  --runtimeconfig "C:\Users\raddk\source\repos\Team-Bandits\SeleniumExersice1\SeleniumExersice1\bin\Debug\net6.0\fine-code-coverage\build-output\SeleniumExersice1.runtimeconfig.json" in args
TpTrace Verbose: 0 : 15428, 7, 2023/04/18, 15:17:06.668, 4230260394401, vstest.console.dll, DotnetTestHostmanager: Adding  --depsfile "C:\Users\raddk\source\repos\Team-Bandits\SeleniumExersice1\SeleniumExersice1\bin\Debug\net6.0\fine-code-coverage\build-output\SeleniumExersice1.deps.json" in args
TpTrace Verbose: 0 : 15428, 7, 2023/04/18, 15:17:06.668, 4230260396338, vstest.console.dll, DotnetTestHostmanager.IsWinOnArm: Current PROCESSOR_ARCHITECTURE from environment variable 'AMD64'
TpTrace Verbose: 0 : 15428, 7, 2023/04/18, 15:17:06.669, 4230260397086, vstest.console.dll, DotnetTestHostmanager.IsWinOnArm: Is Windows on ARM 'False'
TpTrace Verbose: 0 : 15428, 7, 2023/04/18, 15:17:06.669, 4230260398347, vstest.console.dll, DotnetTestHostManager: testhost.exe found at path: C:\Users\raddk\source\repos\Team-Bandits\SeleniumExersice1\SeleniumExersice1\bin\Debug\net6.0\fine-code-coverage\build-output\testhost.exe
TpTrace Verbose: 0 : 15428, 7, 2023/04/18, 15:17:06.669, 4230260398977, vstest.console.dll, DotnetTestHostmanager: Full path of host exe is C:\Users\raddk\source\repos\Team-Bandits\SeleniumExersice1\SeleniumExersice1\bin\Debug\net6.0\fine-code-coverage\build-output\testhost.exe
TpTrace Verbose: 0 : 15428, 7, 2023/04/18, 15:17:06.669, 4230260400696, vstest.console.dll, DotnetTestHostmanager.LaunchTestHostAsync: Found 'VSTEST_WINAPPHOST_DOTNET_ROOT' in env variables, value 'C:\Program Files\dotnet', forwarding to 'DOTNET_ROOT'
TpTrace Verbose: 0 : 15428, 7, 2023/04/18, 15:17:06.669, 4230260403035, vstest.console.dll, DotnetTestHostManager: Starting process 'C:\Users\raddk\source\repos\Team-Bandits\SeleniumExersice1\SeleniumExersice1\bin\Debug\net6.0\fine-code-coverage\build-output\testhost.exe' with command line ' --runtimeconfig "C:\Users\raddk\source\repos\Team-Bandits\SeleniumExersice1\SeleniumExersice1\bin\Debug\net6.0\fine-code-coverage\build-output\SeleniumExersice1.runtimeconfig.json" --depsfile "C:\Users\raddk\source\repos\Team-Bandits\SeleniumExersice1\SeleniumExersice1\bin\Debug\net6.0\fine-code-coverage\build-output\SeleniumExersice1.deps.json" --port 62750 --endpoint 127.0.0.1:062750 --role client --parentprocessid 15428 --diag "C:\Users\raddk\source\repos\Team-Bandits\SeleniumExersice1\SeleniumExersice1\bin\Debug\net6.0\fine-code-coverage\coverage-tool-output\diagnostics.host.23-04-18_15-17-06_66786_7.log" --tracelevel 4 --datacollectionport 62749 --telemetryoptedin false'
TpTrace Verbose: 0 : 15428, 7, 2023/04/18, 15:17:06.680, 4230260511863, vstest.console.dll, MulticastDelegateUtilities.SafeInvoke: HostProviderEvents.OnHostLaunched: Invoking callback 1/2 for Microsoft.VisualStudio.TestPlatform.CrossPlatEngine.Client.ProxyExecutionManagerWithDataCollection., took 1 ms.
TpTrace Verbose: 0 : 15428, 7, 2023/04/18, 15:17:06.681, 4230260518299, vstest.console.dll, Test Runtime launched
TpTrace Verbose: 0 : 15428, 7, 2023/04/18, 15:17:06.681, 4230260519922, vstest.console.dll, MulticastDelegateUtilities.SafeInvoke: HostProviderEvents.OnHostLaunched: Invoking callback 2/2 for Microsoft.VisualStudio.TestPlatform.CrossPlatEngine.Client.ProxyOperationManager., took 0 ms.
TpTrace Verbose: 0 : 15428, 7, 2023/04/18, 15:17:06.681, 4230260523029, vstest.console.dll, TestRequestSender.WaitForRequestHandlerConnection: waiting for connection with timeout: 90000.
TpTrace Verbose: 0 : 15428, 7, 2023/04/18, 15:17:07.099, 4230264697703, vstest.console.dll, TestRequestSender.WaitForRequestHandlerConnection: waiting took 417 ms, with timeout 90000 ms, and result 0, which is success.
TpTrace Verbose: 0 : 15428, 11, 2023/04/18, 15:17:07.099, 4230264697703, vstest.console.dll, MulticastDelegateUtilities.SafeInvoke: SocketServer: ClientConnected: Invoking callback 1/1 for Microsoft.VisualStudio.TestPlatform.CommunicationUtilities.TestRequestSender., took 0 ms.
TpTrace Verbose: 0 : 15428, 11, 2023/04/18, 15:17:07.099, 4230264700345, vstest.console.dll, SocketServer.OnClientConnected: Client connected for endPoint: 127.0.0.1:62750, starting MessageLoopAsync:
TpTrace Verbose: 0 : 15428, 11, 2023/04/18, 15:17:07.099, 4230264703370, vstest.console.dll, TcpClientExtensions.MessageLoopAsync: Polling on remoteEndPoint: 127.0.0.1:62751 localEndPoint: 127.0.0.1:62750
TpTrace Verbose: 0 : 15428, 7, 2023/04/18, 15:17:07.100, 4230264715430, vstest.console.dll, TestRequestSender.CheckVersionWithTestHost: Sending check version message: {"MessageType":"ProtocolVersion","Payload":7}
TpTrace Verbose: 0 : 15428, 11, 2023/04/18, 15:17:07.280, 4230266513440, vstest.console.dll, TcpClientExtensions.MessageLoopAsync: NotifyDataAvailable remoteEndPoint: 127.0.0.1:62751 localEndPoint: 127.0.0.1:62750
TpTrace Verbose: 0 : 15428, 11, 2023/04/18, 15:17:07.281, 4230266517608, vstest.console.dll, TestRequestSender.CheckVersionWithTestHost: onMessageReceived received message: (ProtocolVersion) -> {"MessageType":"ProtocolVersion","Payload":7}
TpTrace Verbose: 0 : 15428, 11, 2023/04/18, 15:17:07.281, 4230266525674, vstest.console.dll, MulticastDelegateUtilities.SafeInvoke: LengthPrefixCommunicationChannel: MessageReceived: Invoking callback 1/1 for Microsoft.VisualStudio.TestPlatform.CommunicationUtilities.TestRequestSender+<>c__DisplayClass29_0., took 0 ms.
TpTrace Verbose: 0 : 15428, 7, 2023/04/18, 15:17:07.282, 4230266526728, vstest.console.dll, TestPluginCache.GetExtensionPaths: Filtered extension paths: 
TpTrace Verbose: 0 : 15428, 7, 2023/04/18, 15:17:07.282, 4230266527994, vstest.console.dll, TestPluginCache.GetExtensionPaths: Added default extension paths: C:\Program Files\dotnet\sdk\7.0.202\Extensions\Microsoft.Diagnostics.NETCore.Client.dll
C:\Program Files\dotnet\sdk\7.0.202\Extensions\Microsoft.TestPlatform.Extensions.BlameDataCollector.dll
C:\Program Files\dotnet\sdk\7.0.202\Extensions\Microsoft.TestPlatform.Extensions.EventLogCollector.dll
C:\Program Files\dotnet\sdk\7.0.202\Extensions\Microsoft.TestPlatform.TestHostRuntimeProvider.dll
C:\Program Files\dotnet\sdk\7.0.202\Extensions\Microsoft.VisualStudio.TestPlatform.Extensions.Html.TestLogger.dll
C:\Program Files\dotnet\sdk\7.0.202\Extensions\Microsoft.VisualStudio.TestPlatform.Extensions.Trx.TestLogger.dll
TpTrace Verbose: 0 : 15428, 11, 2023/04/18, 15:17:07.282, 4230266528171, vstest.console.dll, TcpClientExtensions.MessageLoopAsync: Polling on remoteEndPoint: 127.0.0.1:62751 localEndPoint: 127.0.0.1:62750
TpTrace Verbose: 0 : 15428, 7, 2023/04/18, 15:17:07.282, 4230266528856, vstest.console.dll, TestPluginCache.GetExtensionPaths: Added unfilterableExtensionPaths: 
TpTrace Verbose: 0 : 15428, 7, 2023/04/18, 15:17:07.288, 4230266589380, vstest.console.dll, TestRequestSender.InitializeExecution: Sending initialize execution with message: {"Version":7,"MessageType":"TestExecution.Initialize","Payload":["C:\\Users\\raddk\\source\\repos\\Team-Bandits\\SeleniumExersice1\\SeleniumExersice1\\bin\\Debug\\net6.0\\fine-code-coverage\\build-output\\NUnit3.TestAdapter.dll"]}
TpTrace Warning: 0 : 15428, 7, 2023/04/18, 15:17:07.289, 4230266598315, vstest.console.dll, InferRunSettingsHelper.MakeRunsettingsCompatible: Removing the following settings: TargetPlatform from RunSettings file. To use those settings please move to latest version of Microsoft.NET.Test.Sdk
TpTrace Verbose: 0 : 15428, 11, 2023/04/18, 15:17:07.290, 4230266616263, vstest.console.dll, TcpClientExtensions.MessageLoopAsync: NotifyDataAvailable remoteEndPoint: 127.0.0.1:62751 localEndPoint: 127.0.0.1:62750
TpTrace Verbose: 0 : 15428, 11, 2023/04/18, 15:17:07.291, 4230266621179, vstest.console.dll, TestRequestSender.OnExecutionMessageReceived: Received message: {"Version":7,"MessageType":"TestSession.Message","Payload":{"MessageLevel":0,"Message":"Logging TestHost Diagnostics in file: C:\\Users\\raddk\\source\\repos\\Team-Bandits\\SeleniumExersice1\\SeleniumExersice1\\bin\\Debug\\net6.0\\fine-code-coverage\\coverage-tool-output\\diagnostics.host.23-04-18_15-17-06_66786_7.log"}}
TpTrace Verbose: 0 : 15428, 11, 2023/04/18, 15:17:07.296, 4230266667267, vstest.console.dll, TestRunRequest:SendTestRunMessage: Starting.
TpTrace Verbose: 0 : 15428, 11, 2023/04/18, 15:17:07.296, 4230266670221, vstest.console.dll, MulticastDelegateUtilities.SafeInvoke: TestRun.LogMessages: Invoking callback 1/1 for Microsoft.VisualStudio.TestPlatform.CommandLine.TestRunResultAggregator., took 0 ms.
TpTrace Verbose: 0 : 15428, 4, 2023/04/18, 15:17:07.296, 4230266670365, vstest.console.dll, MulticastDelegateUtilities.SafeInvoke: InternalTestLoggerEvents.SendTestRunMessage: Invoking callback 1/1 for Microsoft.VisualStudio.TestPlatform.CommandLine.Internal.ConsoleLogger., took 0 ms.
TpTrace Information: 0 : 15428, 11, 2023/04/18, 15:17:07.296, 4230266671329, vstest.console.dll, TestRunRequest:SendTestRunMessage: Completed.
TpTrace Verbose: 0 : 15428, 11, 2023/04/18, 15:17:07.296, 4230266673227, vstest.console.dll, MulticastDelegateUtilities.SafeInvoke: LengthPrefixCommunicationChannel: MessageReceived: Invoking callback 1/1 for Microsoft.VisualStudio.TestPlatform.CommunicationUtilities.TestRequestSender+<>c__DisplayClass34_0., took 5 ms.
TpTrace Verbose: 0 : 15428, 11, 2023/04/18, 15:17:07.296, 4230266674092, vstest.console.dll, TcpClientExtensions.MessageLoopAsync: Polling on remoteEndPoint: 127.0.0.1:62751 localEndPoint: 127.0.0.1:62750
TpTrace Verbose: 0 : 15428, 7, 2023/04/18, 15:17:07.305, 4230266763560, vstest.console.dll, TestRequestSender.StartTestRun: Sending test run with message: {"Version":7,"MessageType":"TestExecution.StartWithSources","Payload":{"AdapterSourceMap":{"_none_":["C:\\Users\\raddk\\source\\repos\\Team-Bandits\\SeleniumExersice1\\SeleniumExersice1\\bin\\Debug\\net6.0\\fine-code-coverage\\build-output\\SeleniumExersice1.dll"]},"RunSettings":"<RunSettings>\r\n  <RunConfiguration>\r\n    <ResultsDirectory>C:\\Users\\raddk\\source\\repos\\Team-Bandits\\SeleniumExersice1\\SeleniumExersice1\\bin\\Debug\\net6.0\\fine-code-coverage\\coverage-tool-output</ResultsDirectory>\r\n    <TargetFrameworkVersion>.NETCoreApp,Version=v6.0</TargetFrameworkVersion>\r\n    <DesignMode>False</DesignMode>\r\n    <CollectSourceInformation>False</CollectSourceInformation>\r\n  </RunConfiguration>\r\n  <LoggerRunSettings>\r\n    <Loggers>\r\n      <Logger friendlyName=\"blame\" enabled=\"True\" />\r\n      <Logger friendlyName=\"Console\" uri=\"logger://microsoft/TestPlatform/ConsoleLogger/v1\" assemblyQualifiedName=\"Microsoft.VisualStudio.TestPlatform.CommandLine.Internal.ConsoleLogger, vstest.console, Version=15.0.0.0, Culture=neutral, PublicKeyToken=b03f5f7f11d50a3a\" codeBase=\"C:\\Program Files\\dotnet\\sdk\\7.0.202\\vstest.console.dll\" enabled=\"True\" />\r\n    </Loggers>\r\n  </LoggerRunSettings>\r\n  <DataCollectionRunSettings>\r\n    <DataCollectors>\r\n      <DataCollector friendlyName=\"blame\" enabled=\"True\">\r\n        <Configuration>\r\n          <ResultsDirectory>C:\\Users\\raddk\\source\\repos\\Team-Bandits\\SeleniumExersice1\\SeleniumExersice1\\bin\\Debug\\net6.0\\fine-code-coverage\\coverage-tool-output</ResultsDirectory>\r\n        </Configuration>\r\n      </DataCollector>\r\n    </DataCollectors>\r\n  </DataCollectionRunSettings>\r\n</RunSettings>","TestExecutionContext":{"FrequencyOfRunStatsChangeEvent":10,"RunStatsChangeEventTimeout":"00:00:01.5000000","InIsolation":false,"KeepAlive":false,"AreTestCaseLevelEventsRequired":false,"IsDebug":false,"TestCaseFilter":null,"FilterOptions":null},"Package":null}}
TpTrace Verbose: 0 : 15428, 11, 2023/04/18, 15:17:07.616, 4230269873853, vstest.console.dll, TcpClientExtensions.MessageLoopAsync: NotifyDataAvailable remoteEndPoint: 127.0.0.1:62751 localEndPoint: 127.0.0.1:62750
TpTrace Verbose: 0 : 15428, 11, 2023/04/18, 15:17:07.617, 4230269876601, vstest.console.dll, TestRequestSender.OnExecutionMessageReceived: Received message: {"Version":7,"MessageType":"TestSession.Message","Payload":{"MessageLevel":0,"Message":"NUnit Adapter 4.4.0.0: Test execution started"}}
TpTrace Verbose: 0 : 15428, 11, 2023/04/18, 15:17:07.617, 4230269881598, vstest.console.dll, TestRunRequest:SendTestRunMessage: Starting.
TpTrace Verbose: 0 : 15428, 11, 2023/04/18, 15:17:07.617, 4230269883164, vstest.console.dll, MulticastDelegateUtilities.SafeInvoke: TestRun.LogMessages: Invoking callback 1/1 for Microsoft.VisualStudio.TestPlatform.CommandLine.TestRunResultAggregator., took 0 ms.
TpTrace Verbose: 0 : 15428, 4, 2023/04/18, 15:17:07.617, 4230269883267, vstest.console.dll, MulticastDelegateUtilities.SafeInvoke: InternalTestLoggerEvents.SendTestRunMessage: Invoking callback 1/1 for Microsoft.VisualStudio.TestPlatform.CommandLine.Internal.ConsoleLogger., took 0 ms.
TpTrace Information: 0 : 15428, 11, 2023/04/18, 15:17:07.618, 4230269886920, vstest.console.dll, TestRunRequest:SendTestRunMessage: Completed.
TpTrace Verbose: 0 : 15428, 11, 2023/04/18, 15:17:07.618, 4230269889163, vstest.console.dll, MulticastDelegateUtilities.SafeInvoke: LengthPrefixCommunicationChannel: MessageReceived: Invoking callback 1/1 for Microsoft.VisualStudio.TestPlatform.CommunicationUtilities.TestRequestSender+<>c__DisplayClass34_0., took 1 ms.
TpTrace Verbose: 0 : 15428, 11, 2023/04/18, 15:17:07.618, 4230269890055, vstest.console.dll, TcpClientExtensions.MessageLoopAsync: Polling on remoteEndPoint: 127.0.0.1:62751 localEndPoint: 127.0.0.1:62750
TpTrace Verbose: 0 : 15428, 11, 2023/04/18, 15:17:07.664, 4230270346558, vstest.console.dll, TcpClientExtensions.MessageLoopAsync: NotifyDataAvailable remoteEndPoint: 127.0.0.1:62751 localEndPoint: 127.0.0.1:62750
TpTrace Verbose: 0 : 15428, 11, 2023/04/18, 15:17:07.664, 4230270348298, vstest.console.dll, TestRequestSender.OnExecutionMessageReceived: Received message: {"Version":7,"MessageType":"TestSession.Message","Payload":{"MessageLevel":0,"Message":"Running all tests in C:\\Users\\raddk\\source\\repos\\Team-Bandits\\SeleniumExersice1\\SeleniumExersice1\\bin\\Debug\\net6.0\\fine-code-coverage\\build-output\\SeleniumExersice1.dll"}}
TpTrace Verbose: 0 : 15428, 11, 2023/04/18, 15:17:07.664, 4230270349754, vstest.console.dll, TestRunRequest:SendTestRunMessage: Starting.
TpTrace Verbose: 0 : 15428, 11, 2023/04/18, 15:17:07.664, 4230270350642, vstest.console.dll, MulticastDelegateUtilities.SafeInvoke: TestRun.LogMessages: Invoking callback 1/1 for Microsoft.VisualStudio.TestPlatform.CommandLine.TestRunResultAggregator., took 0 ms.
TpTrace Verbose: 0 : 15428, 4, 2023/04/18, 15:17:07.664, 4230270350752, vstest.console.dll, MulticastDelegateUtilities.SafeInvoke: InternalTestLoggerEvents.SendTestRunMessage: Invoking callback 1/1 for Microsoft.VisualStudio.TestPlatform.CommandLine.Internal.ConsoleLogger., took 0 ms.
TpTrace Information: 0 : 15428, 11, 2023/04/18, 15:17:07.664, 4230270351340, vstest.console.dll, TestRunRequest:SendTestRunMessage: Completed.
TpTrace Verbose: 0 : 15428, 11, 2023/04/18, 15:17:07.664, 4230270352928, vstest.console.dll, MulticastDelegateUtilities.SafeInvoke: LengthPrefixCommunicationChannel: MessageReceived: Invoking callback 1/1 for Microsoft.VisualStudio.TestPlatform.CommunicationUtilities.TestRequestSender+<>c__DisplayClass34_0., took 0 ms.
TpTrace Verbose: 0 : 15428, 11, 2023/04/18, 15:17:07.664, 4230270353556, vstest.console.dll, TcpClientExtensions.MessageLoopAsync: Polling on remoteEndPoint: 127.0.0.1:62751 localEndPoint: 127.0.0.1:62750
TpTrace Verbose: 0 : 15428, 11, 2023/04/18, 15:17:08.362, 4230277329536, vstest.console.dll, TcpClientExtensions.MessageLoopAsync: NotifyDataAvailable remoteEndPoint: 127.0.0.1:62751 localEndPoint: 127.0.0.1:62750
TpTrace Verbose: 0 : 15428, 11, 2023/04/18, 15:17:08.362, 4230277332517, vstest.console.dll, TestRequestSender.OnExecutionMessageReceived: Received message: {"Version":7,"MessageType":"TestSession.Message","Payload":{"MessageLevel":0,"Message":"   NUnit3TestExecutor discovered 4 of 4 NUnit test cases using Current Discovery mode, Non-Explicit run"}}
TpTrace Verbose: 0 : 15428, 11, 2023/04/18, 15:17:08.362, 4230277334426, vstest.console.dll, TestRunRequest:SendTestRunMessage: Starting.
TpTrace Verbose: 0 : 15428, 11, 2023/04/18, 15:17:08.362, 4230277335629, vstest.console.dll, MulticastDelegateUtilities.SafeInvoke: TestRun.LogMessages: Invoking callback 1/1 for Microsoft.VisualStudio.TestPlatform.CommandLine.TestRunResultAggregator., took 0 ms.
TpTrace Verbose: 0 : 15428, 4, 2023/04/18, 15:17:08.362, 4230277335782, vstest.console.dll, MulticastDelegateUtilities.SafeInvoke: InternalTestLoggerEvents.SendTestRunMessage: Invoking callback 1/1 for Microsoft.VisualStudio.TestPlatform.CommandLine.Internal.ConsoleLogger., took 0 ms.
TpTrace Information: 0 : 15428, 11, 2023/04/18, 15:17:08.363, 4230277336450, vstest.console.dll, TestRunRequest:SendTestRunMessage: Completed.
TpTrace Verbose: 0 : 15428, 11, 2023/04/18, 15:17:08.363, 4230277338072, vstest.console.dll, MulticastDelegateUtilities.SafeInvoke: LengthPrefixCommunicationChannel: MessageReceived: Invoking callback 1/1 for Microsoft.VisualStudio.TestPlatform.CommunicationUtilities.TestRequestSender+<>c__DisplayClass34_0., took 0 ms.
TpTrace Verbose: 0 : 15428, 11, 2023/04/18, 15:17:08.363, 4230277338674, vstest.console.dll, TcpClientExtensions.MessageLoopAsync: Polling on remoteEndPoint: 127.0.0.1:62751 localEndPoint: 127.0.0.1:62750
TpTrace Verbose: 0 : 15428, 11, 2023/04/18, 15:17:08.984, 4230283548521, vstest.console.dll, TcpClientExtensions.MessageLoopAsync: NotifyDataAvailable remoteEndPoint: 127.0.0.1:62751 localEndPoint: 127.0.0.1:62750
TpTrace Verbose: 0 : 15428, 11, 2023/04/18, 15:17:08.984, 4230283551414, vstest.console.dll, TestRequestSender.OnExecutionMessageReceived: Received message: {"Version":7,"MessageType":"TestExecution.StatsChange","Payload":{"NewTestResults":[],"TestRunStatistics":{"ExecutedTests":0,"Stats":{}},"ActiveTests":[{"Id":"f02d089f-bff0-deae-e0d4-38cd7c83c531","FullyQualifiedName":"SeleniumExersice1.SeleniumTests.SearchingWikipedia","DisplayName":"SearchingWikipedia","ExecutorUri":"executor://NUnit3TestExecutor","Source":"C:\\Users\\raddk\\source\\repos\\Team-Bandits\\SeleniumExersice1\\SeleniumExersice1\\bin\\Debug\\net6.0\\fine-code-coverage\\build-output\\SeleniumExersice1.dll","CodeFilePath":null,"LineNumber":0,"Properties":[{"Key":{"Id":"NUnit.Seed","Label":"Seed","Category":"","Description":"","Attributes":0,"ValueType":"System.String"},"Value":"921704919"}]}]}}
TpTrace Verbose: 0 : 15428, 11, 2023/04/18, 15:17:09.022, 4230283931574, vstest.console.dll, TestRunRequest:SendTestRunStatsChange: Starting.
TpTrace Verbose: 0 : 15428, 11, 2023/04/18, 15:17:09.022, 4230283936360, vstest.console.dll, InProgress is SearchingWikipedia
TpTrace Verbose: 0 : 15428, 11, 2023/04/18, 15:17:09.023, 4230283939221, vstest.console.dll, MulticastDelegateUtilities.SafeInvoke: TestRun.RunStatsChanged: Invoking callbacks was skipped because there are no subscribers.
TpTrace Information: 0 : 15428, 11, 2023/04/18, 15:17:09.023, 4230283940210, vstest.console.dll, TestRunRequest:SendTestRunStatsChange: Completed.
TpTrace Verbose: 0 : 15428, 11, 2023/04/18, 15:17:09.023, 4230283941217, vstest.console.dll, MulticastDelegateUtilities.SafeInvoke: LengthPrefixCommunicationChannel: MessageReceived: Invoking callback 1/1 for Microsoft.VisualStudio.TestPlatform.CommunicationUtilities.TestRequestSender+<>c__DisplayClass34_0., took 39 ms.
TpTrace Verbose: 0 : 15428, 11, 2023/04/18, 15:17:09.023, 4230283942127, vstest.console.dll, TcpClientExtensions.MessageLoopAsync: Polling on remoteEndPoint: 127.0.0.1:62751 localEndPoint: 127.0.0.1:62750
TpTrace Verbose: 0 : 15428, 11, 2023/04/18, 15:17:10.036, 4230294067172, vstest.console.dll, TcpClientExtensions.MessageLoopAsync: Polling on remoteEndPoint: 127.0.0.1:62751 localEndPoint: 127.0.0.1:62750
TpTrace Verbose: 0 : 15428, 11, 2023/04/18, 15:17:11.069, 4230304405297, vstest.console.dll, TcpClientExtensions.MessageLoopAsync: Polling on remoteEndPoint: 127.0.0.1:62751 localEndPoint: 127.0.0.1:62750
TpTrace Warning: 0 : 15428, 10, 2023/04/18, 15:17:11.090, 4230304608322, vstest.console.dll, TestHostManagerCallbacks.ErrorReceivedCallback Test host standard error line: [1681820231.087][WARNING]: Processing messages while being disconnected
TpTrace Verbose: 0 : 15428, 11, 2023/04/18, 15:17:12.079, 4230314498141, vstest.console.dll, TcpClientExtensions.MessageLoopAsync: Polling on remoteEndPoint: 127.0.0.1:62751 localEndPoint: 127.0.0.1:62750
TpTrace Verbose: 0 : 15428, 11, 2023/04/18, 15:17:13.087, 4230324582542, vstest.console.dll, TcpClientExtensions.MessageLoopAsync: Polling on remoteEndPoint: 127.0.0.1:62751 localEndPoint: 127.0.0.1:62750
TpTrace Verbose: 0 : 15428, 11, 2023/04/18, 15:17:14.097, 4230334680818, vstest.console.dll, TcpClientExtensions.MessageLoopAsync: Polling on remoteEndPoint: 127.0.0.1:62751 localEndPoint: 127.0.0.1:62750
TpTrace Verbose: 0 : 15428, 11, 2023/04/18, 15:17:15.110, 4230344809784, vstest.console.dll, TcpClientExtensions.MessageLoopAsync: Polling on remoteEndPoint: 127.0.0.1:62751 localEndPoint: 127.0.0.1:62750
TpTrace Verbose: 0 : 15428, 11, 2023/04/18, 15:17:16.123, 4230354936667, vstest.console.dll, TcpClientExtensions.MessageLoopAsync: Polling on remoteEndPoint: 127.0.0.1:62751 localEndPoint: 127.0.0.1:62750
TpTrace Verbose: 0 : 15428, 11, 2023/04/18, 15:17:17.129, 4230365004985, vstest.console.dll, TcpClientExtensions.MessageLoopAsync: Polling on remoteEndPoint: 127.0.0.1:62751 localEndPoint: 127.0.0.1:62750
TpTrace Verbose: 0 : 15428, 11, 2023/04/18, 15:17:18.134, 4230375047252, vstest.console.dll, TcpClientExtensions.MessageLoopAsync: Polling on remoteEndPoint: 127.0.0.1:62751 localEndPoint: 127.0.0.1:62750
TpTrace Verbose: 0 : 15428, 11, 2023/04/18, 15:17:18.865, 4230382361010, vstest.console.dll, TcpClientExtensions.MessageLoopAsync: NotifyDataAvailable remoteEndPoint: 127.0.0.1:62751 localEndPoint: 127.0.0.1:62750
TpTrace Verbose: 0 : 15428, 11, 2023/04/18, 15:17:18.865, 4230382366093, vstest.console.dll, TestRequestSender.OnExecutionMessageReceived: Received message: {"Version":7,"MessageType":"TestExecution.StatsChange","Payload":{"NewTestResults":[{"TestCase":{"Id":"f02d089f-bff0-deae-e0d4-38cd7c83c531","FullyQualifiedName":"SeleniumExersice1.SeleniumTests.SearchingWikipedia","DisplayName":"SearchingWikipedia","ExecutorUri":"executor://NUnit3TestExecutor","Source":"C:\\Users\\raddk\\source\\repos\\Team-Bandits\\SeleniumExersice1\\SeleniumExersice1\\bin\\Debug\\net6.0\\fine-code-coverage\\build-output\\SeleniumExersice1.dll","CodeFilePath":null,"LineNumber":0,"Properties":[{"Key":{"Id":"NUnit.Seed","Label":"Seed","Category":"","Description":"","Attributes":0,"ValueType":"System.String"},"Value":"921704919"}]},"Attachments":[],"Outcome":2,"ErrorMessage":"OpenQA.Selenium.WebDriverException : An unknown exception was encountered sending an HTTP request to the remote WebDriver server for URL http://localhost:62755/session/ef9f193f4ce21484c3d53aacff42f958/url. The exception message was: An error occurred while sending the request.\r\n  ----> System.Net.Http.HttpRequestException : An error occurred while sending the request.\r\n  ----> System.IO.IOException : Unable to read data from the transport connection: An existing connection was forcibly closed by the remote host..\r\n  ----> System.Net.Sockets.SocketException : An existing connection was forcibly closed by the remote host.","ErrorStackTrace":"   at OpenQA.Selenium.Remote.HttpCommandExecutor.Execute(Command commandToExecute)\r\n   at OpenQA.Selenium.Remote.DriverServiceCommandExecutor.Execute(Command commandToExecute)\r\n   at OpenQA.Selenium.WebDriver.Execute(String driverCommandToExecute, Dictionary`2 parameters)\r\n   at OpenQA.Selenium.WebDriver.set_Url(String value)\r\n   at SeleniumExersice1.SeleniumTests.SearchingWikipedia() in C:\\Users\\raddk\\source\\repos\\Team-Bandits\\SeleniumExersice1\\SeleniumExersice1\\Wikipedia.cs:line 27\r\n--HttpRequestException\r\n   at System.Net.Http.HttpConnection.SendAsyncCore(HttpRequestMessage request, Boolean async, CancellationToken cancellationToken)\r\n   at System.Net.Http.HttpConnectionPool.SendWithVersionDetectionAndRetryAsync(HttpRequestMessage request, Boolean async, Boolean doRequestAuth, CancellationToken cancellationToken)\r\n   at System.Net.Http.RedirectHandler.SendAsync(HttpRequestMessage request, Boolean async, CancellationToken cancellationToken)\r\n   at System.Net.Http.HttpClient.<SendAsync>g__Core|83_0(HttpRequestMessage request, HttpCompletionOption completionOption, CancellationTokenSource cts, Boolean disposeCts, CancellationTokenSource pendingRequestsCts, CancellationToken originalCancellationToken)\r\n   at OpenQA.Selenium.Remote.HttpCommandExecutor.MakeHttpRequest(HttpRequestInfo requestInfo)\r\n   at OpenQA.Selenium.Remote.HttpCommandExecutor.Execute(Command commandToExecute)\r\n--IOException\r\n   at System.Net.Sockets.Socket.AwaitableSocketAsyncEventArgs.ThrowException(SocketError error, CancellationToken cancellationToken)\r\n   at System.Net.Sockets.Socket.AwaitableSocketAsyncEventArgs.System.Threading.Tasks.Sources.IValueTaskSource<System.Int32>.GetResult(Int16 token)\r\n   at System.Net.Http.HttpConnection.SendAsyncCore(HttpRequestMessage request, Boolean async, CancellationToken cancellationToken)\r\n--SocketException\r\n\n","DisplayName":"SearchingWikipedia","Messages":[],"ComputerName":"RADOSTIN03","Duration":"00:00:10.4045590","StartTime":"2023-04-18T12:17:08.3974105+00:00","EndTime":"2023-04-18T12:17:18.8018806+00:00","Properties":[{"Key":{"Id":"NUnit.Seed","Label":"Seed","Category":"","Description":"","Attributes":0,"ValueType":"System.String"},"Value":"921704919"}]}],"TestRunStatistics":{"ExecutedTests":1,"Stats":{"Failed":1}},"ActiveTests":[{"Id":"8cfd7da8-21aa-5d33-e484-dba0033c2b7e","FullyQualifiedName":"SeleniumExersice1.Sumator.ResetButtonValidation","DisplayName":"ResetButtonValidation","ExecutorUri":"executor://NUnit3TestExecutor","Source":"C:\\Users\\raddk\\source\\repos\\Team-Bandits\\SeleniumExersice1\\SeleniumExersice1\\bin\\Debug\\net6.0\\fine-code-coverage\\build-output\\SeleniumExersice1.dll","CodeFilePath":null,"LineNumber":0,"Properties":[{"Key":{"Id":"NUnit.Seed","Label":"Seed","Category":"","Description":"","Attributes":0,"ValueType":"System.String"},"Value":"1286443896"}]}]}}
TpTrace Verbose: 0 : 15428, 11, 2023/04/18, 15:17:18.876, 4230382475880, vstest.console.dll, TestRunRequest:SendTestRunStatsChange: Starting.
TpTrace Verbose: 0 : 15428, 11, 2023/04/18, 15:17:18.877, 4230382477278, vstest.console.dll, InProgress is ResetButtonValidation
TpTrace Verbose: 0 : 15428, 11, 2023/04/18, 15:17:18.877, 4230382481831, vstest.console.dll, MulticastDelegateUtilities.SafeInvoke: TestRun.RunStatsChanged: Invoking callbacks was skipped because there are no subscribers.
TpTrace Information: 0 : 15428, 11, 2023/04/18, 15:17:18.877, 4230382482628, vstest.console.dll, TestRunRequest:SendTestRunStatsChange: Completed.
TpTrace Verbose: 0 : 15428, 11, 2023/04/18, 15:17:18.877, 4230382483350, vstest.console.dll, MulticastDelegateUtilities.SafeInvoke: LengthPrefixCommunicationChannel: MessageReceived: Invoking callback 1/1 for Microsoft.VisualStudio.TestPlatform.CommunicationUtilities.TestRequestSender+<>c__DisplayClass34_0., took 11 ms.
TpTrace Verbose: 0 : 15428, 11, 2023/04/18, 15:17:18.877, 4230382484069, vstest.console.dll, TcpClientExtensions.MessageLoopAsync: Polling on remoteEndPoint: 127.0.0.1:62751 localEndPoint: 127.0.0.1:62750
TpTrace Verbose: 0 : 15428, 4, 2023/04/18, 15:17:18.881, 4230382526148, vstest.console.dll, MulticastDelegateUtilities.SafeInvoke: InternalTestLoggerEvents.SendTestResult: Invoking callback 1/1 for Microsoft.VisualStudio.TestPlatform.CommandLine.Internal.ConsoleLogger., took 4 ms.
TpTrace Verbose: 0 : 15428, 11, 2023/04/18, 15:17:19.878, 4230392489875, vstest.console.dll, TcpClientExtensions.MessageLoopAsync: Polling on remoteEndPoint: 127.0.0.1:62751 localEndPoint: 127.0.0.1:62750
TpTrace Verbose: 0 : 15428, 11, 2023/04/18, 15:17:20.880, 4230402514888, vstest.console.dll, TcpClientExtensions.MessageLoopAsync: Polling on remoteEndPoint: 127.0.0.1:62751 localEndPoint: 127.0.0.1:62750
TpTrace Verbose: 0 : 15428, 11, 2023/04/18, 15:17:21.729, 4230411001994, vstest.console.dll, TcpClientExtensions.MessageLoopAsync: NotifyDataAvailable remoteEndPoint: 127.0.0.1:62751 localEndPoint: 127.0.0.1:62750
TpTrace Verbose: 0 : 15428, 11, 2023/04/18, 15:17:21.729, 4230411004986, vstest.console.dll, TestRequestSender.OnExecutionMessageReceived: Received message: {"Version":7,"MessageType":"TestExecution.StatsChange","Payload":{"NewTestResults":[{"TestCase":{"Id":"8cfd7da8-21aa-5d33-e484-dba0033c2b7e","FullyQualifiedName":"SeleniumExersice1.Sumator.ResetButtonValidation","DisplayName":"ResetButtonValidation","ExecutorUri":"executor://NUnit3TestExecutor","Source":"C:\\Users\\raddk\\source\\repos\\Team-Bandits\\SeleniumExersice1\\SeleniumExersice1\\bin\\Debug\\net6.0\\fine-code-coverage\\build-output\\SeleniumExersice1.dll","CodeFilePath":null,"LineNumber":0,"Properties":[{"Key":{"Id":"NUnit.Seed","Label":"Seed","Category":"","Description":"","Attributes":0,"ValueType":"System.String"},"Value":"1286443896"}]},"Attachments":[],"Outcome":1,"ErrorMessage":null,"ErrorStackTrace":null,"DisplayName":"ResetButtonValidation","Messages":[],"ComputerName":"RADOSTIN03","Duration":"00:00:02.9172070","StartTime":"2023-04-18T12:17:18.8062353+00:00","EndTime":"2023-04-18T12:17:21.7234424+00:00","Properties":[{"Key":{"Id":"NUnit.Seed","Label":"Seed","Category":"","Description":"","Attributes":0,"ValueType":"System.String"},"Value":"1286443896"}]}],"TestRunStatistics":{"ExecutedTests":2,"Stats":{"Failed":1,"Passed":1}},"ActiveTests":[{"Id":"6a9330ca-904b-1fbd-0abf-f266083633cb","FullyQualifiedName":"SeleniumExersice1.Sumator.TestInvalidInput","DisplayName":"TestInvalidInput","ExecutorUri":"executor://NUnit3TestExecutor","Source":"C:\\Users\\raddk\\source\\repos\\Team-Bandits\\SeleniumExersice1\\SeleniumExersice1\\bin\\Debug\\net6.0\\fine-code-coverage\\build-output\\SeleniumExersice1.dll","CodeFilePath":null,"LineNumber":0,"Properties":[{"Key":{"Id":"NUnit.Seed","Label":"Seed","Category":"","Description":"","Attributes":0,"ValueType":"System.String"},"Value":"350057023"}]}]}}
TpTrace Verbose: 0 : 15428, 11, 2023/04/18, 15:17:21.731, 4230411019128, vstest.console.dll, TestRunRequest:SendTestRunStatsChange: Starting.
TpTrace Verbose: 0 : 15428, 11, 2023/04/18, 15:17:21.731, 4230411020237, vstest.console.dll, InProgress is TestInvalidInput
TpTrace Verbose: 0 : 15428, 11, 2023/04/18, 15:17:21.731, 4230411021133, vstest.console.dll, MulticastDelegateUtilities.SafeInvoke: TestRun.RunStatsChanged: Invoking callbacks was skipped because there are no subscribers.
TpTrace Information: 0 : 15428, 11, 2023/04/18, 15:17:21.731, 4230411021728, vstest.console.dll, TestRunRequest:SendTestRunStatsChange: Completed.
TpTrace Verbose: 0 : 15428, 11, 2023/04/18, 15:17:21.731, 4230411022297, vstest.console.dll, MulticastDelegateUtilities.SafeInvoke: LengthPrefixCommunicationChannel: MessageReceived: Invoking callback 1/1 for Microsoft.VisualStudio.TestPlatform.CommunicationUtilities.TestRequestSender+<>c__DisplayClass34_0., took 1 ms.
TpTrace Verbose: 0 : 15428, 11, 2023/04/18, 15:17:21.731, 4230411023159, vstest.console.dll, TcpClientExtensions.MessageLoopAsync: Polling on remoteEndPoint: 127.0.0.1:62751 localEndPoint: 127.0.0.1:62750
TpTrace Verbose: 0 : 15428, 4, 2023/04/18, 15:17:21.731, 4230411026403, vstest.console.dll, MulticastDelegateUtilities.SafeInvoke: InternalTestLoggerEvents.SendTestResult: Invoking callback 1/1 for Microsoft.VisualStudio.TestPlatform.CommandLine.Internal.ConsoleLogger., took 0 ms.
TpTrace Verbose: 0 : 15428, 11, 2023/04/18, 15:17:22.742, 4230421132704, vstest.console.dll, TcpClientExtensions.MessageLoopAsync: Polling on remoteEndPoint: 127.0.0.1:62751 localEndPoint: 127.0.0.1:62750
TpTrace Verbose: 0 : 15428, 11, 2023/04/18, 15:17:23.754, 4230431253254, vstest.console.dll, TcpClientExtensions.MessageLoopAsync: Polling on remoteEndPoint: 127.0.0.1:62751 localEndPoint: 127.0.0.1:62750
TpTrace Verbose: 0 : 15428, 11, 2023/04/18, 15:17:24.476, 4230438473970, vstest.console.dll, TcpClientExtensions.MessageLoopAsync: NotifyDataAvailable remoteEndPoint: 127.0.0.1:62751 localEndPoint: 127.0.0.1:62750
TpTrace Verbose: 0 : 15428, 11, 2023/04/18, 15:17:24.477, 4230438476543, vstest.console.dll, TestRequestSender.OnExecutionMessageReceived: Received message: {"Version":7,"MessageType":"TestExecution.StatsChange","Payload":{"NewTestResults":[{"TestCase":{"Id":"6a9330ca-904b-1fbd-0abf-f266083633cb","FullyQualifiedName":"SeleniumExersice1.Sumator.TestInvalidInput","DisplayName":"TestInvalidInput","ExecutorUri":"executor://NUnit3TestExecutor","Source":"C:\\Users\\raddk\\source\\repos\\Team-Bandits\\SeleniumExersice1\\SeleniumExersice1\\bin\\Debug\\net6.0\\fine-code-coverage\\build-output\\SeleniumExersice1.dll","CodeFilePath":null,"LineNumber":0,"Properties":[{"Key":{"Id":"NUnit.Seed","Label":"Seed","Category":"","Description":"","Attributes":0,"ValueType":"System.String"},"Value":"350057023"}]},"Attachments":[],"Outcome":1,"ErrorMessage":null,"ErrorStackTrace":null,"DisplayName":"TestInvalidInput","Messages":[],"ComputerName":"RADOSTIN03","Duration":"00:00:02.7493910","StartTime":"2023-04-18T12:17:21.723477+00:00","EndTime":"2023-04-18T12:17:24.472868+00:00","Properties":[{"Key":{"Id":"NUnit.Seed","Label":"Seed","Category":"","Description":"","Attributes":0,"ValueType":"System.String"},"Value":"350057023"}]}],"TestRunStatistics":{"ExecutedTests":3,"Stats":{"Failed":1,"Passed":2}},"ActiveTests":[{"Id":"f0ba839c-7746-479d-111f-c5b4ccdf9ab7","FullyQualifiedName":"SeleniumExersice1.Sumator.TestWithTwoPositiveNumbers","DisplayName":"TestWithTwoPositiveNumbers","ExecutorUri":"executor://NUnit3TestExecutor","Source":"C:\\Users\\raddk\\source\\repos\\Team-Bandits\\SeleniumExersice1\\SeleniumExersice1\\bin\\Debug\\net6.0\\fine-code-coverage\\build-output\\SeleniumExersice1.dll","CodeFilePath":null,"LineNumber":0,"Properties":[{"Key":{"Id":"NUnit.Seed","Label":"Seed","Category":"","Description":"","Attributes":0,"ValueType":"System.String"},"Value":"334215657"}]}]}}
TpTrace Verbose: 0 : 15428, 11, 2023/04/18, 15:17:24.477, 4230438484486, vstest.console.dll, TestRunRequest:SendTestRunStatsChange: Starting.
TpTrace Verbose: 0 : 15428, 11, 2023/04/18, 15:17:24.477, 4230438485741, vstest.console.dll, InProgress is TestWithTwoPositiveNumbers
TpTrace Verbose: 0 : 15428, 11, 2023/04/18, 15:17:24.478, 4230438486721, vstest.console.dll, MulticastDelegateUtilities.SafeInvoke: TestRun.RunStatsChanged: Invoking callbacks was skipped because there are no subscribers.
TpTrace Information: 0 : 15428, 11, 2023/04/18, 15:17:24.478, 4230438487410, vstest.console.dll, TestRunRequest:SendTestRunStatsChange: Completed.
TpTrace Verbose: 0 : 15428, 11, 2023/04/18, 15:17:24.478, 4230438488221, vstest.console.dll, MulticastDelegateUtilities.SafeInvoke: LengthPrefixCommunicationChannel: MessageReceived: Invoking callback 1/1 for Microsoft.VisualStudio.TestPlatform.CommunicationUtilities.TestRequestSender+<>c__DisplayClass34_0., took 1 ms.
TpTrace Verbose: 0 : 15428, 11, 2023/04/18, 15:17:24.478, 4230438488953, vstest.console.dll, TcpClientExtensions.MessageLoopAsync: Polling on remoteEndPoint: 127.0.0.1:62751 localEndPoint: 127.0.0.1:62750
TpTrace Verbose: 0 : 15428, 4, 2023/04/18, 15:17:24.478, 4230438490050, vstest.console.dll, MulticastDelegateUtilities.SafeInvoke: InternalTestLoggerEvents.SendTestResult: Invoking callback 1/1 for Microsoft.VisualStudio.TestPlatform.CommandLine.Internal.ConsoleLogger., took 0 ms.
TpTrace Verbose: 0 : 15428, 11, 2023/04/18, 15:17:25.486, 4230448576451, vstest.console.dll, TcpClientExtensions.MessageLoopAsync: Polling on remoteEndPoint: 127.0.0.1:62751 localEndPoint: 127.0.0.1:62750
TpTrace Verbose: 0 : 15428, 11, 2023/04/18, 15:17:26.495, 4230458660361, vstest.console.dll, TcpClientExtensions.MessageLoopAsync: Polling on remoteEndPoint: 127.0.0.1:62751 localEndPoint: 127.0.0.1:62750
TpTrace Verbose: 0 : 15428, 11, 2023/04/18, 15:17:27.503, 4230468740211, vstest.console.dll, TcpClientExtensions.MessageLoopAsync: Polling on remoteEndPoint: 127.0.0.1:62751 localEndPoint: 127.0.0.1:62750
TpTrace Verbose: 0 : 15428, 11, 2023/04/18, 15:17:28.179, 4230475501327, vstest.console.dll, TcpClientExtensions.MessageLoopAsync: NotifyDataAvailable remoteEndPoint: 127.0.0.1:62751 localEndPoint: 127.0.0.1:62750
TpTrace Verbose: 0 : 15428, 11, 2023/04/18, 15:17:28.179, 4230475502884, vstest.console.dll, TestRequestSender.OnExecutionMessageReceived: Received message: {"Version":7,"MessageType":"TestSession.Message","Payload":{"MessageLevel":0,"Message":"NUnit Adapter 4.4.0.0: Test execution complete"}}
TpTrace Verbose: 0 : 15428, 11, 2023/04/18, 15:17:28.179, 4230475504190, vstest.console.dll, TestRunRequest:SendTestRunMessage: Starting.
TpTrace Verbose: 0 : 15428, 11, 2023/04/18, 15:17:28.179, 4230475505252, vstest.console.dll, MulticastDelegateUtilities.SafeInvoke: TestRun.LogMessages: Invoking callback 1/1 for Microsoft.VisualStudio.TestPlatform.CommandLine.TestRunResultAggregator., took 0 ms.
TpTrace Verbose: 0 : 15428, 4, 2023/04/18, 15:17:28.179, 4230475505370, vstest.console.dll, MulticastDelegateUtilities.SafeInvoke: InternalTestLoggerEvents.SendTestRunMessage: Invoking callback 1/1 for Microsoft.VisualStudio.TestPlatform.CommandLine.Internal.ConsoleLogger., took 0 ms.
TpTrace Information: 0 : 15428, 11, 2023/04/18, 15:17:28.179, 4230475505947, vstest.console.dll, TestRunRequest:SendTestRunMessage: Completed.
TpTrace Verbose: 0 : 15428, 11, 2023/04/18, 15:17:28.180, 4230475507363, vstest.console.dll, MulticastDelegateUtilities.SafeInvoke: LengthPrefixCommunicationChannel: MessageReceived: Invoking callback 1/1 for Microsoft.VisualStudio.TestPlatform.CommunicationUtilities.TestRequestSender+<>c__DisplayClass34_0., took 0 ms.
TpTrace Verbose: 0 : 15428, 11, 2023/04/18, 15:17:28.180, 4230475507850, vstest.console.dll, TcpClientExtensions.MessageLoopAsync: Polling on remoteEndPoint: 127.0.0.1:62751 localEndPoint: 127.0.0.1:62750
TpTrace Verbose: 0 : 15428, 11, 2023/04/18, 15:17:28.250, 4230476215768, vstest.console.dll, TcpClientExtensions.MessageLoopAsync: NotifyDataAvailable remoteEndPoint: 127.0.0.1:62751 localEndPoint: 127.0.0.1:62750
TpTrace Verbose: 0 : 15428, 11, 2023/04/18, 15:17:28.251, 4230476217649, vstest.console.dll, TestRequestSender.OnExecutionMessageReceived: Received message: {"Version":7,"MessageType":"TestExecution.Completed","Payload":{"TestRunCompleteArgs":{"TestRunStatistics":{"ExecutedTests":4,"Stats":{"Failed":1,"Passed":3}},"IsCanceled":false,"IsAborted":false,"Error":null,"AttachmentSets":[],"InvokedDataCollectors":[],"ElapsedTimeInRunningTests":"00:00:20.6131162","Metrics":{},"DiscoveredExtensions":{"TestDiscoverers":["NUnit.VisualStudio.TestAdapter.NUnit3TestDiscoverer, NUnit3.TestAdapter, Version=4.4.0.0, Culture=neutral, PublicKeyToken=4cb40d35494691ac"],"TestExecutors":["executor://NUnit3TestExecutor"],"TestExecutors2":[],"TestSettingsProviders":[]}},"LastRunTests":{"NewTestResults":[{"TestCase":{"Id":"f0ba839c-7746-479d-111f-c5b4ccdf9ab7","FullyQualifiedName":"SeleniumExersice1.Sumator.TestWithTwoPositiveNumbers","DisplayName":"TestWithTwoPositiveNumbers","ExecutorUri":"executor://NUnit3TestExecutor","Source":"C:\\Users\\raddk\\source\\repos\\Team-Bandits\\SeleniumExersice1\\SeleniumExersice1\\bin\\Debug\\net6.0\\fine-code-coverage\\build-output\\SeleniumExersice1.dll","CodeFilePath":null,"LineNumber":0,"Properties":[{"Key":{"Id":"NUnit.Seed","Label":"Seed","Category":"","Description":"","Attributes":0,"ValueType":"System.String"},"Value":"334215657"}]},"Attachments":[],"Outcome":1,"ErrorMessage":null,"ErrorStackTrace":null,"DisplayName":"TestWithTwoPositiveNumbers","Messages":[],"ComputerName":"RADOSTIN03","Duration":"00:00:03.6998920","StartTime":"2023-04-18T12:17:24.4729067+00:00","EndTime":"2023-04-18T12:17:28.1727983+00:00","Properties":[{"Key":{"Id":"NUnit.Seed","Label":"Seed","Category":"","Description":"","Attributes":0,"ValueType":"System.String"},"Value":"334215657"}]}],"TestRunStatistics":{"ExecutedTests":4,"Stats":{"Failed":1,"Passed":3}},"ActiveTests":[]},"RunAttachments":[],"ExecutorUris":["executor://nunit3testexecutor/"]}}
TpTrace Verbose: 0 : 15428, 11, 2023/04/18, 15:17:28.251, 4230476218992, vstest.console.dll, TestRequestSender.EndSession: Sending end session.
TpTrace Verbose: 0 : 15428, 11, 2023/04/18, 15:17:28.251, 4230476221940, vstest.console.dll, ProxyOperationManager.Close: waiting for test host to exit for 100 ms
TpTrace Warning: 0 : 15428, 10, 2023/04/18, 15:17:28.262, 4230476328140, vstest.console.dll, TestHostManagerCallbacks.ErrorReceivedCallback Test host standard error line: 
TpTrace Verbose: 0 : 15428, 10, 2023/04/18, 15:17:28.279, 4230476498210, vstest.console.dll, TestHostProvider.ExitCallBack: Host exited starting callback.
TpTrace Information: 0 : 15428, 10, 2023/04/18, 15:17:28.279, 4230476500508, vstest.console.dll, TestHostManagerCallbacks.ExitCallBack: Testhost processId: 11360 exited with exitcode: 0 error: '[1681820231.087][WARNING]: Processing messages while being disconnected
'
TpTrace Verbose: 0 : 15428, 10, 2023/04/18, 15:17:28.279, 4230476501123, vstest.console.dll, DotnetTestHostManager.OnHostExited: invoking OnHostExited callback
TpTrace Verbose: 0 : 15428, 10, 2023/04/18, 15:17:28.279, 4230476501745, vstest.console.dll, CrossPlatEngine.TestHostManagerHostExited: calling on client process exit callback.
TpTrace Information: 0 : 15428, 10, 2023/04/18, 15:17:28.279, 4230476502443, vstest.console.dll, TestRequestSender.OnClientProcessExit: Test host process exited. Standard error: [1681820231.087][WARNING]: Processing messages while being disconnected

TpTrace Information: 0 : 15428, 10, 2023/04/18, 15:17:28.279, 4230476503261, vstest.console.dll, SocketServer.Stop: Stop server endPoint: 127.0.0.1:62750
TpTrace Information: 0 : 15428, 11, 2023/04/18, 15:17:28.279, 4230476503261, vstest.console.dll, SocketServer.Stop: Stop server endPoint: 127.0.0.1:62750
TpTrace Information: 0 : 15428, 10, 2023/04/18, 15:17:28.279, 4230476503910, vstest.console.dll, SocketServer.Stop: Cancellation requested. Stopping message loop.
TpTrace Information: 0 : 15428, 11, 2023/04/18, 15:17:28.279, 4230476504533, vstest.console.dll, SocketServer.Stop: Cancellation requested. Stopping message loop.
TpTrace Verbose: 0 : 15428, 10, 2023/04/18, 15:17:28.279, 4230476505659, vstest.console.dll, MulticastDelegateUtilities.SafeInvoke: HostProviderEvents.OnHostExited: Invoking callback 1/1 for Microsoft.VisualStudio.TestPlatform.CrossPlatEngine.Client.ProxyOperationManager., took 0 ms.
TpTrace Information: 0 : 15428, 11, 2023/04/18, 15:17:28.279, 4230476505961, vstest.console.dll, Closing the connection
TpTrace Verbose: 0 : 15428, 11, 2023/04/18, 15:17:28.280, 4230476509412, vstest.console.dll, ProxyDataCollectionManager.InvokeDataCollectionServiceAction: Starting.
TpTrace Information: 0 : 15428, 11, 2023/04/18, 15:17:28.280, 4230476510137, vstest.console.dll, ProxyDataCollectionManager.AfterTestRunEnd: Get attachment set and invoked data collectors processId: 13928 port: 62747
TpTrace Verbose: 0 : 15428, 11, 2023/04/18, 15:17:28.280, 4230476510920, vstest.console.dll, DataCollectionRequestSender.SendAfterTestRunStartAndGetResult: Send AfterTestRunEnd message with isCancelled: False
TpTrace Verbose: 0 : 15428, 11, 2023/04/18, 15:17:28.292, 4230476631886, vstest.console.dll, DataCollectionRequestSender.SendAfterTestRunStartAndGetResult: Received message: (DataCollection.AfterTestRunEndResult) -> {"MessageType":"DataCollection.AfterTestRunEndResult","Payload":{"AttachmentSets":[],"InvokedDataCollectors":[{"Uri":"datacollector://Microsoft/TestPlatform/Extensions/Blame/v1","FriendlyName":"Blame","AssemblyQualifiedName":"Microsoft.TestPlatform.Extensions.BlameDataCollector.BlameCollector, Microsoft.TestPlatform.Extensions.BlameDataCollector, Version=15.0.0.0, Culture=neutral, PublicKeyToken=b03f5f7f11d50a3a","FilePath":"C:\\Program Files\\dotnet\\sdk\\7.0.202\\Extensions\\Microsoft.TestPlatform.Extensions.BlameDataCollector.dll","HasAttachmentProcessor":false}],"Metrics":{}}}
TpTrace Warning: 0 : 15428, 9, 2023/04/18, 15:17:28.298, 4230476695338, vstest.console.dll, DataCollectionLauncher.ErrorReceivedCallback datacollector standard error line: 
TpTrace Information: 0 : 15428, 11, 2023/04/18, 15:17:28.299, 4230476698308, vstest.console.dll, ProxyDataCollectionManager.InvokeDataCollectionServiceAction: Completed.
TpTrace Information: 0 : 15428, 9, 2023/04/18, 15:17:28.352, 4230477236361, vstest.console.dll, DataCollectionLauncher.ExitCallBack: Data collector exited with exitcode: 0 error: ''
TpTrace Verbose: 0 : 15428, 11, 2023/04/18, 15:17:28.403, 4230477741053, vstest.console.dll, TestRunRequest:SendTestRunStatsChange: Starting.
TpTrace Verbose: 0 : 15428, 11, 2023/04/18, 15:17:28.403, 4230477742443, vstest.console.dll, MulticastDelegateUtilities.SafeInvoke: TestRun.RunStatsChanged: Invoking callbacks was skipped because there are no subscribers.
TpTrace Information: 0 : 15428, 11, 2023/04/18, 15:17:28.403, 4230477743150, vstest.console.dll, TestRunRequest:SendTestRunStatsChange: Completed.
TpTrace Verbose: 0 : 15428, 4, 2023/04/18, 15:17:28.403, 4230477743324, vstest.console.dll, MulticastDelegateUtilities.SafeInvoke: InternalTestLoggerEvents.SendTestResult: Invoking callback 1/1 for Microsoft.VisualStudio.TestPlatform.CommandLine.Internal.ConsoleLogger., took 0 ms.
TpTrace Verbose: 0 : 15428, 11, 2023/04/18, 15:17:28.404, 4230477749493, vstest.console.dll, ParallelProxyExecutionManager: HandlePartialRunComplete: Total completed clients = 1, Run complete = True, Run canceled: False.
TpTrace Verbose: 0 : 15428, 4, 2023/04/18, 15:17:28.417, 4230477883405, vstest.console.dll, MulticastDelegateUtilities.SafeInvoke: InternalTestLoggerEvents.SendTestRunComplete: Invoking callback 1/2 for Microsoft.TestPlatform.Extensions.BlameDataCollector.BlameLogger., took 0 ms.
TpTrace Verbose: 0 : 15428, 4, 2023/04/18, 15:17:28.425, 4230477956628, vstest.console.dll, MulticastDelegateUtilities.SafeInvoke: InternalTestLoggerEvents.SendTestRunComplete: Invoking callback 2/2 for Microsoft.VisualStudio.TestPlatform.CommandLine.Internal.ConsoleLogger., took 7 ms.
TpTrace Verbose: 0 : 15428, 11, 2023/04/18, 15:17:28.425, 4230477962093, vstest.console.dll, TestRunRequest:TestRunComplete: Starting. IsAborted:False IsCanceled:False.
TpTrace Verbose: 0 : 15428, 11, 2023/04/18, 15:17:28.427, 4230477984379, vstest.console.dll, TestLoggerManager.HandleTestRunComplete: Ignoring as the object is disposed.
TpTrace Verbose: 0 : 15428, 11, 2023/04/18, 15:17:28.428, 4230477988922, vstest.console.dll, MulticastDelegateUtilities.SafeInvoke: TestRun.TestRunComplete: Invoking callback 1/2 for Microsoft.VisualStudio.TestPlatform.CommandLine.TestRunResultAggregator., took 0 ms.
TpTrace Verbose: 0 : 15428, 11, 2023/04/18, 15:17:28.428, 4230477991726, vstest.console.dll, MulticastDelegateUtilities.SafeInvoke: TestRun.TestRunComplete: Invoking callback 2/2 for Microsoft.VisualStudio.TestPlatform.CommandLine.Processors.RunTestsArgumentExecutor+TestRunRequestEventsRegistrar., took 0 ms.
TpTrace Information: 0 : 15428, 11, 2023/04/18, 15:17:28.428, 4230477993425, vstest.console.dll, TestRunRequest:TestRunComplete: Completed.
TpTrace Verbose: 0 : 15428, 11, 2023/04/18, 15:17:28.428, 4230477994202, vstest.console.dll, TestRequestSender.SetOperationComplete: Setting operation complete.
TpTrace Verbose: 0 : 15428, 1, 2023/04/18, 15:17:28.428, 4230477994319, vstest.console.dll, TestRunRequest.Dispose: Starting.
TpTrace Information: 0 : 15428, 11, 2023/04/18, 15:17:28.428, 4230477995601, vstest.console.dll, SocketServer.Stop: Stop server endPoint: 127.0.0.1:62750
TpTrace Information: 0 : 15428, 11, 2023/04/18, 15:17:28.428, 4230477996243, vstest.console.dll, SocketServer.Stop: Cancellation requested. Stopping message loop.
TpTrace Information: 0 : 15428, 1, 2023/04/18, 15:17:28.428, 4230477995782, vstest.console.dll, TestRunRequest.Dispose: Completed.
TpTrace Verbose: 0 : 15428, 11, 2023/04/18, 15:17:28.429, 4230477996944, vstest.console.dll, MulticastDelegateUtilities.SafeInvoke: LengthPrefixCommunicationChannel: MessageReceived: Invoking callback 1/1 for Microsoft.VisualStudio.TestPlatform.CommunicationUtilities.TestRequestSender+<>c__DisplayClass34_0., took 177 ms.
TpTrace Information: 0 : 15428, 1, 2023/04/18, 15:17:28.429, 4230477997785, vstest.console.dll, TestRequestManager.RunTests: run tests completed.
TpTrace Information: 0 : 15428, 11, 2023/04/18, 15:17:28.429, 4230477998401, vstest.console.dll, SocketServer.PrivateStop: Stopping server endPoint: 127.0.0.1:62750 error: 
TpTrace Information: 0 : 15428, 1, 2023/04/18, 15:17:28.429, 4230478000546, vstest.console.dll, RunTestsArgumentProcessor:Execute: Test run is completed.
TpTrace Verbose: 0 : 15428, 1, 2023/04/18, 15:17:28.429, 4230478003754, vstest.console.dll, Executor.Execute: Exiting with exit code of 1
TpTrace Verbose: 0 : 15428, 11, 2023/04/18, 15:17:28.430, 4230478007367, vstest.console.dll, LengthPrefixCommunicationChannel.Dispose: Dispose reader and writer.
TpTrace Information: 0 : 15428, 11, 2023/04/18, 15:17:28.430, 4230478008817, vstest.console.dll, SocketServer.Stop: Raise disconnected event endPoint: 127.0.0.1:62750 error: 
TpTrace Verbose: 0 : 15428, 11, 2023/04/18, 15:17:28.430, 4230478010909, vstest.console.dll, TestRequestSender: OnTestRunAbort: Operation is already complete. Skip error message.
TpTrace Verbose: 0 : 15428, 11, 2023/04/18, 15:17:28.430, 4230478011687, vstest.console.dll, MulticastDelegateUtilities.SafeInvoke: SocketServer: ClientDisconnected: Invoking callback 1/1 for Microsoft.VisualStudio.TestPlatform.CommunicationUtilities.TestRequestSender., took 0 ms.
