TpTrace Verbose: 0 : 15928, 1, 2023/04/18, 15:15:10.714, 4229100849059, vstest.console.dll, Version: 17.5.0-release-20221220-01 Current process architecture: X64
TpTrace Verbose: 0 : 15928, 1, 2023/04/18, 15:15:10.716, 4229100867986, vstest.console.dll, Runtime location: C:\Program Files\dotnet\shared\Microsoft.NETCore.App\7.0.4
TpTrace Verbose: 0 : 15928, 1, 2023/04/18, 15:15:10.719, 4229100904171, vstest.console.dll, ArtifactProcessingPostProcessModeProcessorExecutor.Initialize: ArtifactProcessingMode.Collect
TpTrace Verbose: 0 : 15928, 1, 2023/04/18, 15:15:10.719, 4229100906264, vstest.console.dll, TestSessionCorrelationIdProcessorModeProcessorExecutor.Initialize: TestSessionCorrelationId '7284_a4f5e497-295d-4458-b5ef-563cde8529c8'
TpTrace Information: 0 : 15928, 1, 2023/04/18, 15:15:10.739, 4229101100953, vstest.console.dll, FilePatternParser: The given file C:\Users\raddk\source\repos\Team-Bandits\SeleniumExersice1\DDT Sumator\bin\Debug\net6.0\fine-code-coverage\build-output\DDT Sumator.dll is a full path.
TpTrace Verbose: 0 : 15928, 1, 2023/04/18, 15:15:10.746, 4229101168984, vstest.console.dll, TestPluginCache.DiscoverTestExtensions: finding test extensions in assemblies ends with: RuntimeProvider.dll TPluginInfo: Microsoft.VisualStudio.TestPlatform.Common.ExtensionFramework.Utilities.TestRuntimePluginInformation TExtension: Microsoft.VisualStudio.TestPlatform.ObjectModel.Host.ITestRuntimeProvider
TpTrace Verbose: 0 : 15928, 1, 2023/04/18, 15:15:10.746, 4229101173628, vstest.console.dll, TestPluginCache.GetExtensionPaths: Filtered extension paths: 
TpTrace Verbose: 0 : 15928, 1, 2023/04/18, 15:15:10.746, 4229101175009, vstest.console.dll, TestPluginCache.GetExtensionPaths: Added default extension paths: C:\Program Files\dotnet\sdk\7.0.202\Extensions\Microsoft.Diagnostics.NETCore.Client.dll
C:\Program Files\dotnet\sdk\7.0.202\Extensions\Microsoft.TestPlatform.Extensions.BlameDataCollector.dll
C:\Program Files\dotnet\sdk\7.0.202\Extensions\Microsoft.TestPlatform.Extensions.EventLogCollector.dll
C:\Program Files\dotnet\sdk\7.0.202\Extensions\Microsoft.TestPlatform.TestHostRuntimeProvider.dll
C:\Program Files\dotnet\sdk\7.0.202\Extensions\Microsoft.VisualStudio.TestPlatform.Extensions.Html.TestLogger.dll
C:\Program Files\dotnet\sdk\7.0.202\Extensions\Microsoft.VisualStudio.TestPlatform.Extensions.Trx.TestLogger.dll
TpTrace Verbose: 0 : 15928, 1, 2023/04/18, 15:15:10.746, 4229101175758, vstest.console.dll, TestPluginCache.GetExtensionPaths: Added unfilterableExtensionPaths: 
TpTrace Information: 0 : 15928, 1, 2023/04/18, 15:15:10.747, 4229101185721, vstest.console.dll, AssemblyResolver.ctor: Creating AssemblyResolver with searchDirectories C:\Program Files\dotnet\sdk\7.0.202\Extensions,C:\Program Files\dotnet\sdk\7.0.202
TpTrace Verbose: 0 : 15928, 1, 2023/04/18, 15:15:10.749, 4229101202291, vstest.console.dll, TestPluginCache.DiscoverTestExtensions: Discovering the extensions using extension path.
TpTrace Verbose: 0 : 15928, 1, 2023/04/18, 15:15:10.749, 4229101205428, vstest.console.dll, TestPluginCache.GetExtensionPaths: Filtered extension paths: 
TpTrace Verbose: 0 : 15928, 1, 2023/04/18, 15:15:10.750, 4229101206779, vstest.console.dll, TestPluginCache.GetExtensionPaths: Added default extension paths: C:\Program Files\dotnet\sdk\7.0.202\Extensions\Microsoft.Diagnostics.NETCore.Client.dll
C:\Program Files\dotnet\sdk\7.0.202\Extensions\Microsoft.TestPlatform.Extensions.BlameDataCollector.dll
C:\Program Files\dotnet\sdk\7.0.202\Extensions\Microsoft.TestPlatform.Extensions.EventLogCollector.dll
C:\Program Files\dotnet\sdk\7.0.202\Extensions\Microsoft.TestPlatform.TestHostRuntimeProvider.dll
C:\Program Files\dotnet\sdk\7.0.202\Extensions\Microsoft.VisualStudio.TestPlatform.Extensions.Html.TestLogger.dll
C:\Program Files\dotnet\sdk\7.0.202\Extensions\Microsoft.VisualStudio.TestPlatform.Extensions.Trx.TestLogger.dll
TpTrace Verbose: 0 : 15928, 1, 2023/04/18, 15:15:10.750, 4229101207553, vstest.console.dll, TestPluginCache.GetExtensionPaths: Added unfilterableExtensionPaths: 
TpTrace Verbose: 0 : 15928, 1, 2023/04/18, 15:15:10.750, 4229101209279, vstest.console.dll, TestPluginCache.DiscoverTestExtensions: Discovering the extensions using allExtensionPaths: C:\Program Files\dotnet\sdk\7.0.202\Extensions\Microsoft.Diagnostics.NETCore.Client.dll
C:\Program Files\dotnet\sdk\7.0.202\Extensions\Microsoft.TestPlatform.Extensions.BlameDataCollector.dll
C:\Program Files\dotnet\sdk\7.0.202\Extensions\Microsoft.TestPlatform.Extensions.EventLogCollector.dll
C:\Program Files\dotnet\sdk\7.0.202\Extensions\Microsoft.TestPlatform.TestHostRuntimeProvider.dll
C:\Program Files\dotnet\sdk\7.0.202\Extensions\Microsoft.VisualStudio.TestPlatform.Extensions.Html.TestLogger.dll
C:\Program Files\dotnet\sdk\7.0.202\Extensions\Microsoft.VisualStudio.TestPlatform.Extensions.Trx.TestLogger.dll
TpTrace Information: 0 : 15928, 1, 2023/04/18, 15:15:10.750, 4229101211625, vstest.console.dll, AssemblyResolver.AddSearchDirectories: Adding more searchDirectories C:\Program Files\dotnet\sdk\7.0.202\Extensions,C:\Program Files\dotnet\sdk\7.0.202
TpTrace Information: 0 : 15928, 1, 2023/04/18, 15:15:10.750, 4229101212637, vstest.console.dll, AssemblyResolver.AddSearchDirectories: Adding more searchDirectories C:\Program Files\dotnet\sdk\7.0.202\Extensions,C:\Program Files\dotnet\sdk\7.0.202
TpTrace Information: 0 : 15928, 1, 2023/04/18, 15:15:10.750, 4229101213188, vstest.console.dll, AssemblyResolver.AddSearchDirectories: Adding more searchDirectories C:\Program Files\dotnet\sdk\7.0.202\Extensions,C:\Program Files\dotnet\sdk\7.0.202
TpTrace Information: 0 : 15928, 1, 2023/04/18, 15:15:10.750, 4229101213688, vstest.console.dll, AssemblyResolver.AddSearchDirectories: Adding more searchDirectories C:\Program Files\dotnet\sdk\7.0.202\Extensions,C:\Program Files\dotnet\sdk\7.0.202
TpTrace Information: 0 : 15928, 1, 2023/04/18, 15:15:10.750, 4229101214223, vstest.console.dll, AssemblyResolver.AddSearchDirectories: Adding more searchDirectories C:\Program Files\dotnet\sdk\7.0.202\Extensions,C:\Program Files\dotnet\sdk\7.0.202
TpTrace Information: 0 : 15928, 1, 2023/04/18, 15:15:10.750, 4229101214718, vstest.console.dll, AssemblyResolver.AddSearchDirectories: Adding more searchDirectories C:\Program Files\dotnet\sdk\7.0.202\Extensions,C:\Program Files\dotnet\sdk\7.0.202
TpTrace Information: 0 : 15928, 1, 2023/04/18, 15:15:10.751, 4229101219520, vstest.console.dll, AssemblyResolver.OnResolve: Microsoft.Diagnostics.NETCore.Client: Resolving assembly.
TpTrace Information: 0 : 15928, 1, 2023/04/18, 15:15:10.751, 4229101220563, vstest.console.dll, AssemblyResolver.OnResolve: Microsoft.Diagnostics.NETCore.Client: Searching in: 'C:\Program Files\dotnet\sdk\7.0.202\Extensions'.
TpTrace Information: 0 : 15928, 1, 2023/04/18, 15:15:10.759, 4229101297979, vstest.console.dll, AssemblyResolver.OnResolve: Microsoft.Diagnostics.NETCore.Client: Loading assembly 'C:\Program Files\dotnet\sdk\7.0.202\Extensions\Microsoft.Diagnostics.NETCore.Client.dll'.
TpTrace Information: 0 : 15928, 1, 2023/04/18, 15:15:10.759, 4229101305066, vstest.console.dll, AssemblyResolver.OnResolve: Resolved assembly: Microsoft.Diagnostics.NETCore.Client, from path: C:\Program Files\dotnet\sdk\7.0.202\Extensions\Microsoft.Diagnostics.NETCore.Client.dll
TpTrace Verbose: 0 : 15928, 1, 2023/04/18, 15:15:10.761, 4229101316915, vstest.console.dll, MetadataReaderExtensionsHelper: Discovering extensions inside assembly 'Microsoft.Diagnostics.NETCore.Client, Version=0.2.6.42401, Culture=neutral, PublicKeyToken=31bf3856ad364e35' file path 'C:\Program Files\dotnet\sdk\7.0.202\Extensions\Microsoft.Diagnostics.NETCore.Client.dll'
TpTrace Information: 0 : 15928, 1, 2023/04/18, 15:15:10.765, 4229101358532, vstest.console.dll, AssemblyResolver.OnResolve: Microsoft.Bcl.AsyncInterfaces: Resolving assembly.
TpTrace Information: 0 : 15928, 1, 2023/04/18, 15:15:10.765, 4229101359855, vstest.console.dll, AssemblyResolver.OnResolve: Microsoft.Bcl.AsyncInterfaces: Searching in: 'C:\Program Files\dotnet\sdk\7.0.202\Extensions'.
TpTrace Information: 0 : 15928, 1, 2023/04/18, 15:15:10.765, 4229101361176, vstest.console.dll, AssemblyResolver.OnResolve: Microsoft.Bcl.AsyncInterfaces: Assembly path does not exist: 'C:\Program Files\dotnet\sdk\7.0.202\Extensions\Microsoft.Bcl.AsyncInterfaces.dll', returning.
TpTrace Information: 0 : 15928, 1, 2023/04/18, 15:15:10.765, 4229101362915, vstest.console.dll, AssemblyResolver.OnResolve: Microsoft.Bcl.AsyncInterfaces: Assembly path does not exist: 'C:\Program Files\dotnet\sdk\7.0.202\Extensions\Microsoft.Bcl.AsyncInterfaces.exe', returning.
TpTrace Information: 0 : 15928, 1, 2023/04/18, 15:15:10.765, 4229101364444, vstest.console.dll, AssemblyResolver.OnResolve: Microsoft.Bcl.AsyncInterfaces: Searching in: 'C:\Program Files\dotnet\sdk\7.0.202'.
TpTrace Information: 0 : 15928, 1, 2023/04/18, 15:15:10.766, 4229101367717, vstest.console.dll, AssemblyResolver.OnResolve: Microsoft.Bcl.AsyncInterfaces: Assembly path does not exist: 'C:\Program Files\dotnet\sdk\7.0.202\Microsoft.Bcl.AsyncInterfaces.dll', returning.
TpTrace Information: 0 : 15928, 1, 2023/04/18, 15:15:10.766, 4229101369487, vstest.console.dll, AssemblyResolver.OnResolve: Microsoft.Bcl.AsyncInterfaces: Assembly path does not exist: 'C:\Program Files\dotnet\sdk\7.0.202\Microsoft.Bcl.AsyncInterfaces.exe', returning.
TpTrace Information: 0 : 15928, 1, 2023/04/18, 15:15:10.766, 4229101370234, vstest.console.dll, AssemblyResolver.OnResolve: Microsoft.Bcl.AsyncInterfaces: Failed to load assembly.
TpTrace Verbose: 0 : 15928, 1, 2023/04/18, 15:15:10.766, 4229101370965, vstest.console.dll, CurrentDomainAssemblyResolve: Resolving assembly 'Microsoft.Bcl.AsyncInterfaces'.
TpTrace Information: 0 : 15928, 1, 2023/04/18, 15:15:10.766, 4229101371964, vstest.console.dll, AssemblyResolver.OnResolve: Microsoft.Bcl.AsyncInterfaces: Resolving assembly.
TpTrace Information: 0 : 15928, 1, 2023/04/18, 15:15:10.766, 4229101372643, vstest.console.dll, AssemblyResolver.OnResolve: Microsoft.Bcl.AsyncInterfaces: Resolved from cache.
TpTrace Verbose: 0 : 15928, 1, 2023/04/18, 15:15:10.766, 4229101373154, vstest.console.dll, CurrentDomainAssemblyResolve: Resolving assembly 'Microsoft.Bcl.AsyncInterfaces'.
TpTrace Verbose: 0 : 15928, 1, 2023/04/18, 15:15:10.766, 4229101373763, vstest.console.dll, CurrentDomainAssemblyResolve: Failed to resolve assembly 'Microsoft.Bcl.AsyncInterfaces'.
TpTrace Verbose: 0 : 15928, 1, 2023/04/18, 15:15:10.768, 4229101387212, vstest.console.dll, CurrentDomainAssemblyResolve: Failed to resolve assembly 'Microsoft.Bcl.AsyncInterfaces'.
TpTrace Warning: 0 : 15928, 1, 2023/04/18, 15:15:10.775, 4229101462393, vstest.console.dll, TestPluginDiscoverer: Failed to get types from assembly 'Microsoft.Diagnostics.NETCore.Client, Version=0.2.6.42401, Culture=neutral, PublicKeyToken=31bf3856ad364e35'. Error: System.Reflection.ReflectionTypeLoadException: Unable to load one or more of the requested types.
Could not load file or assembly 'Microsoft.Bcl.AsyncInterfaces, Version=1.0.0.0, Culture=neutral, PublicKeyToken=cc7b13ffcd2ddd51'. The system cannot find the file specified.
   at System.Reflection.RuntimeModule.GetTypes(RuntimeModule module)
   at System.Reflection.Assembly.GetTypes()
   at Microsoft.VisualStudio.TestPlatform.Common.ExtensionFramework.TestPluginDiscoverer.GetTestExtensionsFromAssembly[TPluginInfo,TExtension](Assembly assembly, Dictionary`2 pluginInfos, String filePath)
System.IO.FileNotFoundException: Could not load file or assembly 'Microsoft.Bcl.AsyncInterfaces, Version=1.0.0.0, Culture=neutral, PublicKeyToken=cc7b13ffcd2ddd51'. The system cannot find the file specified.
File name: 'Microsoft.Bcl.AsyncInterfaces, Version=1.0.0.0, Culture=neutral, PublicKeyToken=cc7b13ffcd2ddd51'
 ---> System.IO.FileNotFoundException: Could not load file or assembly 'Microsoft.Bcl.AsyncInterfaces, Culture=neutral, PublicKeyToken=null'. The system cannot find the file specified.
File name: 'Microsoft.Bcl.AsyncInterfaces, Culture=neutral, PublicKeyToken=null'
   at System.Reflection.RuntimeAssembly.InternalLoad(AssemblyName assemblyName, StackCrawlMark& stackMark, AssemblyLoadContext assemblyLoadContext, RuntimeAssembly requestingAssembly, Boolean throwOnFileNotFound)
   at System.Reflection.Assembly.Load(AssemblyName assemblyRef)
   at Microsoft.VisualStudio.TestPlatform.Common.ExtensionFramework.TestPluginCache.CurrentDomainAssemblyResolve(Object sender, AssemblyResolveEventArgs args)
   at System.Runtime.Loader.AssemblyLoadContext.GetFirstResolvedAssemblyFromResolvingEvent(AssemblyName assemblyName)
   at System.Runtime.Loader.AssemblyLoadContext.ResolveUsingEvent(AssemblyName assemblyName)
   at System.Runtime.Loader.AssemblyLoadContext.ResolveUsingResolvingEvent(IntPtr gchManagedAssemblyLoadContext, AssemblyName assemblyName)
TpTrace Warning: 0 : 15928, 1, 2023/04/18, 15:15:10.776, 4229101467983, vstest.console.dll, LoaderExceptions: System.IO.FileNotFoundException: Could not load file or assembly 'Microsoft.Bcl.AsyncInterfaces, Version=1.0.0.0, Culture=neutral, PublicKeyToken=cc7b13ffcd2ddd51'. The system cannot find the file specified.
File name: 'Microsoft.Bcl.AsyncInterfaces, Version=1.0.0.0, Culture=neutral, PublicKeyToken=cc7b13ffcd2ddd51'
 ---> System.IO.FileNotFoundException: Could not load file or assembly 'Microsoft.Bcl.AsyncInterfaces, Culture=neutral, PublicKeyToken=null'. The system cannot find the file specified.
File name: 'Microsoft.Bcl.AsyncInterfaces, Culture=neutral, PublicKeyToken=null'
   at System.Reflection.RuntimeAssembly.InternalLoad(AssemblyName assemblyName, StackCrawlMark& stackMark, AssemblyLoadContext assemblyLoadContext, RuntimeAssembly requestingAssembly, Boolean throwOnFileNotFound)
   at System.Reflection.Assembly.Load(AssemblyName assemblyRef)
   at Microsoft.VisualStudio.TestPlatform.Common.ExtensionFramework.TestPluginCache.CurrentDomainAssemblyResolve(Object sender, AssemblyResolveEventArgs args)
   at System.Runtime.Loader.AssemblyLoadContext.GetFirstResolvedAssemblyFromResolvingEvent(AssemblyName assemblyName)
   at System.Runtime.Loader.AssemblyLoadContext.ResolveUsingEvent(AssemblyName assemblyName)
   at System.Runtime.Loader.AssemblyLoadContext.ResolveUsingResolvingEvent(IntPtr gchManagedAssemblyLoadContext, AssemblyName assemblyName)
TpTrace Information: 0 : 15928, 1, 2023/04/18, 15:15:10.776, 4229101470549, vstest.console.dll, AssemblyResolver.OnResolve: Microsoft.TestPlatform.Extensions.BlameDataCollector: Resolving assembly.
TpTrace Information: 0 : 15928, 1, 2023/04/18, 15:15:10.776, 4229101471454, vstest.console.dll, AssemblyResolver.OnResolve: Microsoft.TestPlatform.Extensions.BlameDataCollector: Searching in: 'C:\Program Files\dotnet\sdk\7.0.202\Extensions'.
TpTrace Information: 0 : 15928, 1, 2023/04/18, 15:15:10.776, 4229101476081, vstest.console.dll, AssemblyResolver.OnResolve: Microsoft.TestPlatform.Extensions.BlameDataCollector: Loading assembly 'C:\Program Files\dotnet\sdk\7.0.202\Extensions\Microsoft.TestPlatform.Extensions.BlameDataCollector.dll'.
TpTrace Information: 0 : 15928, 1, 2023/04/18, 15:15:10.777, 4229101482206, vstest.console.dll, AssemblyResolver.OnResolve: Resolved assembly: Microsoft.TestPlatform.Extensions.BlameDataCollector, from path: C:\Program Files\dotnet\sdk\7.0.202\Extensions\Microsoft.TestPlatform.Extensions.BlameDataCollector.dll
TpTrace Verbose: 0 : 15928, 1, 2023/04/18, 15:15:10.777, 4229101483416, vstest.console.dll, MetadataReaderExtensionsHelper: Discovering extensions inside assembly 'Microsoft.TestPlatform.Extensions.BlameDataCollector, Version=15.0.0.0, Culture=neutral, PublicKeyToken=b03f5f7f11d50a3a' file path 'C:\Program Files\dotnet\sdk\7.0.202\Extensions\Microsoft.TestPlatform.Extensions.BlameDataCollector.dll'
TpTrace Information: 0 : 15928, 1, 2023/04/18, 15:15:10.779, 4229101503306, vstest.console.dll, AssemblyResolver.OnResolve: Microsoft.TestPlatform.Extensions.EventLogCollector: Resolving assembly.
TpTrace Information: 0 : 15928, 1, 2023/04/18, 15:15:10.779, 4229101504681, vstest.console.dll, AssemblyResolver.OnResolve: Microsoft.TestPlatform.Extensions.EventLogCollector: Searching in: 'C:\Program Files\dotnet\sdk\7.0.202\Extensions'.
TpTrace Information: 0 : 15928, 1, 2023/04/18, 15:15:10.780, 4229101508583, vstest.console.dll, AssemblyResolver.OnResolve: Microsoft.TestPlatform.Extensions.EventLogCollector: Loading assembly 'C:\Program Files\dotnet\sdk\7.0.202\Extensions\Microsoft.TestPlatform.Extensions.EventLogCollector.dll'.
TpTrace Information: 0 : 15928, 1, 2023/04/18, 15:15:10.780, 4229101514470, vstest.console.dll, AssemblyResolver.OnResolve: Resolved assembly: Microsoft.TestPlatform.Extensions.EventLogCollector, from path: C:\Program Files\dotnet\sdk\7.0.202\Extensions\Microsoft.TestPlatform.Extensions.EventLogCollector.dll
TpTrace Verbose: 0 : 15928, 1, 2023/04/18, 15:15:10.780, 4229101515642, vstest.console.dll, MetadataReaderExtensionsHelper: Discovering extensions inside assembly 'Microsoft.TestPlatform.Extensions.EventLogCollector, Version=15.0.0.0, Culture=neutral, PublicKeyToken=b03f5f7f11d50a3a' file path 'C:\Program Files\dotnet\sdk\7.0.202\Extensions\Microsoft.TestPlatform.Extensions.EventLogCollector.dll'
TpTrace Information: 0 : 15928, 1, 2023/04/18, 15:15:10.783, 4229101539098, vstest.console.dll, AssemblyResolver.OnResolve: Microsoft.TestPlatform.TestHostRuntimeProvider: Resolving assembly.
TpTrace Information: 0 : 15928, 1, 2023/04/18, 15:15:10.783, 4229101540444, vstest.console.dll, AssemblyResolver.OnResolve: Microsoft.TestPlatform.TestHostRuntimeProvider: Searching in: 'C:\Program Files\dotnet\sdk\7.0.202\Extensions'.
TpTrace Information: 0 : 15928, 1, 2023/04/18, 15:15:10.783, 4229101544545, vstest.console.dll, AssemblyResolver.OnResolve: Microsoft.TestPlatform.TestHostRuntimeProvider: Loading assembly 'C:\Program Files\dotnet\sdk\7.0.202\Extensions\Microsoft.TestPlatform.TestHostRuntimeProvider.dll'.
TpTrace Information: 0 : 15928, 1, 2023/04/18, 15:15:10.784, 4229101550064, vstest.console.dll, AssemblyResolver.OnResolve: Resolved assembly: Microsoft.TestPlatform.TestHostRuntimeProvider, from path: C:\Program Files\dotnet\sdk\7.0.202\Extensions\Microsoft.TestPlatform.TestHostRuntimeProvider.dll
TpTrace Verbose: 0 : 15928, 1, 2023/04/18, 15:15:10.784, 4229101551203, vstest.console.dll, MetadataReaderExtensionsHelper: Discovering extensions inside assembly 'Microsoft.TestPlatform.TestHostRuntimeProvider, Version=15.0.0.0, Culture=neutral, PublicKeyToken=b03f5f7f11d50a3a' file path 'C:\Program Files\dotnet\sdk\7.0.202\Extensions\Microsoft.TestPlatform.TestHostRuntimeProvider.dll'
TpTrace Information: 0 : 15928, 1, 2023/04/18, 15:15:10.786, 4229101574099, vstest.console.dll, GetTestExtensionFromType: Register extension with identifier data 'HostProvider://DefaultTestHost' and type 'Microsoft.VisualStudio.TestPlatform.CrossPlatEngine.Hosting.DefaultTestHostManager, Microsoft.TestPlatform.TestHostRuntimeProvider, Version=15.0.0.0, Culture=neutral, PublicKeyToken=b03f5f7f11d50a3a' inside file 'C:\Program Files\dotnet\sdk\7.0.202\Extensions\Microsoft.TestPlatform.TestHostRuntimeProvider.dll'
TpTrace Information: 0 : 15928, 1, 2023/04/18, 15:15:10.787, 4229101577847, vstest.console.dll, GetTestExtensionFromType: Register extension with identifier data 'HostProvider://DotnetTestHost' and type 'Microsoft.VisualStudio.TestPlatform.CrossPlatEngine.Hosting.DotnetTestHostManager, Microsoft.TestPlatform.TestHostRuntimeProvider, Version=15.0.0.0, Culture=neutral, PublicKeyToken=b03f5f7f11d50a3a' inside file 'C:\Program Files\dotnet\sdk\7.0.202\Extensions\Microsoft.TestPlatform.TestHostRuntimeProvider.dll'
TpTrace Information: 0 : 15928, 1, 2023/04/18, 15:15:10.787, 4229101579174, vstest.console.dll, AssemblyResolver.OnResolve: Microsoft.VisualStudio.TestPlatform.Extensions.Html.TestLogger: Resolving assembly.
TpTrace Information: 0 : 15928, 1, 2023/04/18, 15:15:10.787, 4229101580016, vstest.console.dll, AssemblyResolver.OnResolve: Microsoft.VisualStudio.TestPlatform.Extensions.Html.TestLogger: Searching in: 'C:\Program Files\dotnet\sdk\7.0.202\Extensions'.
TpTrace Information: 0 : 15928, 1, 2023/04/18, 15:15:10.787, 4229101584624, vstest.console.dll, AssemblyResolver.OnResolve: Microsoft.VisualStudio.TestPlatform.Extensions.Html.TestLogger: Loading assembly 'C:\Program Files\dotnet\sdk\7.0.202\Extensions\Microsoft.VisualStudio.TestPlatform.Extensions.Html.TestLogger.dll'.
TpTrace Information: 0 : 15928, 1, 2023/04/18, 15:15:10.788, 4229101589983, vstest.console.dll, AssemblyResolver.OnResolve: Resolved assembly: Microsoft.VisualStudio.TestPlatform.Extensions.Html.TestLogger, from path: C:\Program Files\dotnet\sdk\7.0.202\Extensions\Microsoft.VisualStudio.TestPlatform.Extensions.Html.TestLogger.dll
TpTrace Verbose: 0 : 15928, 1, 2023/04/18, 15:15:10.788, 4229101591015, vstest.console.dll, MetadataReaderExtensionsHelper: Discovering extensions inside assembly 'Microsoft.VisualStudio.TestPlatform.Extensions.Html.TestLogger, Version=15.0.0.0, Culture=neutral, PublicKeyToken=b03f5f7f11d50a3a' file path 'C:\Program Files\dotnet\sdk\7.0.202\Extensions\Microsoft.VisualStudio.TestPlatform.Extensions.Html.TestLogger.dll'
TpTrace Information: 0 : 15928, 1, 2023/04/18, 15:15:10.789, 4229101600127, vstest.console.dll, AssemblyResolver.OnResolve: Microsoft.VisualStudio.TestPlatform.Extensions.Trx.TestLogger: Resolving assembly.
TpTrace Information: 0 : 15928, 1, 2023/04/18, 15:15:10.789, 4229101601346, vstest.console.dll, AssemblyResolver.OnResolve: Microsoft.VisualStudio.TestPlatform.Extensions.Trx.TestLogger: Searching in: 'C:\Program Files\dotnet\sdk\7.0.202\Extensions'.
TpTrace Information: 0 : 15928, 1, 2023/04/18, 15:15:10.789, 4229101605497, vstest.console.dll, AssemblyResolver.OnResolve: Microsoft.VisualStudio.TestPlatform.Extensions.Trx.TestLogger: Loading assembly 'C:\Program Files\dotnet\sdk\7.0.202\Extensions\Microsoft.VisualStudio.TestPlatform.Extensions.Trx.TestLogger.dll'.
TpTrace Information: 0 : 15928, 1, 2023/04/18, 15:15:10.790, 4229101611663, vstest.console.dll, AssemblyResolver.OnResolve: Resolved assembly: Microsoft.VisualStudio.TestPlatform.Extensions.Trx.TestLogger, from path: C:\Program Files\dotnet\sdk\7.0.202\Extensions\Microsoft.VisualStudio.TestPlatform.Extensions.Trx.TestLogger.dll
TpTrace Verbose: 0 : 15928, 1, 2023/04/18, 15:15:10.790, 4229101612806, vstest.console.dll, MetadataReaderExtensionsHelper: Discovering extensions inside assembly 'Microsoft.VisualStudio.TestPlatform.Extensions.Trx.TestLogger, Version=15.0.0.0, Culture=neutral, PublicKeyToken=b03f5f7f11d50a3a' file path 'C:\Program Files\dotnet\sdk\7.0.202\Extensions\Microsoft.VisualStudio.TestPlatform.Extensions.Trx.TestLogger.dll'
TpTrace Verbose: 0 : 15928, 1, 2023/04/18, 15:15:10.791, 4229101626014, vstest.console.dll, TestPluginCache: Discovered the extensions using extension path ''.
TpTrace Verbose: 0 : 15928, 1, 2023/04/18, 15:15:10.792, 4229101627172, vstest.console.dll, TestPluginCache: Discoverers are ''.
TpTrace Verbose: 0 : 15928, 1, 2023/04/18, 15:15:10.792, 4229101627779, vstest.console.dll, TestPluginCache: Executors are ''.
TpTrace Verbose: 0 : 15928, 1, 2023/04/18, 15:15:10.792, 4229101628302, vstest.console.dll, TestPluginCache: Executors2 are ''.
TpTrace Verbose: 0 : 15928, 1, 2023/04/18, 15:15:10.792, 4229101628787, vstest.console.dll, TestPluginCache: Setting providers are ''.
TpTrace Verbose: 0 : 15928, 1, 2023/04/18, 15:15:10.792, 4229101629264, vstest.console.dll, TestPluginCache: Loggers are ''.
TpTrace Verbose: 0 : 15928, 1, 2023/04/18, 15:15:10.792, 4229101630856, vstest.console.dll, TestPluginCache: TestHosts are 'HostProvider://DefaultTestHost,HostProvider://DotnetTestHost'.
TpTrace Verbose: 0 : 15928, 1, 2023/04/18, 15:15:10.792, 4229101631468, vstest.console.dll, TestPluginCache: DataCollectors are ''.
TpTrace Information: 0 : 15928, 1, 2023/04/18, 15:15:10.805, 4229101758919, vstest.console.dll, RunTestsArgumentProcessor:Execute: Test run is starting.
TpTrace Verbose: 0 : 15928, 1, 2023/04/18, 15:15:10.805, 4229101760294, vstest.console.dll, RunTestsArgumentProcessor:Execute: Queuing Test run.
TpTrace Information: 0 : 15928, 1, 2023/04/18, 15:15:10.805, 4229101763804, vstest.console.dll, TestRequestManager.RunTests: run tests started.
TpTrace Information: 0 : 15928, 1, 2023/04/18, 15:15:10.849, 4229102206186, vstest.console.dll, AssemblyMetadataProvider.GetFrameworkName: Determined framework:'.NETCoreApp,Version=v6.0' for source: 'C:\Users\raddk\source\repos\Team-Bandits\SeleniumExersice1\DDT Sumator\bin\Debug\net6.0\fine-code-coverage\build-output\DDT Sumator.dll'
TpTrace Information: 0 : 15928, 1, 2023/04/18, 15:15:10.850, 4229102210046, vstest.console.dll, Determined framework for all sources: .NETCoreApp,Version=v6.0
TpTrace Verbose: 0 : 15928, 1, 2023/04/18, 15:15:10.850, 4229102215311, vstest.console.dll, TestRequestManager.UpdateRunSettingsIfRequired: Default architecture: X64 IsDefaultTargetArchitecture: True, Current process architecture: X64 OperatingSystem: Windows.
TpTrace Information: 0 : 15928, 1, 2023/04/18, 15:15:10.852, 4229102234123, vstest.console.dll, AssemblyMetadataProvider.GetArchitecture: Determined architecture:AnyCPU info for assembly: C:\Users\raddk\source\repos\Team-Bandits\SeleniumExersice1\DDT Sumator\bin\Debug\net6.0\fine-code-coverage\build-output\DDT Sumator.dll
TpTrace Information: 0 : 15928, 1, 2023/04/18, 15:15:10.852, 4229102235218, vstest.console.dll, Determined platform for source 'C:\Users\raddk\source\repos\Team-Bandits\SeleniumExersice1\DDT Sumator\bin\Debug\net6.0\fine-code-coverage\build-output\DDT Sumator.dll' was AnyCPU and it will use the default plaform X64.
TpTrace Information: 0 : 15928, 1, 2023/04/18, 15:15:10.852, 4229102235855, vstest.console.dll, None of the sources provided any runnable platform, using the default platform: X64
TpTrace Information: 0 : 15928, 1, 2023/04/18, 15:15:10.853, 4229102237090, vstest.console.dll, Platform was updated to 'X64'.
TpTrace Information: 0 : 15928, 1, 2023/04/18, 15:15:10.857, 4229102282281, vstest.console.dll, InferRunSettingsHelper.IsTestSettingsEnabled: Unable to navigate to RunSettings/MSTest. Current node: RunSettings
TpTrace Information: 0 : 15928, 1, 2023/04/18, 15:15:10.859, 4229102300543, vstest.console.dll, AssemblyResolver.OnResolve: Microsoft.VisualStudio.TestPlatform.Fakes: Resolving assembly.
TpTrace Information: 0 : 15928, 1, 2023/04/18, 15:15:10.859, 4229102302027, vstest.console.dll, AssemblyResolver.OnResolve: Microsoft.VisualStudio.TestPlatform.Fakes: Searching in: 'C:\Program Files\dotnet\sdk\7.0.202\Extensions'.
TpTrace Information: 0 : 15928, 1, 2023/04/18, 15:15:10.859, 4229102303833, vstest.console.dll, AssemblyResolver.OnResolve: Microsoft.VisualStudio.TestPlatform.Fakes: Assembly path does not exist: 'C:\Program Files\dotnet\sdk\7.0.202\Extensions\Microsoft.VisualStudio.TestPlatform.Fakes.dll', returning.
TpTrace Information: 0 : 15928, 1, 2023/04/18, 15:15:10.859, 4229102305433, vstest.console.dll, AssemblyResolver.OnResolve: Microsoft.VisualStudio.TestPlatform.Fakes: Assembly path does not exist: 'C:\Program Files\dotnet\sdk\7.0.202\Extensions\Microsoft.VisualStudio.TestPlatform.Fakes.exe', returning.
TpTrace Information: 0 : 15928, 1, 2023/04/18, 15:15:10.859, 4229102306158, vstest.console.dll, AssemblyResolver.OnResolve: Microsoft.VisualStudio.TestPlatform.Fakes: Searching in: 'C:\Program Files\dotnet\sdk\7.0.202'.
TpTrace Information: 0 : 15928, 1, 2023/04/18, 15:15:10.860, 4229102307593, vstest.console.dll, AssemblyResolver.OnResolve: Microsoft.VisualStudio.TestPlatform.Fakes: Assembly path does not exist: 'C:\Program Files\dotnet\sdk\7.0.202\Microsoft.VisualStudio.TestPlatform.Fakes.dll', returning.
TpTrace Information: 0 : 15928, 1, 2023/04/18, 15:15:10.860, 4229102309133, vstest.console.dll, AssemblyResolver.OnResolve: Microsoft.VisualStudio.TestPlatform.Fakes: Assembly path does not exist: 'C:\Program Files\dotnet\sdk\7.0.202\Microsoft.VisualStudio.TestPlatform.Fakes.exe', returning.
TpTrace Information: 0 : 15928, 1, 2023/04/18, 15:15:10.860, 4229102310044, vstest.console.dll, AssemblyResolver.OnResolve: Microsoft.VisualStudio.TestPlatform.Fakes: Failed to load assembly.
TpTrace Information: 0 : 15928, 1, 2023/04/18, 15:15:10.860, 4229102314043, vstest.console.dll, Failed to load assembly Microsoft.VisualStudio.TestPlatform.Fakes, Version=17.0.0.0, Culture=neutral. Reason:System.IO.FileNotFoundException: Could not load file or assembly 'Microsoft.VisualStudio.TestPlatform.Fakes, Version=17.0.0.0, Culture=neutral, PublicKeyToken=null'. The system cannot find the file specified.
File name: 'Microsoft.VisualStudio.TestPlatform.Fakes, Version=17.0.0.0, Culture=neutral, PublicKeyToken=null'
   at System.Reflection.RuntimeAssembly.InternalLoad(AssemblyName assemblyName, StackCrawlMark& stackMark, AssemblyLoadContext assemblyLoadContext, RuntimeAssembly requestingAssembly, Boolean throwOnFileNotFound)
   at System.Reflection.Assembly.Load(AssemblyName assemblyRef)
   at Microsoft.VisualStudio.TestPlatform.Common.Utilities.FakesUtilities.LoadTestPlatformAssembly()
TpTrace Verbose: 0 : 15928, 1, 2023/04/18, 15:15:10.865, 4229102365117, vstest.console.dll, TestPluginCache.DiscoverTestExtensions: finding test extensions in assemblies ends with: TestLogger.dll TPluginInfo: Microsoft.VisualStudio.TestPlatform.Common.ExtensionFramework.Utilities.TestLoggerPluginInformation TExtension: Microsoft.VisualStudio.TestPlatform.ObjectModel.Client.ITestLogger
TpTrace Verbose: 0 : 15928, 1, 2023/04/18, 15:15:10.866, 4229102366524, vstest.console.dll, TestPluginCache.GetExtensionPaths: Filtered extension paths: 
TpTrace Verbose: 0 : 15928, 1, 2023/04/18, 15:15:10.866, 4229102367091, vstest.console.dll, TestPluginCache.GetExtensionPaths: Added default extension paths: C:\Program Files\dotnet\sdk\7.0.202\Extensions\Microsoft.Diagnostics.NETCore.Client.dll
C:\Program Files\dotnet\sdk\7.0.202\Extensions\Microsoft.TestPlatform.Extensions.BlameDataCollector.dll
C:\Program Files\dotnet\sdk\7.0.202\Extensions\Microsoft.TestPlatform.Extensions.EventLogCollector.dll
C:\Program Files\dotnet\sdk\7.0.202\Extensions\Microsoft.TestPlatform.TestHostRuntimeProvider.dll
C:\Program Files\dotnet\sdk\7.0.202\Extensions\Microsoft.VisualStudio.TestPlatform.Extensions.Html.TestLogger.dll
C:\Program Files\dotnet\sdk\7.0.202\Extensions\Microsoft.VisualStudio.TestPlatform.Extensions.Trx.TestLogger.dll
TpTrace Verbose: 0 : 15928, 1, 2023/04/18, 15:15:10.866, 4229102367578, vstest.console.dll, TestPluginCache.GetExtensionPaths: Added unfilterableExtensionPaths: 
TpTrace Information: 0 : 15928, 1, 2023/04/18, 15:15:10.866, 4229102369379, vstest.console.dll, AssemblyResolver.AddSearchDirectories: Adding more searchDirectories C:\Program Files\dotnet\sdk\7.0.202\Extensions,C:\Program Files\dotnet\sdk\7.0.202
TpTrace Verbose: 0 : 15928, 1, 2023/04/18, 15:15:10.866, 4229102369996, vstest.console.dll, TestPluginCache.DiscoverTestExtensions: Discovering the extensions using extension path.
TpTrace Verbose: 0 : 15928, 1, 2023/04/18, 15:15:10.866, 4229102370525, vstest.console.dll, TestPluginCache.GetExtensionPaths: Filtered extension paths: 
TpTrace Verbose: 0 : 15928, 1, 2023/04/18, 15:15:10.866, 4229102371001, vstest.console.dll, TestPluginCache.GetExtensionPaths: Added default extension paths: C:\Program Files\dotnet\sdk\7.0.202\Extensions\Microsoft.Diagnostics.NETCore.Client.dll
C:\Program Files\dotnet\sdk\7.0.202\Extensions\Microsoft.TestPlatform.Extensions.BlameDataCollector.dll
C:\Program Files\dotnet\sdk\7.0.202\Extensions\Microsoft.TestPlatform.Extensions.EventLogCollector.dll
C:\Program Files\dotnet\sdk\7.0.202\Extensions\Microsoft.TestPlatform.TestHostRuntimeProvider.dll
C:\Program Files\dotnet\sdk\7.0.202\Extensions\Microsoft.VisualStudio.TestPlatform.Extensions.Html.TestLogger.dll
C:\Program Files\dotnet\sdk\7.0.202\Extensions\Microsoft.VisualStudio.TestPlatform.Extensions.Trx.TestLogger.dll
TpTrace Verbose: 0 : 15928, 1, 2023/04/18, 15:15:10.866, 4229102371457, vstest.console.dll, TestPluginCache.GetExtensionPaths: Added unfilterableExtensionPaths: 
TpTrace Verbose: 0 : 15928, 1, 2023/04/18, 15:15:10.866, 4229102371924, vstest.console.dll, TestPluginCache.DiscoverTestExtensions: Discovering the extensions using allExtensionPaths: C:\Program Files\dotnet\sdk\7.0.202\Extensions\Microsoft.Diagnostics.NETCore.Client.dll
C:\Program Files\dotnet\sdk\7.0.202\Extensions\Microsoft.TestPlatform.Extensions.BlameDataCollector.dll
C:\Program Files\dotnet\sdk\7.0.202\Extensions\Microsoft.TestPlatform.Extensions.EventLogCollector.dll
C:\Program Files\dotnet\sdk\7.0.202\Extensions\Microsoft.TestPlatform.TestHostRuntimeProvider.dll
C:\Program Files\dotnet\sdk\7.0.202\Extensions\Microsoft.VisualStudio.TestPlatform.Extensions.Html.TestLogger.dll
C:\Program Files\dotnet\sdk\7.0.202\Extensions\Microsoft.VisualStudio.TestPlatform.Extensions.Trx.TestLogger.dll
TpTrace Information: 0 : 15928, 1, 2023/04/18, 15:15:10.866, 4229102373141, vstest.console.dll, AssemblyResolver.AddSearchDirectories: Adding more searchDirectories C:\Program Files\dotnet\sdk\7.0.202\Extensions,C:\Program Files\dotnet\sdk\7.0.202
TpTrace Information: 0 : 15928, 1, 2023/04/18, 15:15:10.866, 4229102373954, vstest.console.dll, AssemblyResolver.AddSearchDirectories: Adding more searchDirectories C:\Program Files\dotnet\sdk\7.0.202\Extensions,C:\Program Files\dotnet\sdk\7.0.202
TpTrace Information: 0 : 15928, 1, 2023/04/18, 15:15:10.866, 4229102374519, vstest.console.dll, AssemblyResolver.AddSearchDirectories: Adding more searchDirectories C:\Program Files\dotnet\sdk\7.0.202\Extensions,C:\Program Files\dotnet\sdk\7.0.202
TpTrace Information: 0 : 15928, 1, 2023/04/18, 15:15:10.866, 4229102375043, vstest.console.dll, AssemblyResolver.AddSearchDirectories: Adding more searchDirectories C:\Program Files\dotnet\sdk\7.0.202\Extensions,C:\Program Files\dotnet\sdk\7.0.202
TpTrace Information: 0 : 15928, 1, 2023/04/18, 15:15:10.866, 4229102375498, vstest.console.dll, AssemblyResolver.AddSearchDirectories: Adding more searchDirectories C:\Program Files\dotnet\sdk\7.0.202\Extensions,C:\Program Files\dotnet\sdk\7.0.202
TpTrace Information: 0 : 15928, 1, 2023/04/18, 15:15:10.866, 4229102376011, vstest.console.dll, AssemblyResolver.AddSearchDirectories: Adding more searchDirectories C:\Program Files\dotnet\sdk\7.0.202\Extensions,C:\Program Files\dotnet\sdk\7.0.202
TpTrace Verbose: 0 : 15928, 1, 2023/04/18, 15:15:10.867, 4229102377407, vstest.console.dll, MetadataReaderExtensionsHelper: Discovering extensions inside assembly 'Microsoft.Diagnostics.NETCore.Client, Version=0.2.6.42401, Culture=neutral, PublicKeyToken=31bf3856ad364e35' file path 'C:\Program Files\dotnet\sdk\7.0.202\Extensions\Microsoft.Diagnostics.NETCore.Client.dll'
TpTrace Information: 0 : 15928, 1, 2023/04/18, 15:15:10.867, 4229102383747, vstest.console.dll, AssemblyResolver.OnResolve: Microsoft.Bcl.AsyncInterfaces: Resolving assembly.
TpTrace Information: 0 : 15928, 1, 2023/04/18, 15:15:10.867, 4229102384832, vstest.console.dll, AssemblyResolver.OnResolve: Microsoft.Bcl.AsyncInterfaces: Resolved from cache.
TpTrace Verbose: 0 : 15928, 1, 2023/04/18, 15:15:10.867, 4229102385456, vstest.console.dll, CurrentDomainAssemblyResolve: Resolving assembly 'Microsoft.Bcl.AsyncInterfaces'.
TpTrace Information: 0 : 15928, 1, 2023/04/18, 15:15:10.867, 4229102386143, vstest.console.dll, AssemblyResolver.OnResolve: Microsoft.Bcl.AsyncInterfaces: Resolving assembly.
TpTrace Information: 0 : 15928, 1, 2023/04/18, 15:15:10.868, 4229102386613, vstest.console.dll, AssemblyResolver.OnResolve: Microsoft.Bcl.AsyncInterfaces: Resolved from cache.
TpTrace Verbose: 0 : 15928, 1, 2023/04/18, 15:15:10.868, 4229102387032, vstest.console.dll, CurrentDomainAssemblyResolve: Resolving assembly 'Microsoft.Bcl.AsyncInterfaces'.
TpTrace Verbose: 0 : 15928, 1, 2023/04/18, 15:15:10.868, 4229102387449, vstest.console.dll, CurrentDomainAssemblyResolve: Failed to resolve assembly 'Microsoft.Bcl.AsyncInterfaces'.
TpTrace Verbose: 0 : 15928, 1, 2023/04/18, 15:15:10.868, 4229102389152, vstest.console.dll, CurrentDomainAssemblyResolve: Failed to resolve assembly 'Microsoft.Bcl.AsyncInterfaces'.
TpTrace Warning: 0 : 15928, 1, 2023/04/18, 15:15:10.868, 4229102392983, vstest.console.dll, TestPluginDiscoverer: Failed to get types from assembly 'Microsoft.Diagnostics.NETCore.Client, Version=0.2.6.42401, Culture=neutral, PublicKeyToken=31bf3856ad364e35'. Error: System.Reflection.ReflectionTypeLoadException: Unable to load one or more of the requested types.
Could not load file or assembly 'Microsoft.Bcl.AsyncInterfaces, Version=1.0.0.0, Culture=neutral, PublicKeyToken=cc7b13ffcd2ddd51'. The system cannot find the file specified.
   at System.Reflection.RuntimeModule.GetTypes(RuntimeModule module)
   at System.Reflection.Assembly.GetTypes()
   at Microsoft.VisualStudio.TestPlatform.Common.ExtensionFramework.TestPluginDiscoverer.GetTestExtensionsFromAssembly[TPluginInfo,TExtension](Assembly assembly, Dictionary`2 pluginInfos, String filePath)
System.IO.FileNotFoundException: Could not load file or assembly 'Microsoft.Bcl.AsyncInterfaces, Version=1.0.0.0, Culture=neutral, PublicKeyToken=cc7b13ffcd2ddd51'. The system cannot find the file specified.
File name: 'Microsoft.Bcl.AsyncInterfaces, Version=1.0.0.0, Culture=neutral, PublicKeyToken=cc7b13ffcd2ddd51'
 ---> System.IO.FileNotFoundException: Could not load file or assembly 'Microsoft.Bcl.AsyncInterfaces, Culture=neutral, PublicKeyToken=null'. The system cannot find the file specified.
File name: 'Microsoft.Bcl.AsyncInterfaces, Culture=neutral, PublicKeyToken=null'
   at System.Reflection.RuntimeAssembly.InternalLoad(AssemblyName assemblyName, StackCrawlMark& stackMark, AssemblyLoadContext assemblyLoadContext, RuntimeAssembly requestingAssembly, Boolean throwOnFileNotFound)
   at System.Reflection.Assembly.Load(AssemblyName assemblyRef)
   at Microsoft.VisualStudio.TestPlatform.Common.ExtensionFramework.TestPluginCache.CurrentDomainAssemblyResolve(Object sender, AssemblyResolveEventArgs args)
   at System.Runtime.Loader.AssemblyLoadContext.GetFirstResolvedAssemblyFromResolvingEvent(AssemblyName assemblyName)
   at System.Runtime.Loader.AssemblyLoadContext.ResolveUsingEvent(AssemblyName assemblyName)
   at System.Runtime.Loader.AssemblyLoadContext.ResolveUsingResolvingEvent(IntPtr gchManagedAssemblyLoadContext, AssemblyName assemblyName)
TpTrace Warning: 0 : 15928, 1, 2023/04/18, 15:15:10.868, 4229102394743, vstest.console.dll, LoaderExceptions: System.IO.FileNotFoundException: Could not load file or assembly 'Microsoft.Bcl.AsyncInterfaces, Version=1.0.0.0, Culture=neutral, PublicKeyToken=cc7b13ffcd2ddd51'. The system cannot find the file specified.
File name: 'Microsoft.Bcl.AsyncInterfaces, Version=1.0.0.0, Culture=neutral, PublicKeyToken=cc7b13ffcd2ddd51'
 ---> System.IO.FileNotFoundException: Could not load file or assembly 'Microsoft.Bcl.AsyncInterfaces, Culture=neutral, PublicKeyToken=null'. The system cannot find the file specified.
File name: 'Microsoft.Bcl.AsyncInterfaces, Culture=neutral, PublicKeyToken=null'
   at System.Reflection.RuntimeAssembly.InternalLoad(AssemblyName assemblyName, StackCrawlMark& stackMark, AssemblyLoadContext assemblyLoadContext, RuntimeAssembly requestingAssembly, Boolean throwOnFileNotFound)
   at System.Reflection.Assembly.Load(AssemblyName assemblyRef)
   at Microsoft.VisualStudio.TestPlatform.Common.ExtensionFramework.TestPluginCache.CurrentDomainAssemblyResolve(Object sender, AssemblyResolveEventArgs args)
   at System.Runtime.Loader.AssemblyLoadContext.GetFirstResolvedAssemblyFromResolvingEvent(AssemblyName assemblyName)
   at System.Runtime.Loader.AssemblyLoadContext.ResolveUsingEvent(AssemblyName assemblyName)
   at System.Runtime.Loader.AssemblyLoadContext.ResolveUsingResolvingEvent(IntPtr gchManagedAssemblyLoadContext, AssemblyName assemblyName)
TpTrace Verbose: 0 : 15928, 1, 2023/04/18, 15:15:10.868, 4229102395746, vstest.console.dll, MetadataReaderExtensionsHelper: Discovering extensions inside assembly 'Microsoft.TestPlatform.Extensions.BlameDataCollector, Version=15.0.0.0, Culture=neutral, PublicKeyToken=b03f5f7f11d50a3a' file path 'C:\Program Files\dotnet\sdk\7.0.202\Extensions\Microsoft.TestPlatform.Extensions.BlameDataCollector.dll'
TpTrace Information: 0 : 15928, 1, 2023/04/18, 15:15:10.869, 4229102400958, vstest.console.dll, GetTestExtensionFromType: Register extension with identifier data 'logger://Microsoft/TestPlatform/Extensions/Blame/v1' and type 'Microsoft.TestPlatform.Extensions.BlameDataCollector.BlameLogger, Microsoft.TestPlatform.Extensions.BlameDataCollector, Version=15.0.0.0, Culture=neutral, PublicKeyToken=b03f5f7f11d50a3a' inside file 'C:\Program Files\dotnet\sdk\7.0.202\Extensions\Microsoft.TestPlatform.Extensions.BlameDataCollector.dll'
TpTrace Verbose: 0 : 15928, 1, 2023/04/18, 15:15:10.869, 4229102401763, vstest.console.dll, MetadataReaderExtensionsHelper: Discovering extensions inside assembly 'Microsoft.TestPlatform.Extensions.EventLogCollector, Version=15.0.0.0, Culture=neutral, PublicKeyToken=b03f5f7f11d50a3a' file path 'C:\Program Files\dotnet\sdk\7.0.202\Extensions\Microsoft.TestPlatform.Extensions.EventLogCollector.dll'
TpTrace Verbose: 0 : 15928, 1, 2023/04/18, 15:15:10.869, 4229102405224, vstest.console.dll, MetadataReaderExtensionsHelper: Discovering extensions inside assembly 'Microsoft.TestPlatform.TestHostRuntimeProvider, Version=15.0.0.0, Culture=neutral, PublicKeyToken=b03f5f7f11d50a3a' file path 'C:\Program Files\dotnet\sdk\7.0.202\Extensions\Microsoft.TestPlatform.TestHostRuntimeProvider.dll'
TpTrace Verbose: 0 : 15928, 1, 2023/04/18, 15:15:10.870, 4229102408557, vstest.console.dll, MetadataReaderExtensionsHelper: Discovering extensions inside assembly 'Microsoft.VisualStudio.TestPlatform.Extensions.Html.TestLogger, Version=15.0.0.0, Culture=neutral, PublicKeyToken=b03f5f7f11d50a3a' file path 'C:\Program Files\dotnet\sdk\7.0.202\Extensions\Microsoft.VisualStudio.TestPlatform.Extensions.Html.TestLogger.dll'
TpTrace Information: 0 : 15928, 1, 2023/04/18, 15:15:10.870, 4229102414456, vstest.console.dll, GetTestExtensionFromType: Register extension with identifier data 'logger://Microsoft/TestPlatform/HtmlLogger/v1' and type 'Microsoft.VisualStudio.TestPlatform.Extensions.HtmlLogger.HtmlLogger, Microsoft.VisualStudio.TestPlatform.Extensions.Html.TestLogger, Version=15.0.0.0, Culture=neutral, PublicKeyToken=b03f5f7f11d50a3a' inside file 'C:\Program Files\dotnet\sdk\7.0.202\Extensions\Microsoft.VisualStudio.TestPlatform.Extensions.Html.TestLogger.dll'
TpTrace Verbose: 0 : 15928, 1, 2023/04/18, 15:15:10.870, 4229102415346, vstest.console.dll, MetadataReaderExtensionsHelper: Discovering extensions inside assembly 'Microsoft.VisualStudio.TestPlatform.Extensions.Trx.TestLogger, Version=15.0.0.0, Culture=neutral, PublicKeyToken=b03f5f7f11d50a3a' file path 'C:\Program Files\dotnet\sdk\7.0.202\Extensions\Microsoft.VisualStudio.TestPlatform.Extensions.Trx.TestLogger.dll'
TpTrace Information: 0 : 15928, 1, 2023/04/18, 15:15:10.871, 4229102419687, vstest.console.dll, GetTestExtensionFromType: Register extension with identifier data 'logger://Microsoft/TestPlatform/TrxLogger/v1' and type 'Microsoft.VisualStudio.TestPlatform.Extensions.TrxLogger.TrxLogger, Microsoft.VisualStudio.TestPlatform.Extensions.Trx.TestLogger, Version=15.0.0.0, Culture=neutral, PublicKeyToken=b03f5f7f11d50a3a' inside file 'C:\Program Files\dotnet\sdk\7.0.202\Extensions\Microsoft.VisualStudio.TestPlatform.Extensions.Trx.TestLogger.dll'
TpTrace Verbose: 0 : 15928, 1, 2023/04/18, 15:15:10.871, 4229102420899, vstest.console.dll, TestPluginCache: Discovered the extensions using extension path ''.
TpTrace Verbose: 0 : 15928, 1, 2023/04/18, 15:15:10.871, 4229102421452, vstest.console.dll, TestPluginCache: Discoverers are ''.
TpTrace Verbose: 0 : 15928, 1, 2023/04/18, 15:15:10.871, 4229102421881, vstest.console.dll, TestPluginCache: Executors are ''.
TpTrace Verbose: 0 : 15928, 1, 2023/04/18, 15:15:10.871, 4229102422279, vstest.console.dll, TestPluginCache: Executors2 are ''.
TpTrace Verbose: 0 : 15928, 1, 2023/04/18, 15:15:10.871, 4229102422719, vstest.console.dll, TestPluginCache: Setting providers are ''.
TpTrace Verbose: 0 : 15928, 1, 2023/04/18, 15:15:10.871, 4229102423686, vstest.console.dll, TestPluginCache: Loggers are 'logger://Microsoft/TestPlatform/Extensions/Blame/v1,logger://Microsoft/TestPlatform/HtmlLogger/v1,logger://Microsoft/TestPlatform/TrxLogger/v1'.
TpTrace Verbose: 0 : 15928, 1, 2023/04/18, 15:15:10.871, 4229102424430, vstest.console.dll, TestPluginCache: TestHosts are 'HostProvider://DefaultTestHost,HostProvider://DotnetTestHost'.
TpTrace Verbose: 0 : 15928, 1, 2023/04/18, 15:15:10.871, 4229102424973, vstest.console.dll, TestPluginCache: DataCollectors are ''.
TpTrace Information: 0 : 15928, 1, 2023/04/18, 15:15:10.872, 4229102436375, vstest.console.dll, TestPluginManager.CreateTestExtension: Attempting to load test extension: Microsoft.TestPlatform.Extensions.BlameDataCollector.BlameLogger
TpTrace Verbose: 0 : 15928, 1, 2023/04/18, 15:15:10.881, 4229102520810, vstest.console.dll, TestEngine: Initializing Parallel Execution as MaxCpuCount is set to: 1
TpTrace Information: 0 : 15928, 1, 2023/04/18, 15:15:10.883, 4229102541134, vstest.console.dll, TestPluginManager.CreateTestExtension: Attempting to load test extension: Microsoft.VisualStudio.TestPlatform.CrossPlatEngine.Hosting.DefaultTestHostManager
TpTrace Information: 0 : 15928, 1, 2023/04/18, 15:15:10.884, 4229102551169, vstest.console.dll, TestPluginManager.CreateTestExtension: Attempting to load test extension: Microsoft.VisualStudio.TestPlatform.CrossPlatEngine.Hosting.DotnetTestHostManager
TpTrace Information: 0 : 15928, 1, 2023/04/18, 15:15:10.885, 4229102560134, vstest.console.dll, InferRunSettingsHelper.IsTestSettingsEnabled: Unable to navigate to RunSettings/MSTest. Current node: RunSettings
TpTrace Verbose: 0 : 15928, 1, 2023/04/18, 15:15:10.892, 4229102626895, vstest.console.dll, TestEngine.GetExecutionManager: Chosen execution manager 'Microsoft.VisualStudio.TestPlatform.CrossPlatEngine.Client.Parallel.ParallelProxyExecutionManager, Microsoft.TestPlatform.CrossPlatEngine, Version=15.0.0.0, Culture=neutral, PublicKeyToken=b03f5f7f11d50a3a' ParallelLevel '1'.
TpTrace Verbose: 0 : 15928, 1, 2023/04/18, 15:15:10.892, 4229102629336, vstest.console.dll, TestRunRequest.ExecuteAsync: Creating test run request.
TpTrace Verbose: 0 : 15928, 1, 2023/04/18, 15:15:10.892, 4229102632637, vstest.console.dll, TestRunRequest.ExecuteAsync: Starting.
TpTrace Information: 0 : 15928, 1, 2023/04/18, 15:15:10.892, 4229102636093, vstest.console.dll, TestRunRequest.ExecuteAsync: Starting run with settings:TestRunCriteria:
   KeepAlive=False,FrequencyOfRunStatsChangeEvent=10,RunStatsChangeEventTimeout=00:00:01.5000000,TestCaseFilter=,TestExecutorLauncher=
   Settingsxml=<RunSettings>
  <RunConfiguration>
    <ResultsDirectory>C:\Users\raddk\source\repos\Team-Bandits\SeleniumExersice1\DDT Sumator\bin\Debug\net6.0\fine-code-coverage\coverage-tool-output</ResultsDirectory>
    <TargetPlatform>X64</TargetPlatform>
    <TargetFrameworkVersion>.NETCoreApp,Version=v6.0</TargetFrameworkVersion>
    <DesignMode>False</DesignMode>
    <CollectSourceInformation>False</CollectSourceInformation>
  </RunConfiguration>
  <LoggerRunSettings>
    <Loggers>
      <Logger friendlyName="blame" enabled="True" />
      <Logger friendlyName="Console" uri="logger://microsoft/TestPlatform/ConsoleLogger/v1" assemblyQualifiedName="Microsoft.VisualStudio.TestPlatform.CommandLine.Internal.ConsoleLogger, vstest.console, Version=15.0.0.0, Culture=neutral, PublicKeyToken=b03f5f7f11d50a3a" codeBase="C:\Program Files\dotnet\sdk\7.0.202\vstest.console.dll" enabled="True" />
    </Loggers>
  </LoggerRunSettings>
  <DataCollectionRunSettings>
    <DataCollectors>
      <DataCollector friendlyName="blame" enabled="True">
        <Configuration>
          <ResultsDirectory>C:\Users\raddk\source\repos\Team-Bandits\SeleniumExersice1\DDT Sumator\bin\Debug\net6.0\fine-code-coverage\coverage-tool-output</ResultsDirectory>
        </Configuration>
      </DataCollector>
    </DataCollectors>
  </DataCollectionRunSettings>
</RunSettings>

TpTrace Verbose: 0 : 15928, 1, 2023/04/18, 15:15:10.893, 4229102636947, vstest.console.dll, TestRunRequest.ExecuteAsync: Wait for the first run request is over.
TpTrace Verbose: 0 : 15928, 1, 2023/04/18, 15:15:10.893, 4229102640405, vstest.console.dll, MulticastDelegateUtilities.SafeInvoke: TestRun.TestRunStart: Invoking callbacks was skipped because there are no subscribers.
TpTrace Verbose: 0 : 15928, 4, 2023/04/18, 15:15:10.893, 4229102643262, vstest.console.dll, MulticastDelegateUtilities.SafeInvoke: InternalTestLoggerEvents.SendTestRunStart: Invoking callback 1/1 for Microsoft.VisualStudio.TestPlatform.CommandLine.Internal.ConsoleLogger., took 0 ms.
TpTrace Verbose: 0 : 15928, 1, 2023/04/18, 15:15:10.895, 4229102658763, vstest.console.dll, ParallelProxyExecutionManager: Start execution. Total sources: 1
TpTrace Verbose: 0 : 15928, 1, 2023/04/18, 15:15:10.897, 4229102680817, vstest.console.dll, TestRequestSender is acting as server.
TpTrace Verbose: 0 : 15928, 1, 2023/04/18, 15:15:10.899, 4229102697027, vstest.console.dll, DataCollectionRequestSender.InitializeCommunication : Initialize communication. 
TpTrace Information: 0 : 15928, 1, 2023/04/18, 15:15:10.904, 4229102751530, vstest.console.dll, Listening on Endpoint : 127.0.0.1:62675
TpTrace Verbose: 0 : 15928, 1, 2023/04/18, 15:15:10.912, 4229102833532, vstest.console.dll, DotnetDataCollectionLauncher: Adding  --runtimeconfig "C:\Program Files\dotnet\sdk\7.0.202\datacollector.runtimeconfig.json" in args
TpTrace Verbose: 0 : 15928, 1, 2023/04/18, 15:15:10.912, 4229102835459, vstest.console.dll, DotnetDataCollectionLauncher: Adding  --depsfile "C:\Program Files\dotnet\sdk\7.0.202\datacollector.deps.json" in args
TpTrace Verbose: 0 : 15928, 1, 2023/04/18, 15:15:10.913, 4229102840123, vstest.console.dll, DotnetDataCollectionLauncher: Full path of dotnet.exe is C:\Program Files\dotnet\dotnet.exe
TpTrace Information: 0 : 15928, 1, 2023/04/18, 15:15:10.920, 4229102911229, vstest.console.dll, ProxyDataCollectionManager.Initialize: Launched datacollector processId: 332 port: 62675
TpTrace Information: 0 : 15928, 1, 2023/04/18, 15:15:10.920, 4229102914640, vstest.console.dll, ProxyDataCollectionManager.Initialize: waiting for connection with timeout: 90 seconds
TpTrace Verbose: 0 : 15928, 1, 2023/04/18, 15:15:10.921, 4229102917799, vstest.console.dll, DataCollectionRequestSender.WaitForRequestHandlerConnection : Waiting for connection with timeout: 90000
TpTrace Verbose: 0 : 15928, 1, 2023/04/18, 15:15:11.094, 4229104650345, vstest.console.dll, SocketCommunicationManager.WaitForClientConnection took: 173 ms, with 90000 ms timeout, and finished with True.
TpTrace Information: 0 : 15928, 7, 2023/04/18, 15:15:11.094, 4229104650278, vstest.console.dll, Using the buffer size of 16384 bytes
TpTrace Verbose: 0 : 15928, 1, 2023/04/18, 15:15:11.094, 4229104652489, vstest.console.dll, ProxyDataCollectionManager.InvokeDataCollectionServiceAction: Starting.
TpTrace Information: 0 : 15928, 1, 2023/04/18, 15:15:11.094, 4229104653958, vstest.console.dll, ProxyDataCollectionManager.BeforeTestRunStart: Get environment variable and port for datacollector processId: 332 port: 62675
TpTrace Information: 0 : 15928, 7, 2023/04/18, 15:15:11.094, 4229104652820, vstest.console.dll, Accepted Client request and set the flag
TpTrace Verbose: 0 : 15928, 1, 2023/04/18, 15:15:11.094, 4229104655556, vstest.console.dll, DataCollectionRequestSender.SendBeforeTestRunStartAndGetResult: Send BeforeTestRunStart message with settingsXml <RunSettings><RunConfiguration><ResultsDirectory>C:\Users\raddk\source\repos\Team-Bandits\SeleniumExersice1\DDT Sumator\bin\Debug\net6.0\fine-code-coverage\coverage-tool-output</ResultsDirectory><TargetPlatform>X64</TargetPlatform><TargetFrameworkVersion>.NETCoreApp,Version=v6.0</TargetFrameworkVersion><DesignMode>False</DesignMode><CollectSourceInformation>False</CollectSourceInformation><TestAdaptersPaths>C:\Program Files\dotnet\sdk\7.0.202\Extensions</TestAdaptersPaths></RunConfiguration><LoggerRunSettings><Loggers><Logger friendlyName="blame" enabled="True" /><Logger friendlyName="Console" uri="logger://microsoft/TestPlatform/ConsoleLogger/v1" assemblyQualifiedName="Microsoft.VisualStudio.TestPlatform.CommandLine.Internal.ConsoleLogger, vstest.console, Version=15.0.0.0, Culture=neutral, PublicKeyToken=b03f5f7f11d50a3a" codeBase="C:\Program Files\dotnet\sdk\7.0.202\vstest.console.dll" enabled="True" /></Loggers></LoggerRunSettings><DataCollectionRunSettings><DataCollectors><DataCollector friendlyName="blame" enabled="True"><Configuration><ResultsDirectory>C:\Users\raddk\source\repos\Team-Bandits\SeleniumExersice1\DDT Sumator\bin\Debug\net6.0\fine-code-coverage\coverage-tool-output</ResultsDirectory></Configuration></DataCollector></DataCollectors></DataCollectionRunSettings></RunSettings> and sources System.Collections.Generic.List`1[System.String]: 
TpTrace Verbose: 0 : 15928, 1, 2023/04/18, 15:15:11.205, 4229105760662, vstest.console.dll, DataCollectionRequestSender.SendBeforeTestRunStartAndGetResult: Received message: (DataCollection.SendMessage) -> {"MessageType":"DataCollection.SendMessage","Payload":{"FriendlyName":null,"Uri":null,"TestCaseId":"00000000-0000-0000-0000-000000000000","Message":"Logging DataCollector Diagnostics in file: C:\\Users\\raddk\\source\\repos\\Team-Bandits\\SeleniumExersice1\\DDT Sumator\\bin\\Debug\\net6.0\\fine-code-coverage\\coverage-tool-output\\diagnostics.datacollector.23-04-18_15-15-10_91236_1.log","Level":0}}
TpTrace Verbose: 0 : 15928, 1, 2023/04/18, 15:15:11.339, 4229107105149, vstest.console.dll, DataCollectionRequestSender.SendBeforeTestRunStartAndGetResult: Received message: (DataCollection.BeforeTestRunStartResult) -> {"MessageType":"DataCollection.BeforeTestRunStartResult","Payload":{"EnvironmentVariables":{},"DataCollectionEventsPort":62677}}
TpTrace Information: 0 : 15928, 1, 2023/04/18, 15:15:11.348, 4229107188692, vstest.console.dll, ProxyDataCollectionManager.BeforeTestRunStart: SendBeforeTestRunStartAndGetResult successful, env variable from datacollector:   and testhost port: 62677
TpTrace Information: 0 : 15928, 1, 2023/04/18, 15:15:11.348, 4229107190141, vstest.console.dll, ProxyDataCollectionManager.InvokeDataCollectionServiceAction: Completed.
TpTrace Verbose: 0 : 15928, 7, 2023/04/18, 15:15:11.348, 4229107191683, vstest.console.dll, ParallelProxyExecutionManager: Execution started. Started clients: 1
TpTrace Verbose: 0 : 15928, 1, 2023/04/18, 15:15:11.348, 4229107192287, vstest.console.dll, ProxyParallelExecutionManager: No sources available for execution.
TpTrace Information: 0 : 15928, 1, 2023/04/18, 15:15:11.348, 4229107193370, vstest.console.dll, TestRunRequest.ExecuteAsync: Started.
TpTrace Verbose: 0 : 15928, 1, 2023/04/18, 15:15:11.348, 4229107194359, vstest.console.dll, TestRunRequest.WaitForCompletion: Waiting with timeout -1.
TpTrace Verbose: 0 : 15928, 7, 2023/04/18, 15:15:11.348, 4229107194967, vstest.console.dll, TestRunRequest:SendTestRunMessage: Starting.
TpTrace Verbose: 0 : 15928, 7, 2023/04/18, 15:15:11.349, 4229107196509, vstest.console.dll, MulticastDelegateUtilities.SafeInvoke: TestRun.LogMessages: Invoking callback 1/1 for Microsoft.VisualStudio.TestPlatform.CommandLine.TestRunResultAggregator., took 0 ms.
TpTrace Information: 0 : 15928, 7, 2023/04/18, 15:15:11.349, 4229107197096, vstest.console.dll, TestRunRequest:SendTestRunMessage: Completed.
TpTrace Verbose: 0 : 15928, 4, 2023/04/18, 15:15:11.349, 4229107198403, vstest.console.dll, MulticastDelegateUtilities.SafeInvoke: InternalTestLoggerEvents.SendTestRunMessage: Invoking callback 1/1 for Microsoft.VisualStudio.TestPlatform.CommandLine.Internal.ConsoleLogger., took 0 ms.
TpTrace Verbose: 0 : 15928, 7, 2023/04/18, 15:15:11.349, 4229107199136, vstest.console.dll, ProxyExecutionManager: Test host is always Lazy initialize.
TpTrace Verbose: 0 : 15928, 7, 2023/04/18, 15:15:11.349, 4229107201814, vstest.console.dll, TestRequestSender.InitializeCommunication: initialize communication. 
TpTrace Information: 0 : 15928, 7, 2023/04/18, 15:15:11.350, 4229107207257, vstest.console.dll, SocketServer.Start: Listening on endpoint : 127.0.0.1:62678
TpTrace Verbose: 0 : 15928, 7, 2023/04/18, 15:15:11.350, 4229107215885, vstest.console.dll, DotnetTestHostmanager.GetTestHostProcessStartInfo: Platform environment 'X64' target architecture 'X64' framework '.NETCoreApp,Version=v6.0' OS 'Windows'
TpTrace Verbose: 0 : 15928, 7, 2023/04/18, 15:15:11.351, 4229107218524, vstest.console.dll, DotnetTestHostmanager: Adding  --runtimeconfig "C:\Users\raddk\source\repos\Team-Bandits\SeleniumExersice1\DDT Sumator\bin\Debug\net6.0\fine-code-coverage\build-output\DDT Sumator.runtimeconfig.json" in args
TpTrace Verbose: 0 : 15928, 7, 2023/04/18, 15:15:11.351, 4229107219831, vstest.console.dll, DotnetTestHostmanager: Adding  --depsfile "C:\Users\raddk\source\repos\Team-Bandits\SeleniumExersice1\DDT Sumator\bin\Debug\net6.0\fine-code-coverage\build-output\DDT Sumator.deps.json" in args
TpTrace Verbose: 0 : 15928, 7, 2023/04/18, 15:15:11.351, 4229107221626, vstest.console.dll, DotnetTestHostmanager.IsWinOnArm: Current PROCESSOR_ARCHITECTURE from environment variable 'AMD64'
TpTrace Verbose: 0 : 15928, 7, 2023/04/18, 15:15:11.351, 4229107222321, vstest.console.dll, DotnetTestHostmanager.IsWinOnArm: Is Windows on ARM 'False'
TpTrace Verbose: 0 : 15928, 7, 2023/04/18, 15:15:11.351, 4229107223488, vstest.console.dll, DotnetTestHostManager: testhost.exe found at path: C:\Users\raddk\source\repos\Team-Bandits\SeleniumExersice1\DDT Sumator\bin\Debug\net6.0\fine-code-coverage\build-output\testhost.exe
TpTrace Verbose: 0 : 15928, 7, 2023/04/18, 15:15:11.351, 4229107224043, vstest.console.dll, DotnetTestHostmanager: Full path of host exe is C:\Users\raddk\source\repos\Team-Bandits\SeleniumExersice1\DDT Sumator\bin\Debug\net6.0\fine-code-coverage\build-output\testhost.exe
TpTrace Verbose: 0 : 15928, 7, 2023/04/18, 15:15:11.351, 4229107225642, vstest.console.dll, DotnetTestHostmanager.LaunchTestHostAsync: Found 'VSTEST_WINAPPHOST_DOTNET_ROOT' in env variables, value 'C:\Program Files\dotnet', forwarding to 'DOTNET_ROOT'
TpTrace Verbose: 0 : 15928, 7, 2023/04/18, 15:15:11.352, 4229107227589, vstest.console.dll, DotnetTestHostManager: Starting process 'C:\Users\raddk\source\repos\Team-Bandits\SeleniumExersice1\DDT Sumator\bin\Debug\net6.0\fine-code-coverage\build-output\testhost.exe' with command line ' --runtimeconfig "C:\Users\raddk\source\repos\Team-Bandits\SeleniumExersice1\DDT Sumator\bin\Debug\net6.0\fine-code-coverage\build-output\DDT Sumator.runtimeconfig.json" --depsfile "C:\Users\raddk\source\repos\Team-Bandits\SeleniumExersice1\DDT Sumator\bin\Debug\net6.0\fine-code-coverage\build-output\DDT Sumator.deps.json" --port 62678 --endpoint 127.0.0.1:062678 --role client --parentprocessid 15928 --diag "C:\Users\raddk\source\repos\Team-Bandits\SeleniumExersice1\DDT Sumator\bin\Debug\net6.0\fine-code-coverage\coverage-tool-output\diagnostics.host.23-04-18_15-15-11_35049_7.log" --tracelevel 4 --datacollectionport 62677 --telemetryoptedin false'
TpTrace Verbose: 0 : 15928, 7, 2023/04/18, 15:15:11.364, 4229107349508, vstest.console.dll, MulticastDelegateUtilities.SafeInvoke: HostProviderEvents.OnHostLaunched: Invoking callback 1/2 for Microsoft.VisualStudio.TestPlatform.CrossPlatEngine.Client.ProxyExecutionManagerWithDataCollection., took 1 ms.
TpTrace Verbose: 0 : 15928, 7, 2023/04/18, 15:15:11.364, 4229107354629, vstest.console.dll, Test Runtime launched
TpTrace Verbose: 0 : 15928, 7, 2023/04/18, 15:15:11.364, 4229107355967, vstest.console.dll, MulticastDelegateUtilities.SafeInvoke: HostProviderEvents.OnHostLaunched: Invoking callback 2/2 for Microsoft.VisualStudio.TestPlatform.CrossPlatEngine.Client.ProxyOperationManager., took 0 ms.
TpTrace Verbose: 0 : 15928, 7, 2023/04/18, 15:15:11.365, 4229107359026, vstest.console.dll, TestRequestSender.WaitForRequestHandlerConnection: waiting for connection with timeout: 90000.
TpTrace Verbose: 0 : 15928, 7, 2023/04/18, 15:15:11.629, 4229109998361, vstest.console.dll, TestRequestSender.WaitForRequestHandlerConnection: waiting took 263 ms, with timeout 90000 ms, and result 0, which is success.
TpTrace Verbose: 0 : 15928, 11, 2023/04/18, 15:15:11.629, 4229109998361, vstest.console.dll, MulticastDelegateUtilities.SafeInvoke: SocketServer: ClientConnected: Invoking callback 1/1 for Microsoft.VisualStudio.TestPlatform.CommunicationUtilities.TestRequestSender., took 0 ms.
TpTrace Verbose: 0 : 15928, 11, 2023/04/18, 15:15:11.629, 4229110001141, vstest.console.dll, SocketServer.OnClientConnected: Client connected for endPoint: 127.0.0.1:62678, starting MessageLoopAsync:
TpTrace Verbose: 0 : 15928, 11, 2023/04/18, 15:15:11.629, 4229110004514, vstest.console.dll, TcpClientExtensions.MessageLoopAsync: Polling on remoteEndPoint: 127.0.0.1:62679 localEndPoint: 127.0.0.1:62678
TpTrace Verbose: 0 : 15928, 7, 2023/04/18, 15:15:11.630, 4229110013467, vstest.console.dll, TestRequestSender.CheckVersionWithTestHost: Sending check version message: {"MessageType":"ProtocolVersion","Payload":7}
TpTrace Verbose: 0 : 15928, 11, 2023/04/18, 15:15:11.787, 4229111578983, vstest.console.dll, TcpClientExtensions.MessageLoopAsync: NotifyDataAvailable remoteEndPoint: 127.0.0.1:62679 localEndPoint: 127.0.0.1:62678
TpTrace Verbose: 0 : 15928, 11, 2023/04/18, 15:15:11.787, 4229111582168, vstest.console.dll, TestRequestSender.CheckVersionWithTestHost: onMessageReceived received message: (ProtocolVersion) -> {"MessageType":"ProtocolVersion","Payload":7}
TpTrace Verbose: 0 : 15928, 11, 2023/04/18, 15:15:11.788, 4229111589274, vstest.console.dll, MulticastDelegateUtilities.SafeInvoke: LengthPrefixCommunicationChannel: MessageReceived: Invoking callback 1/1 for Microsoft.VisualStudio.TestPlatform.CommunicationUtilities.TestRequestSender+<>c__DisplayClass29_0., took 0 ms.
TpTrace Verbose: 0 : 15928, 7, 2023/04/18, 15:15:11.788, 4229111590207, vstest.console.dll, TestPluginCache.GetExtensionPaths: Filtered extension paths: 
TpTrace Verbose: 0 : 15928, 11, 2023/04/18, 15:15:11.788, 4229111591344, vstest.console.dll, TcpClientExtensions.MessageLoopAsync: Polling on remoteEndPoint: 127.0.0.1:62679 localEndPoint: 127.0.0.1:62678
TpTrace Verbose: 0 : 15928, 7, 2023/04/18, 15:15:11.788, 4229111592684, vstest.console.dll, TestPluginCache.GetExtensionPaths: Added default extension paths: C:\Program Files\dotnet\sdk\7.0.202\Extensions\Microsoft.Diagnostics.NETCore.Client.dll
C:\Program Files\dotnet\sdk\7.0.202\Extensions\Microsoft.TestPlatform.Extensions.BlameDataCollector.dll
C:\Program Files\dotnet\sdk\7.0.202\Extensions\Microsoft.TestPlatform.Extensions.EventLogCollector.dll
C:\Program Files\dotnet\sdk\7.0.202\Extensions\Microsoft.TestPlatform.TestHostRuntimeProvider.dll
C:\Program Files\dotnet\sdk\7.0.202\Extensions\Microsoft.VisualStudio.TestPlatform.Extensions.Html.TestLogger.dll
C:\Program Files\dotnet\sdk\7.0.202\Extensions\Microsoft.VisualStudio.TestPlatform.Extensions.Trx.TestLogger.dll
TpTrace Verbose: 0 : 15928, 7, 2023/04/18, 15:15:11.788, 4229111593536, vstest.console.dll, TestPluginCache.GetExtensionPaths: Added unfilterableExtensionPaths: 
TpTrace Verbose: 0 : 15928, 7, 2023/04/18, 15:15:11.795, 4229111659144, vstest.console.dll, TestRequestSender.InitializeExecution: Sending initialize execution with message: {"Version":7,"MessageType":"TestExecution.Initialize","Payload":["C:\\Users\\raddk\\source\\repos\\Team-Bandits\\SeleniumExersice1\\DDT Sumator\\bin\\Debug\\net6.0\\fine-code-coverage\\build-output\\NUnit3.TestAdapter.dll"]}
TpTrace Warning: 0 : 15928, 7, 2023/04/18, 15:15:11.796, 4229111668414, vstest.console.dll, InferRunSettingsHelper.MakeRunsettingsCompatible: Removing the following settings: TargetPlatform from RunSettings file. To use those settings please move to latest version of Microsoft.NET.Test.Sdk
TpTrace Verbose: 0 : 15928, 11, 2023/04/18, 15:15:11.796, 4229111675748, vstest.console.dll, TcpClientExtensions.MessageLoopAsync: NotifyDataAvailable remoteEndPoint: 127.0.0.1:62679 localEndPoint: 127.0.0.1:62678
TpTrace Verbose: 0 : 15928, 11, 2023/04/18, 15:15:11.797, 4229111682296, vstest.console.dll, TestRequestSender.OnExecutionMessageReceived: Received message: {"Version":7,"MessageType":"TestSession.Message","Payload":{"MessageLevel":0,"Message":"Logging TestHost Diagnostics in file: C:\\Users\\raddk\\source\\repos\\Team-Bandits\\SeleniumExersice1\\DDT Sumator\\bin\\Debug\\net6.0\\fine-code-coverage\\coverage-tool-output\\diagnostics.host.23-04-18_15-15-11_35049_7.log"}}
TpTrace Verbose: 0 : 15928, 11, 2023/04/18, 15:15:11.801, 4229111723141, vstest.console.dll, TestRunRequest:SendTestRunMessage: Starting.
TpTrace Verbose: 0 : 15928, 11, 2023/04/18, 15:15:11.801, 4229111725435, vstest.console.dll, MulticastDelegateUtilities.SafeInvoke: TestRun.LogMessages: Invoking callback 1/1 for Microsoft.VisualStudio.TestPlatform.CommandLine.TestRunResultAggregator., took 0 ms.
TpTrace Verbose: 0 : 15928, 4, 2023/04/18, 15:15:11.801, 4229111725522, vstest.console.dll, MulticastDelegateUtilities.SafeInvoke: InternalTestLoggerEvents.SendTestRunMessage: Invoking callback 1/1 for Microsoft.VisualStudio.TestPlatform.CommandLine.Internal.ConsoleLogger., took 0 ms.
TpTrace Information: 0 : 15928, 11, 2023/04/18, 15:15:11.802, 4229111727219, vstest.console.dll, TestRunRequest:SendTestRunMessage: Completed.
TpTrace Verbose: 0 : 15928, 11, 2023/04/18, 15:15:11.802, 4229111729285, vstest.console.dll, MulticastDelegateUtilities.SafeInvoke: LengthPrefixCommunicationChannel: MessageReceived: Invoking callback 1/1 for Microsoft.VisualStudio.TestPlatform.CommunicationUtilities.TestRequestSender+<>c__DisplayClass34_0., took 5 ms.
TpTrace Verbose: 0 : 15928, 11, 2023/04/18, 15:15:11.802, 4229111730164, vstest.console.dll, TcpClientExtensions.MessageLoopAsync: Polling on remoteEndPoint: 127.0.0.1:62679 localEndPoint: 127.0.0.1:62678
TpTrace Verbose: 0 : 15928, 7, 2023/04/18, 15:15:11.807, 4229111784517, vstest.console.dll, TestRequestSender.StartTestRun: Sending test run with message: {"Version":7,"MessageType":"TestExecution.StartWithSources","Payload":{"AdapterSourceMap":{"_none_":["C:\\Users\\raddk\\source\\repos\\Team-Bandits\\SeleniumExersice1\\DDT Sumator\\bin\\Debug\\net6.0\\fine-code-coverage\\build-output\\DDT Sumator.dll"]},"RunSettings":"<RunSettings>\r\n  <RunConfiguration>\r\n    <ResultsDirectory>C:\\Users\\raddk\\source\\repos\\Team-Bandits\\SeleniumExersice1\\DDT Sumator\\bin\\Debug\\net6.0\\fine-code-coverage\\coverage-tool-output</ResultsDirectory>\r\n    <TargetFrameworkVersion>.NETCoreApp,Version=v6.0</TargetFrameworkVersion>\r\n    <DesignMode>False</DesignMode>\r\n    <CollectSourceInformation>False</CollectSourceInformation>\r\n  </RunConfiguration>\r\n  <LoggerRunSettings>\r\n    <Loggers>\r\n      <Logger friendlyName=\"blame\" enabled=\"True\" />\r\n      <Logger friendlyName=\"Console\" uri=\"logger://microsoft/TestPlatform/ConsoleLogger/v1\" assemblyQualifiedName=\"Microsoft.VisualStudio.TestPlatform.CommandLine.Internal.ConsoleLogger, vstest.console, Version=15.0.0.0, Culture=neutral, PublicKeyToken=b03f5f7f11d50a3a\" codeBase=\"C:\\Program Files\\dotnet\\sdk\\7.0.202\\vstest.console.dll\" enabled=\"True\" />\r\n    </Loggers>\r\n  </LoggerRunSettings>\r\n  <DataCollectionRunSettings>\r\n    <DataCollectors>\r\n      <DataCollector friendlyName=\"blame\" enabled=\"True\">\r\n        <Configuration>\r\n          <ResultsDirectory>C:\\Users\\raddk\\source\\repos\\Team-Bandits\\SeleniumExersice1\\DDT Sumator\\bin\\Debug\\net6.0\\fine-code-coverage\\coverage-tool-output</ResultsDirectory>\r\n        </Configuration>\r\n      </DataCollector>\r\n    </DataCollectors>\r\n  </DataCollectionRunSettings>\r\n</RunSettings>","TestExecutionContext":{"FrequencyOfRunStatsChangeEvent":10,"RunStatsChangeEventTimeout":"00:00:01.5000000","InIsolation":false,"KeepAlive":false,"AreTestCaseLevelEventsRequired":false,"IsDebug":false,"TestCaseFilter":null,"FilterOptions":null},"Package":null}}
TpTrace Verbose: 0 : 15928, 11, 2023/04/18, 15:15:12.013, 4229113846352, vstest.console.dll, TcpClientExtensions.MessageLoopAsync: NotifyDataAvailable remoteEndPoint: 127.0.0.1:62679 localEndPoint: 127.0.0.1:62678
TpTrace Verbose: 0 : 15928, 11, 2023/04/18, 15:15:12.014, 4229113848541, vstest.console.dll, TestRequestSender.OnExecutionMessageReceived: Received message: {"Version":7,"MessageType":"TestSession.Message","Payload":{"MessageLevel":0,"Message":"NUnit Adapter 4.3.0.0: Test execution started"}}
TpTrace Verbose: 0 : 15928, 11, 2023/04/18, 15:15:12.014, 4229113852667, vstest.console.dll, TestRunRequest:SendTestRunMessage: Starting.
TpTrace Verbose: 0 : 15928, 11, 2023/04/18, 15:15:12.014, 4229113854325, vstest.console.dll, MulticastDelegateUtilities.SafeInvoke: TestRun.LogMessages: Invoking callback 1/1 for Microsoft.VisualStudio.TestPlatform.CommandLine.TestRunResultAggregator., took 0 ms.
TpTrace Verbose: 0 : 15928, 4, 2023/04/18, 15:15:12.014, 4229113854477, vstest.console.dll, MulticastDelegateUtilities.SafeInvoke: InternalTestLoggerEvents.SendTestRunMessage: Invoking callback 1/1 for Microsoft.VisualStudio.TestPlatform.CommandLine.Internal.ConsoleLogger., took 0 ms.
TpTrace Information: 0 : 15928, 11, 2023/04/18, 15:15:12.014, 4229113855187, vstest.console.dll, TestRunRequest:SendTestRunMessage: Completed.
TpTrace Verbose: 0 : 15928, 11, 2023/04/18, 15:15:12.015, 4229113857737, vstest.console.dll, MulticastDelegateUtilities.SafeInvoke: LengthPrefixCommunicationChannel: MessageReceived: Invoking callback 1/1 for Microsoft.VisualStudio.TestPlatform.CommunicationUtilities.TestRequestSender+<>c__DisplayClass34_0., took 0 ms.
TpTrace Verbose: 0 : 15928, 11, 2023/04/18, 15:15:12.015, 4229113858599, vstest.console.dll, TcpClientExtensions.MessageLoopAsync: Polling on remoteEndPoint: 127.0.0.1:62679 localEndPoint: 127.0.0.1:62678
TpTrace Verbose: 0 : 15928, 11, 2023/04/18, 15:15:12.053, 4229114246368, vstest.console.dll, TcpClientExtensions.MessageLoopAsync: NotifyDataAvailable remoteEndPoint: 127.0.0.1:62679 localEndPoint: 127.0.0.1:62678
TpTrace Verbose: 0 : 15928, 11, 2023/04/18, 15:15:12.054, 4229114248844, vstest.console.dll, TestRequestSender.OnExecutionMessageReceived: Received message: {"Version":7,"MessageType":"TestSession.Message","Payload":{"MessageLevel":0,"Message":"Running all tests in C:\\Users\\raddk\\source\\repos\\Team-Bandits\\SeleniumExersice1\\DDT Sumator\\bin\\Debug\\net6.0\\fine-code-coverage\\build-output\\DDT Sumator.dll"}}
TpTrace Verbose: 0 : 15928, 11, 2023/04/18, 15:15:12.054, 4229114251219, vstest.console.dll, TestRunRequest:SendTestRunMessage: Starting.
TpTrace Verbose: 0 : 15928, 11, 2023/04/18, 15:15:12.054, 4229114252421, vstest.console.dll, MulticastDelegateUtilities.SafeInvoke: TestRun.LogMessages: Invoking callback 1/1 for Microsoft.VisualStudio.TestPlatform.CommandLine.TestRunResultAggregator., took 0 ms.
TpTrace Verbose: 0 : 15928, 4, 2023/04/18, 15:15:12.054, 4229114252423, vstest.console.dll, MulticastDelegateUtilities.SafeInvoke: InternalTestLoggerEvents.SendTestRunMessage: Invoking callback 1/1 for Microsoft.VisualStudio.TestPlatform.CommandLine.Internal.ConsoleLogger., took 0 ms.
TpTrace Information: 0 : 15928, 11, 2023/04/18, 15:15:12.054, 4229114253420, vstest.console.dll, TestRunRequest:SendTestRunMessage: Completed.
TpTrace Verbose: 0 : 15928, 11, 2023/04/18, 15:15:12.054, 4229114255018, vstest.console.dll, MulticastDelegateUtilities.SafeInvoke: LengthPrefixCommunicationChannel: MessageReceived: Invoking callback 1/1 for Microsoft.VisualStudio.TestPlatform.CommunicationUtilities.TestRequestSender+<>c__DisplayClass34_0., took 0 ms.
TpTrace Verbose: 0 : 15928, 11, 2023/04/18, 15:15:12.054, 4229114255610, vstest.console.dll, TcpClientExtensions.MessageLoopAsync: Polling on remoteEndPoint: 127.0.0.1:62679 localEndPoint: 127.0.0.1:62678
TpTrace Verbose: 0 : 15928, 11, 2023/04/18, 15:15:12.614, 4229119849044, vstest.console.dll, TcpClientExtensions.MessageLoopAsync: NotifyDataAvailable remoteEndPoint: 127.0.0.1:62679 localEndPoint: 127.0.0.1:62678
TpTrace Verbose: 0 : 15928, 11, 2023/04/18, 15:15:12.614, 4229119850915, vstest.console.dll, TestRequestSender.OnExecutionMessageReceived: Received message: {"Version":7,"MessageType":"TestSession.Message","Payload":{"MessageLevel":0,"Message":"   NUnit3TestExecutor discovered 15 of 15 NUnit test cases using Current Discovery mode, Non-Explicit run"}}
TpTrace Verbose: 0 : 15928, 11, 2023/04/18, 15:15:12.614, 4229119852584, vstest.console.dll, TestRunRequest:SendTestRunMessage: Starting.
TpTrace Verbose: 0 : 15928, 11, 2023/04/18, 15:15:12.614, 4229119853407, vstest.console.dll, MulticastDelegateUtilities.SafeInvoke: TestRun.LogMessages: Invoking callback 1/1 for Microsoft.VisualStudio.TestPlatform.CommandLine.TestRunResultAggregator., took 0 ms.
TpTrace Verbose: 0 : 15928, 4, 2023/04/18, 15:15:12.614, 4229119853583, vstest.console.dll, MulticastDelegateUtilities.SafeInvoke: InternalTestLoggerEvents.SendTestRunMessage: Invoking callback 1/1 for Microsoft.VisualStudio.TestPlatform.CommandLine.Internal.ConsoleLogger., took 0 ms.
TpTrace Information: 0 : 15928, 11, 2023/04/18, 15:15:12.614, 4229119854086, vstest.console.dll, TestRunRequest:SendTestRunMessage: Completed.
TpTrace Verbose: 0 : 15928, 11, 2023/04/18, 15:15:12.614, 4229119856113, vstest.console.dll, MulticastDelegateUtilities.SafeInvoke: LengthPrefixCommunicationChannel: MessageReceived: Invoking callback 1/1 for Microsoft.VisualStudio.TestPlatform.CommunicationUtilities.TestRequestSender+<>c__DisplayClass34_0., took 0 ms.
TpTrace Verbose: 0 : 15928, 11, 2023/04/18, 15:15:12.615, 4229119856640, vstest.console.dll, TcpClientExtensions.MessageLoopAsync: Polling on remoteEndPoint: 127.0.0.1:62679 localEndPoint: 127.0.0.1:62678
TpTrace Verbose: 0 : 15928, 11, 2023/04/18, 15:15:13.628, 4229129988412, vstest.console.dll, TcpClientExtensions.MessageLoopAsync: Polling on remoteEndPoint: 127.0.0.1:62679 localEndPoint: 127.0.0.1:62678
TpTrace Verbose: 0 : 15928, 11, 2023/04/18, 15:15:14.638, 4229140088532, vstest.console.dll, TcpClientExtensions.MessageLoopAsync: Polling on remoteEndPoint: 127.0.0.1:62679 localEndPoint: 127.0.0.1:62678
TpTrace Warning: 0 : 15928, 10, 2023/04/18, 15:15:15.559, 4229149303009, vstest.console.dll, TestHostManagerCallbacks.ErrorReceivedCallback Test host standard error line: [1681820115.558][WARNING]: Processing messages while being disconnected
TpTrace Verbose: 0 : 15928, 11, 2023/04/18, 15:15:15.653, 4229150238377, vstest.console.dll, TcpClientExtensions.MessageLoopAsync: Polling on remoteEndPoint: 127.0.0.1:62679 localEndPoint: 127.0.0.1:62678
TpTrace Verbose: 0 : 15928, 11, 2023/04/18, 15:15:16.664, 4229160353950, vstest.console.dll, TcpClientExtensions.MessageLoopAsync: Polling on remoteEndPoint: 127.0.0.1:62679 localEndPoint: 127.0.0.1:62678
TpTrace Verbose: 0 : 15928, 11, 2023/04/18, 15:15:17.672, 4229170427734, vstest.console.dll, TcpClientExtensions.MessageLoopAsync: Polling on remoteEndPoint: 127.0.0.1:62679 localEndPoint: 127.0.0.1:62678
TpTrace Verbose: 0 : 15928, 11, 2023/04/18, 15:15:18.680, 4229180510417, vstest.console.dll, TcpClientExtensions.MessageLoopAsync: Polling on remoteEndPoint: 127.0.0.1:62679 localEndPoint: 127.0.0.1:62678
TpTrace Verbose: 0 : 15928, 11, 2023/04/18, 15:15:19.684, 4229190550122, vstest.console.dll, TcpClientExtensions.MessageLoopAsync: Polling on remoteEndPoint: 127.0.0.1:62679 localEndPoint: 127.0.0.1:62678
TpTrace Verbose: 0 : 15928, 11, 2023/04/18, 15:15:20.695, 4229200660448, vstest.console.dll, TcpClientExtensions.MessageLoopAsync: Polling on remoteEndPoint: 127.0.0.1:62679 localEndPoint: 127.0.0.1:62678
TpTrace Verbose: 0 : 15928, 11, 2023/04/18, 15:15:21.705, 4229210760891, vstest.console.dll, TcpClientExtensions.MessageLoopAsync: Polling on remoteEndPoint: 127.0.0.1:62679 localEndPoint: 127.0.0.1:62678
TpTrace Verbose: 0 : 15928, 11, 2023/04/18, 15:15:22.709, 4229220797094, vstest.console.dll, TcpClientExtensions.MessageLoopAsync: Polling on remoteEndPoint: 127.0.0.1:62679 localEndPoint: 127.0.0.1:62678
TpTrace Verbose: 0 : 15928, 11, 2023/04/18, 15:15:23.713, 4229230844923, vstest.console.dll, TcpClientExtensions.MessageLoopAsync: Polling on remoteEndPoint: 127.0.0.1:62679 localEndPoint: 127.0.0.1:62678
TpTrace Verbose: 0 : 15928, 11, 2023/04/18, 15:15:24.393, 4229237638084, vstest.console.dll, TcpClientExtensions.MessageLoopAsync: NotifyDataAvailable remoteEndPoint: 127.0.0.1:62679 localEndPoint: 127.0.0.1:62678
TpTrace Verbose: 0 : 15928, 11, 2023/04/18, 15:15:24.397, 4229237683582, vstest.console.dll, TestRequestSender.OnExecutionMessageReceived: Received message: {"Version":7,"MessageType":"TestExecution.StatsChange","Payload":{"NewTestResults":[{"TestCase":{"Id":"508c23c4-b7df-845f-19a8-61e6f6638c21","FullyQualifiedName":"DDT_Sumator.SeleniumTests.TestCalculatorWebApp(\"5\",\"+\",\"3\",\"Result: 8\")","DisplayName":"TestCalculatorWebApp(\"5\",\"+\",\"3\",\"Result: 8\")","ExecutorUri":"executor://NUnit3TestExecutor","Source":"C:\\Users\\raddk\\source\\repos\\Team-Bandits\\SeleniumExersice1\\DDT Sumator\\bin\\Debug\\net6.0\\fine-code-coverage\\build-output\\DDT Sumator.dll","CodeFilePath":null,"LineNumber":0,"Properties":[{"Key":{"Id":"NUnit.Seed","Label":"Seed","Category":"","Description":"","Attributes":0,"ValueType":"System.String"},"Value":"217462821"}]},"Attachments":[],"Outcome":2,"ErrorMessage":"OneTimeSetUp: OpenQA.Selenium.WebDriverException : An unknown exception was encountered sending an HTTP request to the remote WebDriver server for URL http://localhost:62683/session/c7cd3f542f3a82adad29380d5b4cb2d1/url. The exception message was: An error occurred while sending the request.\r\n  ----> System.Net.Http.HttpRequestException : An error occurred while sending the request.\r\n  ----> System.IO.IOException : Unable to read data from the transport connection: An existing connection was forcibly closed by the remote host..\r\n  ----> System.Net.Sockets.SocketException : An existing connection was forcibly closed by the remote host.","ErrorStackTrace":"\n","DisplayName":"TestCalculatorWebApp(\"5\",\"+\",\"3\",\"Result: 8\")","Messages":[],"ComputerName":"RADOSTIN03","Duration":"00:00:11.6843120","StartTime":"2023-04-18T12:15:12.6412995+00:00","EndTime":"2023-04-18T12:15:24.3256115+00:00","Properties":[{"Key":{"Id":"NUnit.Seed","Label":"Seed","Category":"","Description":"","Attributes":0,"ValueType":"System.String"},"Value":"217462821"}]},{"TestCase":{"Id":"76a6786c-f49e-11e1-cdbc-076302f8046e","FullyQualifiedName":"DDT_Sumator.SeleniumTests.TestCalculatorWebApp(\"5\",\"-\",\"3\",\"Result: 2\")","DisplayName":"TestCalculatorWebApp(\"5\",\"-\",\"3\",\"Result: 2\")","ExecutorUri":"executor://NUnit3TestExecutor","Source":"C:\\Users\\raddk\\source\\repos\\Team-Bandits\\SeleniumExersice1\\DDT Sumator\\bin\\Debug\\net6.0\\fine-code-coverage\\build-output\\DDT Sumator.dll","CodeFilePath":null,"LineNumber":0,"Properties":[{"Key":{"Id":"NUnit.Seed","Label":"Seed","Category":"","Description":"","Attributes":0,"ValueType":"System.String"},"Value":"772533455"}]},"Attachments":[],"Outcome":2,"ErrorMessage":"OneTimeSetUp: OpenQA.Selenium.WebDriverException : An unknown exception was encountered sending an HTTP request to the remote WebDriver server for URL http://localhost:62683/session/c7cd3f542f3a82adad29380d5b4cb2d1/url. The exception message was: An error occurred while sending the request.\r\n  ----> System.Net.Http.HttpRequestException : An error occurred while sending the request.\r\n  ----> System.IO.IOException : Unable to read data from the transport connection: An existing connection was forcibly closed by the remote host..\r\n  ----> System.Net.Sockets.SocketException : An existing connection was forcibly closed by the remote host.","ErrorStackTrace":"\n","DisplayName":"TestCalculatorWebApp(\"5\",\"-\",\"3\",\"Result: 2\")","Messages":[],"ComputerName":"RADOSTIN03","Duration":"00:00:11.6846560","StartTime":"2023-04-18T12:15:12.6412995+00:00","EndTime":"2023-04-18T12:15:24.3259558+00:00","Properties":[{"Key":{"Id":"NUnit.Seed","Label":"Seed","Category":"","Description":"","Attributes":0,"ValueType":"System.String"},"Value":"772533455"}]},{"TestCase":{"Id":"46dcd849-e447-a46d-3366-2e7eb6b6e16d","FullyQualifiedName":"DDT_Sumator.SeleniumTests.TestCalculatorWebApp(\"5\",\"/\",\"3\",\"Result: 1.66666666667\")","DisplayName":"TestCalculatorWebApp(\"5\",\"/\",\"3\",\"Result: 1.66666666667\")","ExecutorUri":"executor://NUnit3TestExecutor","Source":"C:\\Users\\raddk\\source\\repos\\Team-Bandits\\SeleniumExersice1\\DDT Sumator\\bin\\Debug\\net6.0\\fine-code-coverage\\build-output\\DDT Sumator.dll","CodeFilePath":null,"LineNumber":0,"Properties":[{"Key":{"Id":"NUnit.Seed","Label":"Seed","Category":"","Description":"","Attributes":0,"ValueType":"System.String"},"Value":"1830907687"}]},"Attachments":[],"Outcome":2,"ErrorMessage":"OneTimeSetUp: OpenQA.Selenium.WebDriverException : An unknown exception was encountered sending an HTTP request to the remote WebDriver server for URL http://localhost:62683/session/c7cd3f542f3a82adad29380d5b4cb2d1/url. The exception message was: An error occurred while sending the request.\r\n  ----> System.Net.Http.HttpRequestException : An error occurred while sending the request.\r\n  ----> System.IO.IOException : Unable to read data from the transport connection: An existing connection was forcibly closed by the remote host..\r\n  ----> System.Net.Sockets.SocketException : An existing connection was forcibly closed by the remote host.","ErrorStackTrace":"\n","DisplayName":"TestCalculatorWebApp(\"5\",\"/\",\"3\",\"Result: 1.66666666667\")","Messages":[],"ComputerName":"RADOSTIN03","Duration":"00:00:11.6846710","StartTime":"2023-04-18T12:15:12.6412995+00:00","EndTime":"2023-04-18T12:15:24.3259706+00:00","Properties":[{"Key":{"Id":"NUnit.Seed","Label":"Seed","Category":"","Description":"","Attributes":0,"ValueType":"System.String"},"Value":"1830907687"}]},{"TestCase":{"Id":"6f302df4-58c7-a7af-c37e-3fe9f7b8a26c","FullyQualifiedName":"DDT_Sumator.SeleniumTests.TestCalculatorWebApp(\"5\",\"*\",\"3\",\"Result: 15\")","DisplayName":"TestCalculatorWebApp(\"5\",\"*\",\"3\",\"Result: 15\")","ExecutorUri":"executor://NUnit3TestExecutor","Source":"C:\\Users\\raddk\\source\\repos\\Team-Bandits\\SeleniumExersice1\\DDT Sumator\\bin\\Debug\\net6.0\\fine-code-coverage\\build-output\\DDT Sumator.dll","CodeFilePath":null,"LineNumber":0,"Properties":[{"Key":{"Id":"NUnit.Seed","Label":"Seed","Category":"","Description":"","Attributes":0,"ValueType":"System.String"},"Value":"999986340"}]},"Attachments":[],"Outcome":2,"ErrorMessage":"OneTimeSetUp: OpenQA.Selenium.WebDriverException : An unknown exception was encountered sending an HTTP request to the remote WebDriver server for URL http://localhost:62683/session/c7cd3f542f3a82adad29380d5b4cb2d1/url. The exception message was: An error occurred while sending the request.\r\n  ----> System.Net.Http.HttpRequestException : An error occurred while sending the request.\r\n  ----> System.IO.IOException : Unable to read data from the transport connection: An existing connection was forcibly closed by the remote host..\r\n  ----> System.Net.Sockets.SocketException : An existing connection was forcibly closed by the remote host.","ErrorStackTrace":"\n","DisplayName":"TestCalculatorWebApp(\"5\",\"*\",\"3\",\"Result: 15\")","Messages":[],"ComputerName":"RADOSTIN03","Duration":"00:00:11.6846740","StartTime":"2023-04-18T12:15:12.6412995+00:00","EndTime":"2023-04-18T12:15:24.3259738+00:00","Properties":[{"Key":{"Id":"NUnit.Seed","Label":"Seed","Category":"","Description":"","Attributes":0,"ValueType":"System.String"},"Value":"999986340"}]},{"TestCase":{"Id":"f18fa199-5080-f9e1-0466-4a483ba7f5d3","FullyQualifiedName":"DDT_Sumator.SeleniumTests.TestCalculatorWebApp(\"5.5\",\"+\",\"2\",\"Result: 7.5\")","DisplayName":"TestCalculatorWebApp(\"5.5\",\"+\",\"2\",\"Result: 7.5\")","ExecutorUri":"executor://NUnit3TestExecutor","Source":"C:\\Users\\raddk\\source\\repos\\Team-Bandits\\SeleniumExersice1\\DDT Sumator\\bin\\Debug\\net6.0\\fine-code-coverage\\build-output\\DDT Sumator.dll","CodeFilePath":null,"LineNumber":0,"Properties":[{"Key":{"Id":"NUnit.Seed","Label":"Seed","Category":"","Description":"","Attributes":0,"ValueType":"System.String"},"Value":"412921174"}]},"Attachments":[],"Outcome":2,"ErrorMessage":"OneTimeSetUp: OpenQA.Selenium.WebDriverException : An unknown exception was encountered sending an HTTP request to the remote WebDriver server for URL http://localhost:62683/session/c7cd3f542f3a82adad29380d5b4cb2d1/url. The exception message was: An error occurred while sending the request.\r\n  ----> System.Net.Http.HttpRequestException : An error occurred while sending the request.\r\n  ----> System.IO.IOException : Unable to read data from the transport connection: An existing connection was forcibly closed by the remote host..\r\n  ----> System.Net.Sockets.SocketException : An existing connection was forcibly closed by the remote host.","ErrorStackTrace":"\n","DisplayName":"TestCalculatorWebApp(\"5.5\",\"+\",\"2\",\"Result: 7.5\")","Messages":[],"ComputerName":"RADOSTIN03","Duration":"00:00:11.6846770","StartTime":"2023-04-18T12:15:12.6412995+00:00","EndTime":"2023-04-18T12:15:24.325977+00:00","Properties":[{"Key":{"Id":"NUnit.Seed","Label":"Seed","Category":"","Description":"","Attributes":0,"ValueType":"System.String"},"Value":"412921174"}]},{"TestCase":{"Id":"f71c996d-781f-7c54-0852-2a9a239f38a8","FullyQualifiedName":"DDT_Sumator.SeleniumTests.TestCalculatorWebApp(\"5.5\",\"-\",\"2\",\"Result: 3.5\")","DisplayName":"TestCalculatorWebApp(\"5.5\",\"-\",\"2\",\"Result: 3.5\")","ExecutorUri":"executor://NUnit3TestExecutor","Source":"C:\\Users\\raddk\\source\\repos\\Team-Bandits\\SeleniumExersice1\\DDT Sumator\\bin\\Debug\\net6.0\\fine-code-coverage\\build-output\\DDT Sumator.dll","CodeFilePath":null,"LineNumber":0,"Properties":[{"Key":{"Id":"NUnit.Seed","Label":"Seed","Category":"","Description":"","Attributes":0,"ValueType":"System.String"},"Value":"1176263128"}]},"Attachments":[],"Outcome":2,"ErrorMessage":"OneTimeSetUp: OpenQA.Selenium.WebDriverException : An unknown exception was encountered sending an HTTP request to the remote WebDriver server for URL http://localhost:62683/session/c7cd3f542f3a82adad29380d5b4cb2d1/url. The exception message was: An error occurred while sending the request.\r\n  ----> System.Net.Http.HttpRequestException : An error occurred while sending the request.\r\n  ----> System.IO.IOException : Unable to read data from the transport connection: An existing connection was forcibly closed by the remote host..\r\n  ----> System.Net.Sockets.SocketException : An existing connection was forcibly closed by the remote host.","ErrorStackTrace":"\n","DisplayName":"TestCalculatorWebApp(\"5.5\",\"-\",\"2\",\"Result: 3.5\")","Messages":[],"ComputerName":"RADOSTIN03","Duration":"00:00:11.6846800","StartTime":"2023-04-18T12:15:12.6412995+00:00","EndTime":"2023-04-18T12:15:24.3259801+00:00","Properties":[{"Key":{"Id":"NUnit.Seed","Label":"Seed","Category":"","Description":"","Attributes":0,"ValueType":"System.String"},"Value":"1176263128"}]},{"TestCase":{"Id":"35c6d32b-8397-992e-dc4b-83dd9288bb54","FullyQualifiedName":"DDT_Sumator.SeleniumTests.TestCalculatorWebApp(\"5.5\",\"/\",\"2\",\"Result: 2.75\")","DisplayName":"TestCalculatorWebApp(\"5.5\",\"/\",\"2\",\"Result: 2.75\")","ExecutorUri":"executor://NUnit3TestExecutor","Source":"C:\\Users\\raddk\\source\\repos\\Team-Bandits\\SeleniumExersice1\\DDT Sumator\\bin\\Debug\\net6.0\\fine-code-coverage\\build-output\\DDT Sumator.dll","CodeFilePath":null,"LineNumber":0,"Properties":[{"Key":{"Id":"NUnit.Seed","Label":"Seed","Category":"","Description":"","Attributes":0,"ValueType":"System.String"},"Value":"161147354"}]},"Attachments":[],"Outcome":2,"ErrorMessage":"OneTimeSetUp: OpenQA.Selenium.WebDriverException : An unknown exception was encountered sending an HTTP request to the remote WebDriver server for URL http://localhost:62683/session/c7cd3f542f3a82adad29380d5b4cb2d1/url. The exception message was: An error occurred while sending the request.\r\n  ----> System.Net.Http.HttpRequestException : An error occurred while sending the request.\r\n  ----> System.IO.IOException : Unable to read data from the transport connection: An existing connection was forcibly closed by the remote host..\r\n  ----> System.Net.Sockets.SocketException : An existing connection was forcibly closed by the remote host.","ErrorStackTrace":"\n","DisplayName":"TestCalculatorWebApp(\"5.5\",\"/\",\"2\",\"Result: 2.75\")","Messages":[],"ComputerName":"RADOSTIN03","Duration":"00:00:11.6846830","StartTime":"2023-04-18T12:15:12.6412995+00:00","EndTime":"2023-04-18T12:15:24.325983+00:00","Properties":[{"Key":{"Id":"NUnit.Seed","Label":"Seed","Category":"","Description":"","Attributes":0,"ValueType":"System.String"},"Value":"161147354"}]},{"TestCase":{"Id":"1510be4f-3c56-8719-e50a-72f3277b1821","FullyQualifiedName":"DDT_Sumator.SeleniumTests.TestCalculatorWebApp(\"5.5\",\"*\",\"2\",\"Result: 11\")","DisplayName":"TestCalculatorWebApp(\"5.5\",\"*\",\"2\",\"Result: 11\")","ExecutorUri":"executor://NUnit3TestExecutor","Source":"C:\\Users\\raddk\\source\\repos\\Team-Bandits\\SeleniumExersice1\\DDT Sumator\\bin\\Debug\\net6.0\\fine-code-coverage\\build-output\\DDT Sumator.dll","CodeFilePath":null,"LineNumber":0,"Properties":[{"Key":{"Id":"NUnit.Seed","Label":"Seed","Category":"","Description":"","Attributes":0,"ValueType":"System.String"},"Value":"583998339"}]},"Attachments":[],"Outcome":2,"ErrorMessage":"OneTimeSetUp: OpenQA.Selenium.WebDriverException : An unknown exception was encountered sending an HTTP request to the remote WebDriver server for URL http://localhost:62683/session/c7cd3f542f3a82adad29380d5b4cb2d1/url. The exception message was: An error occurred while sending the request.\r\n  ----> System.Net.Http.HttpRequestException : An error occurred while sending the request.\r\n  ----> System.IO.IOException : Unable to read data from the transport connection: An existing connection was forcibly closed by the remote host..\r\n  ----> System.Net.Sockets.SocketException : An existing connection was forcibly closed by the remote host.","ErrorStackTrace":"\n","DisplayName":"TestCalculatorWebApp(\"5.5\",\"*\",\"2\",\"Result: 11\")","Messages":[],"ComputerName":"RADOSTIN03","Duration":"00:00:11.6846870","StartTime":"2023-04-18T12:15:12.6412995+00:00","EndTime":"2023-04-18T12:15:24.3259864+00:00","Properties":[{"Key":{"Id":"NUnit.Seed","Label":"Seed","Category":"","Description":"","Attributes":0,"ValueType":"System.String"},"Value":"583998339"}]},{"TestCase":{"Id":"861e0094-2c93-f10b-1466-f33889a5a640","FullyQualifiedName":"DDT_Sumator.SeleniumTests.TestCalculatorWebApp(\"1.5e53\",\"*\",\"150\",\"Result: 2.25e+55\")","DisplayName":"TestCalculatorWebApp(\"1.5e53\",\"*\",\"150\",\"Result: 2.25e+55\")","ExecutorUri":"executor://NUnit3TestExecutor","Source":"C:\\Users\\raddk\\source\\repos\\Team-Bandits\\SeleniumExersice1\\DDT Sumator\\bin\\Debug\\net6.0\\fine-code-coverage\\build-output\\DDT Sumator.dll","CodeFilePath":null,"LineNumber":0,"Properties":[{"Key":{"Id":"NUnit.Seed","Label":"Seed","Category":"","Description":"","Attributes":0,"ValueType":"System.String"},"Value":"1147229931"}]},"Attachments":[],"Outcome":2,"ErrorMessage":"OneTimeSetUp: OpenQA.Selenium.WebDriverException : An unknown exception was encountered sending an HTTP request to the remote WebDriver server for URL http://localhost:62683/session/c7cd3f542f3a82adad29380d5b4cb2d1/url. The exception message was: An error occurred while sending the request.\r\n  ----> System.Net.Http.HttpRequestException : An error occurred while sending the request.\r\n  ----> System.IO.IOException : Unable to read data from the transport connection: An existing connection was forcibly closed by the remote host..\r\n  ----> System.Net.Sockets.SocketException : An existing connection was forcibly closed by the remote host.","ErrorStackTrace":"\n","DisplayName":"TestCalculatorWebApp(\"1.5e53\",\"*\",\"150\",\"Result: 2.25e+55\")","Messages":[],"ComputerName":"RADOSTIN03","Duration":"00:00:11.6846900","StartTime":"2023-04-18T12:15:12.6412995+00:00","EndTime":"2023-04-18T12:15:24.3259895+00:00","Properties":[{"Key":{"Id":"NUnit.Seed","Label":"Seed","Category":"","Description":"","Attributes":0,"ValueType":"System.String"},"Value":"1147229931"}]},{"TestCase":{"Id":"998eb392-41a2-a0b1-8b41-aa7023f05063","FullyQualifiedName":"DDT_Sumator.SeleniumTests.TestCalculatorWebApp(\"1.5e53\",\"/\",\"150\",\"Result: 1e+51\")","DisplayName":"TestCalculatorWebApp(\"1.5e53\",\"/\",\"150\",\"Result: 1e+51\")","ExecutorUri":"executor://NUnit3TestExecutor","Source":"C:\\Users\\raddk\\source\\repos\\Team-Bandits\\SeleniumExersice1\\DDT Sumator\\bin\\Debug\\net6.0\\fine-code-coverage\\build-output\\DDT Sumator.dll","CodeFilePath":null,"LineNumber":0,"Properties":[{"Key":{"Id":"NUnit.Seed","Label":"Seed","Category":"","Description":"","Attributes":0,"ValueType":"System.String"},"Value":"1571175794"}]},"Attachments":[],"Outcome":2,"ErrorMessage":"OneTimeSetUp: OpenQA.Selenium.WebDriverException : An unknown exception was encountered sending an HTTP request to the remote WebDriver server for URL http://localhost:62683/session/c7cd3f542f3a82adad29380d5b4cb2d1/url. The exception message was: An error occurred while sending the request.\r\n  ----> System.Net.Http.HttpRequestException : An error occurred while sending the request.\r\n  ----> System.IO.IOException : Unable to read data from the transport connection: An existing connection was forcibly closed by the remote host..\r\n  ----> System.Net.Sockets.SocketException : An existing connection was forcibly closed by the remote host.","ErrorStackTrace":"\n","DisplayName":"TestCalculatorWebApp(\"1.5e53\",\"/\",\"150\",\"Result: 1e+51\")","Messages":[],"ComputerName":"RADOSTIN03","Duration":"00:00:11.6846930","StartTime":"2023-04-18T12:15:12.6412995+00:00","EndTime":"2023-04-18T12:15:24.325993+00:00","Properties":[{"Key":{"Id":"NUnit.Seed","Label":"Seed","Category":"","Description":"","Attributes":0,"ValueType":"System.String"},"Value":"1571175794"}]}],"TestRunStatistics":{"ExecutedTests":10,"Stats":{"Failed":10}},"ActiveTests":[]}}
TpTrace Verbose: 0 : 15928, 11, 2023/04/18, 15:15:24.423, 4229237940983, vstest.console.dll, TestRunRequest:SendTestRunStatsChange: Starting.
TpTrace Verbose: 0 : 15928, 11, 2023/04/18, 15:15:24.423, 4229237945626, vstest.console.dll, MulticastDelegateUtilities.SafeInvoke: TestRun.RunStatsChanged: Invoking callbacks was skipped because there are no subscribers.
TpTrace Information: 0 : 15928, 11, 2023/04/18, 15:15:24.423, 4229237946306, vstest.console.dll, TestRunRequest:SendTestRunStatsChange: Completed.
TpTrace Verbose: 0 : 15928, 11, 2023/04/18, 15:15:24.424, 4229237946858, vstest.console.dll, MulticastDelegateUtilities.SafeInvoke: LengthPrefixCommunicationChannel: MessageReceived: Invoking callback 1/1 for Microsoft.VisualStudio.TestPlatform.CommunicationUtilities.TestRequestSender+<>c__DisplayClass34_0., took 30 ms.
TpTrace Verbose: 0 : 15928, 11, 2023/04/18, 15:15:24.424, 4229237947343, vstest.console.dll, TcpClientExtensions.MessageLoopAsync: Polling on remoteEndPoint: 127.0.0.1:62679 localEndPoint: 127.0.0.1:62678
TpTrace Error: 0 : 15928, 4, 2023/04/18, 15:15:24.562, 4229239327293, vstest.console.dll, MulticastDelegateUtilities.SafeInvoke: 1: Invoking callback 1/Microsoft.VisualStudio.TestPlatform.CommandLine.Internal.ConsoleLogger for .InternalTestLoggerEvents.SendTestResult, failed after 100 ms with: System.Reflection.TargetInvocationException: Exception has been thrown by the target of an invocation.
 ---> System.ArgumentException: The parameter cannot be null or empty. (Parameter 'format')
   at Microsoft.VisualStudio.TestPlatform.Utilities.OutputExtensions.Format(String messageTypeFormat, String format, Object[] args)
   at Microsoft.VisualStudio.TestPlatform.Utilities.OutputExtensions.<>c__DisplayClass4_0.<Information>b__0()
   at Microsoft.VisualStudio.TestPlatform.Utilities.OutputExtensions.SetColorForAction(ConsoleColor foregroundColor, Action action)
   at Microsoft.VisualStudio.TestPlatform.CommandLine.Internal.ConsoleLogger.DisplayFullInformation(TestResult result)
   at Microsoft.VisualStudio.TestPlatform.CommandLine.Internal.ConsoleLogger.TestResultHandler(Object sender, TestResultEventArgs e)
   at System.RuntimeMethodHandle.InvokeMethod(Object target, Void** arguments, Signature sig, Boolean isConstructor)
   at System.Reflection.MethodInvoker.Invoke(Object obj, IntPtr* args, BindingFlags invokeAttr)
   --- End of inner exception stack trace ---
   at System.Reflection.MethodInvoker.Invoke(Object obj, IntPtr* args, BindingFlags invokeAttr)
   at System.Reflection.RuntimeMethodInfo.Invoke(Object obj, BindingFlags invokeAttr, Binder binder, Object[] parameters, CultureInfo culture)
   at System.Delegate.DynamicInvokeImpl(Object[] args)
   at Microsoft.VisualStudio.TestPlatform.Utilities.MulticastDelegateUtilities.SafeInvoke(Delegate delegates, Object sender, Object args, String traceDisplayName).
TpTrace Error: 0 : 15928, 4, 2023/04/18, 15:15:24.597, 4229239683275, vstest.console.dll, MulticastDelegateUtilities.SafeInvoke: 1: Invoking callback 1/Microsoft.VisualStudio.TestPlatform.CommandLine.Internal.ConsoleLogger for .InternalTestLoggerEvents.SendTestResult, failed after 0 ms with: System.Reflection.TargetInvocationException: Exception has been thrown by the target of an invocation.
 ---> System.ArgumentException: The parameter cannot be null or empty. (Parameter 'format')
   at Microsoft.VisualStudio.TestPlatform.Utilities.OutputExtensions.Format(String messageTypeFormat, String format, Object[] args)
   at Microsoft.VisualStudio.TestPlatform.Utilities.OutputExtensions.<>c__DisplayClass4_0.<Information>b__0()
   at Microsoft.VisualStudio.TestPlatform.Utilities.OutputExtensions.SetColorForAction(ConsoleColor foregroundColor, Action action)
   at Microsoft.VisualStudio.TestPlatform.CommandLine.Internal.ConsoleLogger.DisplayFullInformation(TestResult result)
   at Microsoft.VisualStudio.TestPlatform.CommandLine.Internal.ConsoleLogger.TestResultHandler(Object sender, TestResultEventArgs e)
   at InvokeStub_EventHandler`1.Invoke(Object, Object, IntPtr*)
   at System.Reflection.MethodInvoker.Invoke(Object obj, IntPtr* args, BindingFlags invokeAttr)
   --- End of inner exception stack trace ---
   at System.Reflection.MethodInvoker.Invoke(Object obj, IntPtr* args, BindingFlags invokeAttr)
   at System.Reflection.RuntimeMethodInfo.Invoke(Object obj, BindingFlags invokeAttr, Binder binder, Object[] parameters, CultureInfo culture)
   at System.Delegate.DynamicInvokeImpl(Object[] args)
   at Microsoft.VisualStudio.TestPlatform.Utilities.MulticastDelegateUtilities.SafeInvoke(Delegate delegates, Object sender, Object args, String traceDisplayName).
TpTrace Error: 0 : 15928, 4, 2023/04/18, 15:15:24.598, 4229239691214, vstest.console.dll, MulticastDelegateUtilities.SafeInvoke: 1: Invoking callback 1/Microsoft.VisualStudio.TestPlatform.CommandLine.Internal.ConsoleLogger for .InternalTestLoggerEvents.SendTestResult, failed after 0 ms with: System.Reflection.TargetInvocationException: Exception has been thrown by the target of an invocation.
 ---> System.ArgumentException: The parameter cannot be null or empty. (Parameter 'format')
   at Microsoft.VisualStudio.TestPlatform.Utilities.OutputExtensions.Format(String messageTypeFormat, String format, Object[] args)
   at Microsoft.VisualStudio.TestPlatform.Utilities.OutputExtensions.<>c__DisplayClass4_0.<Information>b__0()
   at Microsoft.VisualStudio.TestPlatform.Utilities.OutputExtensions.SetColorForAction(ConsoleColor foregroundColor, Action action)
   at Microsoft.VisualStudio.TestPlatform.CommandLine.Internal.ConsoleLogger.DisplayFullInformation(TestResult result)
   at Microsoft.VisualStudio.TestPlatform.CommandLine.Internal.ConsoleLogger.TestResultHandler(Object sender, TestResultEventArgs e)
   at InvokeStub_EventHandler`1.Invoke(Object, Object, IntPtr*)
   at System.Reflection.MethodInvoker.Invoke(Object obj, IntPtr* args, BindingFlags invokeAttr)
   --- End of inner exception stack trace ---
   at System.Reflection.MethodInvoker.Invoke(Object obj, IntPtr* args, BindingFlags invokeAttr)
   at System.Reflection.RuntimeMethodInfo.Invoke(Object obj, BindingFlags invokeAttr, Binder binder, Object[] parameters, CultureInfo culture)
   at System.Delegate.DynamicInvokeImpl(Object[] args)
   at Microsoft.VisualStudio.TestPlatform.Utilities.MulticastDelegateUtilities.SafeInvoke(Delegate delegates, Object sender, Object args, String traceDisplayName).
TpTrace Error: 0 : 15928, 4, 2023/04/18, 15:15:24.599, 4229239698618, vstest.console.dll, MulticastDelegateUtilities.SafeInvoke: 1: Invoking callback 1/Microsoft.VisualStudio.TestPlatform.CommandLine.Internal.ConsoleLogger for .InternalTestLoggerEvents.SendTestResult, failed after 0 ms with: System.Reflection.TargetInvocationException: Exception has been thrown by the target of an invocation.
 ---> System.ArgumentException: The parameter cannot be null or empty. (Parameter 'format')
   at Microsoft.VisualStudio.TestPlatform.Utilities.OutputExtensions.Format(String messageTypeFormat, String format, Object[] args)
   at Microsoft.VisualStudio.TestPlatform.Utilities.OutputExtensions.<>c__DisplayClass4_0.<Information>b__0()
   at Microsoft.VisualStudio.TestPlatform.Utilities.OutputExtensions.SetColorForAction(ConsoleColor foregroundColor, Action action)
   at Microsoft.VisualStudio.TestPlatform.CommandLine.Internal.ConsoleLogger.DisplayFullInformation(TestResult result)
   at Microsoft.VisualStudio.TestPlatform.CommandLine.Internal.ConsoleLogger.TestResultHandler(Object sender, TestResultEventArgs e)
   at InvokeStub_EventHandler`1.Invoke(Object, Object, IntPtr*)
   at System.Reflection.MethodInvoker.Invoke(Object obj, IntPtr* args, BindingFlags invokeAttr)
   --- End of inner exception stack trace ---
   at System.Reflection.MethodInvoker.Invoke(Object obj, IntPtr* args, BindingFlags invokeAttr)
   at System.Reflection.RuntimeMethodInfo.Invoke(Object obj, BindingFlags invokeAttr, Binder binder, Object[] parameters, CultureInfo culture)
   at System.Delegate.DynamicInvokeImpl(Object[] args)
   at Microsoft.VisualStudio.TestPlatform.Utilities.MulticastDelegateUtilities.SafeInvoke(Delegate delegates, Object sender, Object args, String traceDisplayName).
TpTrace Error: 0 : 15928, 4, 2023/04/18, 15:15:24.600, 4229239706585, vstest.console.dll, MulticastDelegateUtilities.SafeInvoke: 1: Invoking callback 1/Microsoft.VisualStudio.TestPlatform.CommandLine.Internal.ConsoleLogger for .InternalTestLoggerEvents.SendTestResult, failed after 0 ms with: System.Reflection.TargetInvocationException: Exception has been thrown by the target of an invocation.
 ---> System.ArgumentException: The parameter cannot be null or empty. (Parameter 'format')
   at Microsoft.VisualStudio.TestPlatform.Utilities.OutputExtensions.Format(String messageTypeFormat, String format, Object[] args)
   at Microsoft.VisualStudio.TestPlatform.Utilities.OutputExtensions.<>c__DisplayClass4_0.<Information>b__0()
   at Microsoft.VisualStudio.TestPlatform.Utilities.OutputExtensions.SetColorForAction(ConsoleColor foregroundColor, Action action)
   at Microsoft.VisualStudio.TestPlatform.CommandLine.Internal.ConsoleLogger.DisplayFullInformation(TestResult result)
   at Microsoft.VisualStudio.TestPlatform.CommandLine.Internal.ConsoleLogger.TestResultHandler(Object sender, TestResultEventArgs e)
   at InvokeStub_EventHandler`1.Invoke(Object, Object, IntPtr*)
   at System.Reflection.MethodInvoker.Invoke(Object obj, IntPtr* args, BindingFlags invokeAttr)
   --- End of inner exception stack trace ---
   at System.Reflection.MethodInvoker.Invoke(Object obj, IntPtr* args, BindingFlags invokeAttr)
   at System.Reflection.RuntimeMethodInfo.Invoke(Object obj, BindingFlags invokeAttr, Binder binder, Object[] parameters, CultureInfo culture)
   at System.Delegate.DynamicInvokeImpl(Object[] args)
   at Microsoft.VisualStudio.TestPlatform.Utilities.MulticastDelegateUtilities.SafeInvoke(Delegate delegates, Object sender, Object args, String traceDisplayName).
TpTrace Error: 0 : 15928, 4, 2023/04/18, 15:15:24.600, 4229239715911, vstest.console.dll, MulticastDelegateUtilities.SafeInvoke: 1: Invoking callback 1/Microsoft.VisualStudio.TestPlatform.CommandLine.Internal.ConsoleLogger for .InternalTestLoggerEvents.SendTestResult, failed after 0 ms with: System.Reflection.TargetInvocationException: Exception has been thrown by the target of an invocation.
 ---> System.ArgumentException: The parameter cannot be null or empty. (Parameter 'format')
   at Microsoft.VisualStudio.TestPlatform.Utilities.OutputExtensions.Format(String messageTypeFormat, String format, Object[] args)
   at Microsoft.VisualStudio.TestPlatform.Utilities.OutputExtensions.<>c__DisplayClass4_0.<Information>b__0()
   at Microsoft.VisualStudio.TestPlatform.Utilities.OutputExtensions.SetColorForAction(ConsoleColor foregroundColor, Action action)
   at Microsoft.VisualStudio.TestPlatform.CommandLine.Internal.ConsoleLogger.DisplayFullInformation(TestResult result)
   at Microsoft.VisualStudio.TestPlatform.CommandLine.Internal.ConsoleLogger.TestResultHandler(Object sender, TestResultEventArgs e)
   at InvokeStub_EventHandler`1.Invoke(Object, Object, IntPtr*)
   at System.Reflection.MethodInvoker.Invoke(Object obj, IntPtr* args, BindingFlags invokeAttr)
   --- End of inner exception stack trace ---
   at System.Reflection.MethodInvoker.Invoke(Object obj, IntPtr* args, BindingFlags invokeAttr)
   at System.Reflection.RuntimeMethodInfo.Invoke(Object obj, BindingFlags invokeAttr, Binder binder, Object[] parameters, CultureInfo culture)
   at System.Delegate.DynamicInvokeImpl(Object[] args)
   at Microsoft.VisualStudio.TestPlatform.Utilities.MulticastDelegateUtilities.SafeInvoke(Delegate delegates, Object sender, Object args, String traceDisplayName).
TpTrace Error: 0 : 15928, 4, 2023/04/18, 15:15:24.601, 4229239724580, vstest.console.dll, MulticastDelegateUtilities.SafeInvoke: 1: Invoking callback 1/Microsoft.VisualStudio.TestPlatform.CommandLine.Internal.ConsoleLogger for .InternalTestLoggerEvents.SendTestResult, failed after 0 ms with: System.Reflection.TargetInvocationException: Exception has been thrown by the target of an invocation.
 ---> System.ArgumentException: The parameter cannot be null or empty. (Parameter 'format')
   at Microsoft.VisualStudio.TestPlatform.Utilities.OutputExtensions.Format(String messageTypeFormat, String format, Object[] args)
   at Microsoft.VisualStudio.TestPlatform.Utilities.OutputExtensions.<>c__DisplayClass4_0.<Information>b__0()
   at Microsoft.VisualStudio.TestPlatform.Utilities.OutputExtensions.SetColorForAction(ConsoleColor foregroundColor, Action action)
   at Microsoft.VisualStudio.TestPlatform.CommandLine.Internal.ConsoleLogger.DisplayFullInformation(TestResult result)
   at Microsoft.VisualStudio.TestPlatform.CommandLine.Internal.ConsoleLogger.TestResultHandler(Object sender, TestResultEventArgs e)
   at InvokeStub_EventHandler`1.Invoke(Object, Object, IntPtr*)
   at System.Reflection.MethodInvoker.Invoke(Object obj, IntPtr* args, BindingFlags invokeAttr)
   --- End of inner exception stack trace ---
   at System.Reflection.MethodInvoker.Invoke(Object obj, IntPtr* args, BindingFlags invokeAttr)
   at System.Reflection.RuntimeMethodInfo.Invoke(Object obj, BindingFlags invokeAttr, Binder binder, Object[] parameters, CultureInfo culture)
   at System.Delegate.DynamicInvokeImpl(Object[] args)
   at Microsoft.VisualStudio.TestPlatform.Utilities.MulticastDelegateUtilities.SafeInvoke(Delegate delegates, Object sender, Object args, String traceDisplayName).
TpTrace Error: 0 : 15928, 4, 2023/04/18, 15:15:24.602, 4229239731761, vstest.console.dll, MulticastDelegateUtilities.SafeInvoke: 1: Invoking callback 1/Microsoft.VisualStudio.TestPlatform.CommandLine.Internal.ConsoleLogger for .InternalTestLoggerEvents.SendTestResult, failed after 0 ms with: System.Reflection.TargetInvocationException: Exception has been thrown by the target of an invocation.
 ---> System.ArgumentException: The parameter cannot be null or empty. (Parameter 'format')
   at Microsoft.VisualStudio.TestPlatform.Utilities.OutputExtensions.Format(String messageTypeFormat, String format, Object[] args)
   at Microsoft.VisualStudio.TestPlatform.Utilities.OutputExtensions.<>c__DisplayClass4_0.<Information>b__0()
   at Microsoft.VisualStudio.TestPlatform.Utilities.OutputExtensions.SetColorForAction(ConsoleColor foregroundColor, Action action)
   at Microsoft.VisualStudio.TestPlatform.CommandLine.Internal.ConsoleLogger.DisplayFullInformation(TestResult result)
   at Microsoft.VisualStudio.TestPlatform.CommandLine.Internal.ConsoleLogger.TestResultHandler(Object sender, TestResultEventArgs e)
   at InvokeStub_EventHandler`1.Invoke(Object, Object, IntPtr*)
   at System.Reflection.MethodInvoker.Invoke(Object obj, IntPtr* args, BindingFlags invokeAttr)
   --- End of inner exception stack trace ---
   at System.Reflection.MethodInvoker.Invoke(Object obj, IntPtr* args, BindingFlags invokeAttr)
   at System.Reflection.RuntimeMethodInfo.Invoke(Object obj, BindingFlags invokeAttr, Binder binder, Object[] parameters, CultureInfo culture)
   at System.Delegate.DynamicInvokeImpl(Object[] args)
   at Microsoft.VisualStudio.TestPlatform.Utilities.MulticastDelegateUtilities.SafeInvoke(Delegate delegates, Object sender, Object args, String traceDisplayName).
TpTrace Error: 0 : 15928, 4, 2023/04/18, 15:15:24.603, 4229239738500, vstest.console.dll, MulticastDelegateUtilities.SafeInvoke: 1: Invoking callback 1/Microsoft.VisualStudio.TestPlatform.CommandLine.Internal.ConsoleLogger for .InternalTestLoggerEvents.SendTestResult, failed after 0 ms with: System.Reflection.TargetInvocationException: Exception has been thrown by the target of an invocation.
 ---> System.ArgumentException: The parameter cannot be null or empty. (Parameter 'format')
   at Microsoft.VisualStudio.TestPlatform.Utilities.OutputExtensions.Format(String messageTypeFormat, String format, Object[] args)
   at Microsoft.VisualStudio.TestPlatform.Utilities.OutputExtensions.<>c__DisplayClass4_0.<Information>b__0()
   at Microsoft.VisualStudio.TestPlatform.Utilities.OutputExtensions.SetColorForAction(ConsoleColor foregroundColor, Action action)
   at Microsoft.VisualStudio.TestPlatform.CommandLine.Internal.ConsoleLogger.DisplayFullInformation(TestResult result)
   at Microsoft.VisualStudio.TestPlatform.CommandLine.Internal.ConsoleLogger.TestResultHandler(Object sender, TestResultEventArgs e)
   at InvokeStub_EventHandler`1.Invoke(Object, Object, IntPtr*)
   at System.Reflection.MethodInvoker.Invoke(Object obj, IntPtr* args, BindingFlags invokeAttr)
   --- End of inner exception stack trace ---
   at System.Reflection.MethodInvoker.Invoke(Object obj, IntPtr* args, BindingFlags invokeAttr)
   at System.Reflection.RuntimeMethodInfo.Invoke(Object obj, BindingFlags invokeAttr, Binder binder, Object[] parameters, CultureInfo culture)
   at System.Delegate.DynamicInvokeImpl(Object[] args)
   at Microsoft.VisualStudio.TestPlatform.Utilities.MulticastDelegateUtilities.SafeInvoke(Delegate delegates, Object sender, Object args, String traceDisplayName).
TpTrace Error: 0 : 15928, 4, 2023/04/18, 15:15:24.604, 4229239746687, vstest.console.dll, MulticastDelegateUtilities.SafeInvoke: 1: Invoking callback 1/Microsoft.VisualStudio.TestPlatform.CommandLine.Internal.ConsoleLogger for .InternalTestLoggerEvents.SendTestResult, failed after 0 ms with: System.Reflection.TargetInvocationException: Exception has been thrown by the target of an invocation.
 ---> System.ArgumentException: The parameter cannot be null or empty. (Parameter 'format')
   at Microsoft.VisualStudio.TestPlatform.Utilities.OutputExtensions.Format(String messageTypeFormat, String format, Object[] args)
   at Microsoft.VisualStudio.TestPlatform.Utilities.OutputExtensions.<>c__DisplayClass4_0.<Information>b__0()
   at Microsoft.VisualStudio.TestPlatform.Utilities.OutputExtensions.SetColorForAction(ConsoleColor foregroundColor, Action action)
   at Microsoft.VisualStudio.TestPlatform.CommandLine.Internal.ConsoleLogger.DisplayFullInformation(TestResult result)
   at Microsoft.VisualStudio.TestPlatform.CommandLine.Internal.ConsoleLogger.TestResultHandler(Object sender, TestResultEventArgs e)
   at InvokeStub_EventHandler`1.Invoke(Object, Object, IntPtr*)
   at System.Reflection.MethodInvoker.Invoke(Object obj, IntPtr* args, BindingFlags invokeAttr)
   --- End of inner exception stack trace ---
   at System.Reflection.MethodInvoker.Invoke(Object obj, IntPtr* args, BindingFlags invokeAttr)
   at System.Reflection.RuntimeMethodInfo.Invoke(Object obj, BindingFlags invokeAttr, Binder binder, Object[] parameters, CultureInfo culture)
   at System.Delegate.DynamicInvokeImpl(Object[] args)
   at Microsoft.VisualStudio.TestPlatform.Utilities.MulticastDelegateUtilities.SafeInvoke(Delegate delegates, Object sender, Object args, String traceDisplayName).
TpTrace Verbose: 0 : 15928, 11, 2023/04/18, 15:15:25.426, 4229247974261, vstest.console.dll, TcpClientExtensions.MessageLoopAsync: Polling on remoteEndPoint: 127.0.0.1:62679 localEndPoint: 127.0.0.1:62678
TpTrace Verbose: 0 : 15928, 11, 2023/04/18, 15:15:25.907, 4229252776728, vstest.console.dll, TcpClientExtensions.MessageLoopAsync: NotifyDataAvailable remoteEndPoint: 127.0.0.1:62679 localEndPoint: 127.0.0.1:62678
TpTrace Verbose: 0 : 15928, 11, 2023/04/18, 15:15:25.907, 4229252780520, vstest.console.dll, TestRequestSender.OnExecutionMessageReceived: Received message: {"Version":7,"MessageType":"TestExecution.StatsChange","Payload":{"NewTestResults":[{"TestCase":{"Id":"c695ca74-39cf-266a-d90d-c919289ca477","FullyQualifiedName":"DDT_Sumator.SeleniumTests.TestCalculatorWebApp(\"Infinity\",\"+\",\"Infinity\",\"Result: Infinity\")","DisplayName":"TestCalculatorWebApp(\"Infinity\",\"+\",\"Infinity\",\"Result: Infinity\")","ExecutorUri":"executor://NUnit3TestExecutor","Source":"C:\\Users\\raddk\\source\\repos\\Team-Bandits\\SeleniumExersice1\\DDT Sumator\\bin\\Debug\\net6.0\\fine-code-coverage\\build-output\\DDT Sumator.dll","CodeFilePath":null,"LineNumber":0,"Properties":[{"Key":{"Id":"NUnit.Seed","Label":"Seed","Category":"","Description":"","Attributes":0,"ValueType":"System.String"},"Value":"1880184047"}]},"Attachments":[],"Outcome":2,"ErrorMessage":"OneTimeSetUp: OpenQA.Selenium.WebDriverException : An unknown exception was encountered sending an HTTP request to the remote WebDriver server for URL http://localhost:62683/session/c7cd3f542f3a82adad29380d5b4cb2d1/url. The exception message was: An error occurred while sending the request.\r\n  ----> System.Net.Http.HttpRequestException : An error occurred while sending the request.\r\n  ----> System.IO.IOException : Unable to read data from the transport connection: An existing connection was forcibly closed by the remote host..\r\n  ----> System.Net.Sockets.SocketException : An existing connection was forcibly closed by the remote host.","ErrorStackTrace":"\n","DisplayName":"TestCalculatorWebApp(\"Infinity\",\"+\",\"Infinity\",\"Result: Infinity\")","Messages":[],"ComputerName":"RADOSTIN03","Duration":"00:00:11.6846960","StartTime":"2023-04-18T12:15:12.6412995+00:00","EndTime":"2023-04-18T12:15:24.325996+00:00","Properties":[{"Key":{"Id":"NUnit.Seed","Label":"Seed","Category":"","Description":"","Attributes":0,"ValueType":"System.String"},"Value":"1880184047"}]},{"TestCase":{"Id":"701c4edc-3197-0dba-71a4-afa24428a839","FullyQualifiedName":"DDT_Sumator.SeleniumTests.TestCalculatorWebApp(\"5\",\"*\",\"Result: invalid input\",\"Result: invalid input\")","DisplayName":"TestCalculatorWebApp(\"5\",\"*\",\"Result: invalid input\",\"Result: invalid input\")","ExecutorUri":"executor://NUnit3TestExecutor","Source":"C:\\Users\\raddk\\source\\repos\\Team-Bandits\\SeleniumExersice1\\DDT Sumator\\bin\\Debug\\net6.0\\fine-code-coverage\\build-output\\DDT Sumator.dll","CodeFilePath":null,"LineNumber":0,"Properties":[{"Key":{"Id":"NUnit.Seed","Label":"Seed","Category":"","Description":"","Attributes":0,"ValueType":"System.String"},"Value":"621023338"}]},"Attachments":[],"Outcome":2,"ErrorMessage":"OneTimeSetUp: OpenQA.Selenium.WebDriverException : An unknown exception was encountered sending an HTTP request to the remote WebDriver server for URL http://localhost:62683/session/c7cd3f542f3a82adad29380d5b4cb2d1/url. The exception message was: An error occurred while sending the request.\r\n  ----> System.Net.Http.HttpRequestException : An error occurred while sending the request.\r\n  ----> System.IO.IOException : Unable to read data from the transport connection: An existing connection was forcibly closed by the remote host..\r\n  ----> System.Net.Sockets.SocketException : An existing connection was forcibly closed by the remote host.","ErrorStackTrace":"\n","DisplayName":"TestCalculatorWebApp(\"5\",\"*\",\"Result: invalid input\",\"Result: invalid input\")","Messages":[],"ComputerName":"RADOSTIN03","Duration":"00:00:11.6846990","StartTime":"2023-04-18T12:15:12.6412995+00:00","EndTime":"2023-04-18T12:15:24.3259988+00:00","Properties":[{"Key":{"Id":"NUnit.Seed","Label":"Seed","Category":"","Description":"","Attributes":0,"ValueType":"System.String"},"Value":"621023338"}]},{"TestCase":{"Id":"b68d9633-b23c-b0da-6387-0a92168cfb27","FullyQualifiedName":"DDT_Sumator.SeleniumTests.TestCalculatorWebApp(\"5\",\"/\",\"Result: invalid input\",\"Result: invalid input\")","DisplayName":"TestCalculatorWebApp(\"5\",\"/\",\"Result: invalid input\",\"Result: invalid input\")","ExecutorUri":"executor://NUnit3TestExecutor","Source":"C:\\Users\\raddk\\source\\repos\\Team-Bandits\\SeleniumExersice1\\DDT Sumator\\bin\\Debug\\net6.0\\fine-code-coverage\\build-output\\DDT Sumator.dll","CodeFilePath":null,"LineNumber":0,"Properties":[{"Key":{"Id":"NUnit.Seed","Label":"Seed","Category":"","Description":"","Attributes":0,"ValueType":"System.String"},"Value":"156747149"}]},"Attachments":[],"Outcome":2,"ErrorMessage":"OneTimeSetUp: OpenQA.Selenium.WebDriverException : An unknown exception was encountered sending an HTTP request to the remote WebDriver server for URL http://localhost:62683/session/c7cd3f542f3a82adad29380d5b4cb2d1/url. The exception message was: An error occurred while sending the request.\r\n  ----> System.Net.Http.HttpRequestException : An error occurred while sending the request.\r\n  ----> System.IO.IOException : Unable to read data from the transport connection: An existing connection was forcibly closed by the remote host..\r\n  ----> System.Net.Sockets.SocketException : An existing connection was forcibly closed by the remote host.","ErrorStackTrace":"\n","DisplayName":"TestCalculatorWebApp(\"5\",\"/\",\"Result: invalid input\",\"Result: invalid input\")","Messages":[],"ComputerName":"RADOSTIN03","Duration":"00:00:11.6847020","StartTime":"2023-04-18T12:15:12.6412995+00:00","EndTime":"2023-04-18T12:15:24.3260016+00:00","Properties":[{"Key":{"Id":"NUnit.Seed","Label":"Seed","Category":"","Description":"","Attributes":0,"ValueType":"System.String"},"Value":"156747149"}]},{"TestCase":{"Id":"85fa094f-b932-dbc6-5b19-9423406e1c3f","FullyQualifiedName":"DDT_Sumator.SeleniumTests.TestCalculatorWebApp(\"5\",\"+\",\"Result: invalid input\",\"Result: invalid input\")","DisplayName":"TestCalculatorWebApp(\"5\",\"+\",\"Result: invalid input\",\"Result: invalid input\")","ExecutorUri":"executor://NUnit3TestExecutor","Source":"C:\\Users\\raddk\\source\\repos\\Team-Bandits\\SeleniumExersice1\\DDT Sumator\\bin\\Debug\\net6.0\\fine-code-coverage\\build-output\\DDT Sumator.dll","CodeFilePath":null,"LineNumber":0,"Properties":[{"Key":{"Id":"NUnit.Seed","Label":"Seed","Category":"","Description":"","Attributes":0,"ValueType":"System.String"},"Value":"2045523582"}]},"Attachments":[],"Outcome":2,"ErrorMessage":"OneTimeSetUp: OpenQA.Selenium.WebDriverException : An unknown exception was encountered sending an HTTP request to the remote WebDriver server for URL http://localhost:62683/session/c7cd3f542f3a82adad29380d5b4cb2d1/url. The exception message was: An error occurred while sending the request.\r\n  ----> System.Net.Http.HttpRequestException : An error occurred while sending the request.\r\n  ----> System.IO.IOException : Unable to read data from the transport connection: An existing connection was forcibly closed by the remote host..\r\n  ----> System.Net.Sockets.SocketException : An existing connection was forcibly closed by the remote host.","ErrorStackTrace":"\n","DisplayName":"TestCalculatorWebApp(\"5\",\"+\",\"Result: invalid input\",\"Result: invalid input\")","Messages":[],"ComputerName":"RADOSTIN03","Duration":"00:00:11.6847060","StartTime":"2023-04-18T12:15:12.6412995+00:00","EndTime":"2023-04-18T12:15:24.3260055+00:00","Properties":[{"Key":{"Id":"NUnit.Seed","Label":"Seed","Category":"","Description":"","Attributes":0,"ValueType":"System.String"},"Value":"2045523582"}]},{"TestCase":{"Id":"15216b2a-d742-47ed-180f-817256cdc9fe","FullyQualifiedName":"DDT_Sumator.SeleniumTests.TestCalculatorWebApp(\"5\",\"-\",\"Result: invalid input\",\"Result: invalid input\")","DisplayName":"TestCalculatorWebApp(\"5\",\"-\",\"Result: invalid input\",\"Result: invalid input\")","ExecutorUri":"executor://NUnit3TestExecutor","Source":"C:\\Users\\raddk\\source\\repos\\Team-Bandits\\SeleniumExersice1\\DDT Sumator\\bin\\Debug\\net6.0\\fine-code-coverage\\build-output\\DDT Sumator.dll","CodeFilePath":null,"LineNumber":0,"Properties":[{"Key":{"Id":"NUnit.Seed","Label":"Seed","Category":"","Description":"","Attributes":0,"ValueType":"System.String"},"Value":"1306358506"}]},"Attachments":[],"Outcome":2,"ErrorMessage":"OneTimeSetUp: OpenQA.Selenium.WebDriverException : An unknown exception was encountered sending an HTTP request to the remote WebDriver server for URL http://localhost:62683/session/c7cd3f542f3a82adad29380d5b4cb2d1/url. The exception message was: An error occurred while sending the request.\r\n  ----> System.Net.Http.HttpRequestException : An error occurred while sending the request.\r\n  ----> System.IO.IOException : Unable to read data from the transport connection: An existing connection was forcibly closed by the remote host..\r\n  ----> System.Net.Sockets.SocketException : An existing connection was forcibly closed by the remote host.","ErrorStackTrace":"\n","DisplayName":"TestCalculatorWebApp(\"5\",\"-\",\"Result: invalid input\",\"Result: invalid input\")","Messages":[],"ComputerName":"RADOSTIN03","Duration":"00:00:11.6847090","StartTime":"2023-04-18T12:15:12.6412995+00:00","EndTime":"2023-04-18T12:15:24.3260091+00:00","Properties":[{"Key":{"Id":"NUnit.Seed","Label":"Seed","Category":"","Description":"","Attributes":0,"ValueType":"System.String"},"Value":"1306358506"}]}],"TestRunStatistics":{"ExecutedTests":15,"Stats":{"Failed":15}},"ActiveTests":[]}}
TpTrace Verbose: 0 : 15928, 11, 2023/04/18, 15:15:25.908, 4229252792865, vstest.console.dll, TestRunRequest:SendTestRunStatsChange: Starting.
TpTrace Verbose: 0 : 15928, 11, 2023/04/18, 15:15:25.908, 4229252794447, vstest.console.dll, MulticastDelegateUtilities.SafeInvoke: TestRun.RunStatsChanged: Invoking callbacks was skipped because there are no subscribers.
TpTrace Information: 0 : 15928, 11, 2023/04/18, 15:15:25.908, 4229252795100, vstest.console.dll, TestRunRequest:SendTestRunStatsChange: Completed.
TpTrace Verbose: 0 : 15928, 11, 2023/04/18, 15:15:25.908, 4229252795737, vstest.console.dll, MulticastDelegateUtilities.SafeInvoke: LengthPrefixCommunicationChannel: MessageReceived: Invoking callback 1/1 for Microsoft.VisualStudio.TestPlatform.CommunicationUtilities.TestRequestSender+<>c__DisplayClass34_0., took 1 ms.
TpTrace Verbose: 0 : 15928, 11, 2023/04/18, 15:15:25.908, 4229252796378, vstest.console.dll, TcpClientExtensions.MessageLoopAsync: Polling on remoteEndPoint: 127.0.0.1:62679 localEndPoint: 127.0.0.1:62678
TpTrace Error: 0 : 15928, 4, 2023/04/18, 15:15:25.966, 4229253366995, vstest.console.dll, MulticastDelegateUtilities.SafeInvoke: 1: Invoking callback 1/Microsoft.VisualStudio.TestPlatform.CommandLine.Internal.ConsoleLogger for .InternalTestLoggerEvents.SendTestResult, failed after 6 ms with: System.Reflection.TargetInvocationException: Exception has been thrown by the target of an invocation.
 ---> System.ArgumentException: The parameter cannot be null or empty. (Parameter 'format')
   at Microsoft.VisualStudio.TestPlatform.Utilities.OutputExtensions.Format(String messageTypeFormat, String format, Object[] args)
   at Microsoft.VisualStudio.TestPlatform.Utilities.OutputExtensions.<>c__DisplayClass4_0.<Information>b__0()
   at Microsoft.VisualStudio.TestPlatform.Utilities.OutputExtensions.SetColorForAction(ConsoleColor foregroundColor, Action action)
   at Microsoft.VisualStudio.TestPlatform.CommandLine.Internal.ConsoleLogger.DisplayFullInformation(TestResult result)
   at Microsoft.VisualStudio.TestPlatform.CommandLine.Internal.ConsoleLogger.TestResultHandler(Object sender, TestResultEventArgs e)
   at InvokeStub_EventHandler`1.Invoke(Object, Object, IntPtr*)
   at System.Reflection.MethodInvoker.Invoke(Object obj, IntPtr* args, BindingFlags invokeAttr)
   --- End of inner exception stack trace ---
   at System.Reflection.MethodInvoker.Invoke(Object obj, IntPtr* args, BindingFlags invokeAttr)
   at System.Reflection.RuntimeMethodInfo.Invoke(Object obj, BindingFlags invokeAttr, Binder binder, Object[] parameters, CultureInfo culture)
   at System.Delegate.DynamicInvokeImpl(Object[] args)
   at Microsoft.VisualStudio.TestPlatform.Utilities.MulticastDelegateUtilities.SafeInvoke(Delegate delegates, Object sender, Object args, String traceDisplayName).
TpTrace Error: 0 : 15928, 4, 2023/04/18, 15:15:25.966, 4229253372870, vstest.console.dll, MulticastDelegateUtilities.SafeInvoke: 1: Invoking callback 1/Microsoft.VisualStudio.TestPlatform.CommandLine.Internal.ConsoleLogger for .InternalTestLoggerEvents.SendTestResult, failed after 0 ms with: System.Reflection.TargetInvocationException: Exception has been thrown by the target of an invocation.
 ---> System.ArgumentException: The parameter cannot be null or empty. (Parameter 'format')
   at Microsoft.VisualStudio.TestPlatform.Utilities.OutputExtensions.Format(String messageTypeFormat, String format, Object[] args)
   at Microsoft.VisualStudio.TestPlatform.Utilities.OutputExtensions.<>c__DisplayClass4_0.<Information>b__0()
   at Microsoft.VisualStudio.TestPlatform.Utilities.OutputExtensions.SetColorForAction(ConsoleColor foregroundColor, Action action)
   at Microsoft.VisualStudio.TestPlatform.CommandLine.Internal.ConsoleLogger.DisplayFullInformation(TestResult result)
   at Microsoft.VisualStudio.TestPlatform.CommandLine.Internal.ConsoleLogger.TestResultHandler(Object sender, TestResultEventArgs e)
   at InvokeStub_EventHandler`1.Invoke(Object, Object, IntPtr*)
   at System.Reflection.MethodInvoker.Invoke(Object obj, IntPtr* args, BindingFlags invokeAttr)
   --- End of inner exception stack trace ---
   at System.Reflection.MethodInvoker.Invoke(Object obj, IntPtr* args, BindingFlags invokeAttr)
   at System.Reflection.RuntimeMethodInfo.Invoke(Object obj, BindingFlags invokeAttr, Binder binder, Object[] parameters, CultureInfo culture)
   at System.Delegate.DynamicInvokeImpl(Object[] args)
   at Microsoft.VisualStudio.TestPlatform.Utilities.MulticastDelegateUtilities.SafeInvoke(Delegate delegates, Object sender, Object args, String traceDisplayName).
TpTrace Error: 0 : 15928, 4, 2023/04/18, 15:15:25.967, 4229253377736, vstest.console.dll, MulticastDelegateUtilities.SafeInvoke: 1: Invoking callback 1/Microsoft.VisualStudio.TestPlatform.CommandLine.Internal.ConsoleLogger for .InternalTestLoggerEvents.SendTestResult, failed after 0 ms with: System.Reflection.TargetInvocationException: Exception has been thrown by the target of an invocation.
 ---> System.ArgumentException: The parameter cannot be null or empty. (Parameter 'format')
   at Microsoft.VisualStudio.TestPlatform.Utilities.OutputExtensions.Format(String messageTypeFormat, String format, Object[] args)
   at Microsoft.VisualStudio.TestPlatform.Utilities.OutputExtensions.<>c__DisplayClass4_0.<Information>b__0()
   at Microsoft.VisualStudio.TestPlatform.Utilities.OutputExtensions.SetColorForAction(ConsoleColor foregroundColor, Action action)
   at Microsoft.VisualStudio.TestPlatform.CommandLine.Internal.ConsoleLogger.DisplayFullInformation(TestResult result)
   at Microsoft.VisualStudio.TestPlatform.CommandLine.Internal.ConsoleLogger.TestResultHandler(Object sender, TestResultEventArgs e)
   at InvokeStub_EventHandler`1.Invoke(Object, Object, IntPtr*)
   at System.Reflection.MethodInvoker.Invoke(Object obj, IntPtr* args, BindingFlags invokeAttr)
   --- End of inner exception stack trace ---
   at System.Reflection.MethodInvoker.Invoke(Object obj, IntPtr* args, BindingFlags invokeAttr)
   at System.Reflection.RuntimeMethodInfo.Invoke(Object obj, BindingFlags invokeAttr, Binder binder, Object[] parameters, CultureInfo culture)
   at System.Delegate.DynamicInvokeImpl(Object[] args)
   at Microsoft.VisualStudio.TestPlatform.Utilities.MulticastDelegateUtilities.SafeInvoke(Delegate delegates, Object sender, Object args, String traceDisplayName).
TpTrace Error: 0 : 15928, 4, 2023/04/18, 15:15:25.967, 4229253382589, vstest.console.dll, MulticastDelegateUtilities.SafeInvoke: 1: Invoking callback 1/Microsoft.VisualStudio.TestPlatform.CommandLine.Internal.ConsoleLogger for .InternalTestLoggerEvents.SendTestResult, failed after 0 ms with: System.Reflection.TargetInvocationException: Exception has been thrown by the target of an invocation.
 ---> System.ArgumentException: The parameter cannot be null or empty. (Parameter 'format')
   at Microsoft.VisualStudio.TestPlatform.Utilities.OutputExtensions.Format(String messageTypeFormat, String format, Object[] args)
   at Microsoft.VisualStudio.TestPlatform.Utilities.OutputExtensions.<>c__DisplayClass4_0.<Information>b__0()
   at Microsoft.VisualStudio.TestPlatform.Utilities.OutputExtensions.SetColorForAction(ConsoleColor foregroundColor, Action action)
   at Microsoft.VisualStudio.TestPlatform.CommandLine.Internal.ConsoleLogger.DisplayFullInformation(TestResult result)
   at Microsoft.VisualStudio.TestPlatform.CommandLine.Internal.ConsoleLogger.TestResultHandler(Object sender, TestResultEventArgs e)
   at InvokeStub_EventHandler`1.Invoke(Object, Object, IntPtr*)
   at System.Reflection.MethodInvoker.Invoke(Object obj, IntPtr* args, BindingFlags invokeAttr)
   --- End of inner exception stack trace ---
   at System.Reflection.MethodInvoker.Invoke(Object obj, IntPtr* args, BindingFlags invokeAttr)
   at System.Reflection.RuntimeMethodInfo.Invoke(Object obj, BindingFlags invokeAttr, Binder binder, Object[] parameters, CultureInfo culture)
   at System.Delegate.DynamicInvokeImpl(Object[] args)
   at Microsoft.VisualStudio.TestPlatform.Utilities.MulticastDelegateUtilities.SafeInvoke(Delegate delegates, Object sender, Object args, String traceDisplayName).
TpTrace Error: 0 : 15928, 4, 2023/04/18, 15:15:25.970, 4229253411073, vstest.console.dll, MulticastDelegateUtilities.SafeInvoke: 1: Invoking callback 1/Microsoft.VisualStudio.TestPlatform.CommandLine.Internal.ConsoleLogger for .InternalTestLoggerEvents.SendTestResult, failed after 0 ms with: System.Reflection.TargetInvocationException: Exception has been thrown by the target of an invocation.
 ---> System.ArgumentException: The parameter cannot be null or empty. (Parameter 'format')
   at Microsoft.VisualStudio.TestPlatform.Utilities.OutputExtensions.Format(String messageTypeFormat, String format, Object[] args)
   at Microsoft.VisualStudio.TestPlatform.Utilities.OutputExtensions.<>c__DisplayClass4_0.<Information>b__0()
   at Microsoft.VisualStudio.TestPlatform.Utilities.OutputExtensions.SetColorForAction(ConsoleColor foregroundColor, Action action)
   at Microsoft.VisualStudio.TestPlatform.CommandLine.Internal.ConsoleLogger.DisplayFullInformation(TestResult result)
   at Microsoft.VisualStudio.TestPlatform.CommandLine.Internal.ConsoleLogger.TestResultHandler(Object sender, TestResultEventArgs e)
   at InvokeStub_EventHandler`1.Invoke(Object, Object, IntPtr*)
   at System.Reflection.MethodInvoker.Invoke(Object obj, IntPtr* args, BindingFlags invokeAttr)
   --- End of inner exception stack trace ---
   at System.Reflection.MethodInvoker.Invoke(Object obj, IntPtr* args, BindingFlags invokeAttr)
   at System.Reflection.RuntimeMethodInfo.Invoke(Object obj, BindingFlags invokeAttr, Binder binder, Object[] parameters, CultureInfo culture)
   at System.Delegate.DynamicInvokeImpl(Object[] args)
   at Microsoft.VisualStudio.TestPlatform.Utilities.MulticastDelegateUtilities.SafeInvoke(Delegate delegates, Object sender, Object args, String traceDisplayName).
TpTrace Verbose: 0 : 15928, 11, 2023/04/18, 15:15:26.910, 4229262815035, vstest.console.dll, TcpClientExtensions.MessageLoopAsync: Polling on remoteEndPoint: 127.0.0.1:62679 localEndPoint: 127.0.0.1:62678
TpTrace Verbose: 0 : 15928, 11, 2023/04/18, 15:15:27.916, 4229272870778, vstest.console.dll, TcpClientExtensions.MessageLoopAsync: Polling on remoteEndPoint: 127.0.0.1:62679 localEndPoint: 127.0.0.1:62678
TpTrace Verbose: 0 : 15928, 11, 2023/04/18, 15:15:28.417, 4229277879999, vstest.console.dll, TcpClientExtensions.MessageLoopAsync: NotifyDataAvailable remoteEndPoint: 127.0.0.1:62679 localEndPoint: 127.0.0.1:62678
TpTrace Verbose: 0 : 15928, 11, 2023/04/18, 15:15:28.417, 4229277881620, vstest.console.dll, TestRequestSender.OnExecutionMessageReceived: Received message: {"Version":7,"MessageType":"TestSession.Message","Payload":{"MessageLevel":1,"Message":"Setup failed for test fixture DDT_Sumator.SeleniumTests"}}
TpTrace Verbose: 0 : 15928, 11, 2023/04/18, 15:15:28.417, 4229277883021, vstest.console.dll, TestRunRequest:SendTestRunMessage: Starting.
TpTrace Verbose: 0 : 15928, 11, 2023/04/18, 15:15:28.417, 4229277884010, vstest.console.dll, MulticastDelegateUtilities.SafeInvoke: TestRun.LogMessages: Invoking callback 1/1 for Microsoft.VisualStudio.TestPlatform.CommandLine.TestRunResultAggregator., took 0 ms.
TpTrace Information: 0 : 15928, 11, 2023/04/18, 15:15:28.417, 4229277884634, vstest.console.dll, TestRunRequest:SendTestRunMessage: Completed.
TpTrace Verbose: 0 : 15928, 11, 2023/04/18, 15:15:28.417, 4229277885391, vstest.console.dll, MulticastDelegateUtilities.SafeInvoke: LengthPrefixCommunicationChannel: MessageReceived: Invoking callback 1/1 for Microsoft.VisualStudio.TestPlatform.CommunicationUtilities.TestRequestSender+<>c__DisplayClass34_0., took 0 ms.
TpTrace Verbose: 0 : 15928, 11, 2023/04/18, 15:15:28.417, 4229277886071, vstest.console.dll, TcpClientExtensions.MessageLoopAsync: Polling on remoteEndPoint: 127.0.0.1:62679 localEndPoint: 127.0.0.1:62678
TpTrace Verbose: 0 : 15928, 4, 2023/04/18, 15:15:28.418, 4229277887462, vstest.console.dll, MulticastDelegateUtilities.SafeInvoke: InternalTestLoggerEvents.SendTestRunMessage: Invoking callback 1/1 for Microsoft.VisualStudio.TestPlatform.CommandLine.Internal.ConsoleLogger., took 0 ms.
TpTrace Verbose: 0 : 15928, 11, 2023/04/18, 15:15:28.418, 4229277888546, vstest.console.dll, TcpClientExtensions.MessageLoopAsync: NotifyDataAvailable remoteEndPoint: 127.0.0.1:62679 localEndPoint: 127.0.0.1:62678
TpTrace Verbose: 0 : 15928, 11, 2023/04/18, 15:15:28.418, 4229277890697, vstest.console.dll, TestRequestSender.OnExecutionMessageReceived: Received message: {"Version":7,"MessageType":"TestSession.Message","Payload":{"MessageLevel":1,"Message":"OpenQA.Selenium.WebDriverException : An unknown exception was encountered sending an HTTP request to the remote WebDriver server for URL http://localhost:62683/session/c7cd3f542f3a82adad29380d5b4cb2d1/url. The exception message was: An error occurred while sending the request.\r\n  ----> System.Net.Http.HttpRequestException : An error occurred while sending the request.\r\n  ----> System.IO.IOException : Unable to read data from the transport connection: An existing connection was forcibly closed by the remote host..\r\n  ----> System.Net.Sockets.SocketException : An existing connection was forcibly closed by the remote host.\nStackTrace:    at OpenQA.Selenium.Remote.HttpCommandExecutor.Execute(Command commandToExecute)\r\n   at OpenQA.Selenium.Remote.DriverServiceCommandExecutor.Execute(Command commandToExecute)\r\n   at OpenQA.Selenium.WebDriver.Execute(String driverCommandToExecute, Dictionary`2 parameters)\r\n   at OpenQA.Selenium.WebDriver.set_Url(String value)\r\n   at OpenQA.Selenium.Navigator.GoToUrl(String url)\r\n   at DDT_Sumator.SeleniumTests.Setup() in C:\\Users\\raddk\\source\\repos\\Team-Bandits\\SeleniumExersice1\\DDT Sumator\\DDT_Sumator.cs:line 23\r\n--HttpRequestException\r\n   at System.Net.Http.HttpConnection.SendAsyncCore(HttpRequestMessage request, Boolean async, CancellationToken cancellationToken)\r\n   at System.Net.Http.HttpConnectionPool.SendWithVersionDetectionAndRetryAsync(HttpRequestMessage request, Boolean async, Boolean doRequestAuth, CancellationToken cancellationToken)\r\n   at System.Net.Http.RedirectHandler.SendAsync(HttpRequestMessage request, Boolean async, CancellationToken cancellationToken)\r\n   at System.Net.Http.HttpClient.<SendAsync>g__Core|83_0(HttpRequestMessage request, HttpCompletionOption completionOption, CancellationTokenSource cts, Boolean disposeCts, CancellationTokenSource pendingRequestsCts, CancellationToken originalCancellationToken)\r\n   at OpenQA.Selenium.Remote.HttpCommandExecutor.MakeHttpRequest(HttpRequestInfo requestInfo)\r\n   at OpenQA.Selenium.Remote.HttpCommandExecutor.Execute(Command commandToExecute)\r\n--IOException\r\n   at System.Net.Sockets.Socket.AwaitableSocketAsyncEventArgs.ThrowException(SocketError error, CancellationToken cancellationToken)\r\n   at System.Net.Sockets.Socket.AwaitableSocketAsyncEventArgs.System.Threading.Tasks.Sources.IValueTaskSource<System.Int32>.GetResult(Int16 token)\r\n   at System.Net.Http.HttpConnection.SendAsyncCore(HttpRequestMessage request, Boolean async, CancellationToken cancellationToken)\r\n--SocketException\r\n"}}
TpTrace Verbose: 0 : 15928, 11, 2023/04/18, 15:15:28.418, 4229277893649, vstest.console.dll, TestRunRequest:SendTestRunMessage: Starting.
TpTrace Verbose: 0 : 15928, 11, 2023/04/18, 15:15:28.418, 4229277894851, vstest.console.dll, MulticastDelegateUtilities.SafeInvoke: TestRun.LogMessages: Invoking callback 1/1 for Microsoft.VisualStudio.TestPlatform.CommandLine.TestRunResultAggregator., took 0 ms.
TpTrace Information: 0 : 15928, 11, 2023/04/18, 15:15:28.418, 4229277895760, vstest.console.dll, TestRunRequest:SendTestRunMessage: Completed.
TpTrace Verbose: 0 : 15928, 4, 2023/04/18, 15:15:28.418, 4229277896277, vstest.console.dll, MulticastDelegateUtilities.SafeInvoke: InternalTestLoggerEvents.SendTestRunMessage: Invoking callback 1/1 for Microsoft.VisualStudio.TestPlatform.CommandLine.Internal.ConsoleLogger., took 0 ms.
TpTrace Verbose: 0 : 15928, 11, 2023/04/18, 15:15:28.419, 4229277896472, vstest.console.dll, MulticastDelegateUtilities.SafeInvoke: LengthPrefixCommunicationChannel: MessageReceived: Invoking callback 1/1 for Microsoft.VisualStudio.TestPlatform.CommunicationUtilities.TestRequestSender+<>c__DisplayClass34_0., took 0 ms.
TpTrace Verbose: 0 : 15928, 11, 2023/04/18, 15:15:28.419, 4229277897539, vstest.console.dll, TcpClientExtensions.MessageLoopAsync: Polling on remoteEndPoint: 127.0.0.1:62679 localEndPoint: 127.0.0.1:62678
TpTrace Verbose: 0 : 15928, 11, 2023/04/18, 15:15:28.426, 4229277969841, vstest.console.dll, TcpClientExtensions.MessageLoopAsync: NotifyDataAvailable remoteEndPoint: 127.0.0.1:62679 localEndPoint: 127.0.0.1:62678
TpTrace Verbose: 0 : 15928, 11, 2023/04/18, 15:15:28.426, 4229277971379, vstest.console.dll, TestRequestSender.OnExecutionMessageReceived: Received message: {"Version":7,"MessageType":"TestSession.Message","Payload":{"MessageLevel":0,"Message":"NUnit Adapter 4.3.0.0: Test execution complete"}}
TpTrace Verbose: 0 : 15928, 11, 2023/04/18, 15:15:28.426, 4229277972386, vstest.console.dll, TestRunRequest:SendTestRunMessage: Starting.
TpTrace Verbose: 0 : 15928, 11, 2023/04/18, 15:15:28.426, 4229277973061, vstest.console.dll, MulticastDelegateUtilities.SafeInvoke: TestRun.LogMessages: Invoking callback 1/1 for Microsoft.VisualStudio.TestPlatform.CommandLine.TestRunResultAggregator., took 0 ms.
TpTrace Verbose: 0 : 15928, 4, 2023/04/18, 15:15:28.426, 4229277973323, vstest.console.dll, MulticastDelegateUtilities.SafeInvoke: InternalTestLoggerEvents.SendTestRunMessage: Invoking callback 1/1 for Microsoft.VisualStudio.TestPlatform.CommandLine.Internal.ConsoleLogger., took 0 ms.
TpTrace Information: 0 : 15928, 11, 2023/04/18, 15:15:28.426, 4229277973711, vstest.console.dll, TestRunRequest:SendTestRunMessage: Completed.
TpTrace Verbose: 0 : 15928, 11, 2023/04/18, 15:15:28.426, 4229277974984, vstest.console.dll, MulticastDelegateUtilities.SafeInvoke: LengthPrefixCommunicationChannel: MessageReceived: Invoking callback 1/1 for Microsoft.VisualStudio.TestPlatform.CommunicationUtilities.TestRequestSender+<>c__DisplayClass34_0., took 0 ms.
TpTrace Verbose: 0 : 15928, 11, 2023/04/18, 15:15:28.426, 4229277975463, vstest.console.dll, TcpClientExtensions.MessageLoopAsync: Polling on remoteEndPoint: 127.0.0.1:62679 localEndPoint: 127.0.0.1:62678
TpTrace Verbose: 0 : 15928, 11, 2023/04/18, 15:15:28.447, 4229278179217, vstest.console.dll, TcpClientExtensions.MessageLoopAsync: NotifyDataAvailable remoteEndPoint: 127.0.0.1:62679 localEndPoint: 127.0.0.1:62678
TpTrace Verbose: 0 : 15928, 11, 2023/04/18, 15:15:28.447, 4229278180780, vstest.console.dll, TestRequestSender.OnExecutionMessageReceived: Received message: {"Version":7,"MessageType":"TestExecution.Completed","Payload":{"TestRunCompleteArgs":{"TestRunStatistics":{"ExecutedTests":15,"Stats":{"Failed":15}},"IsCanceled":false,"IsAborted":false,"Error":null,"AttachmentSets":[],"InvokedDataCollectors":[],"ElapsedTimeInRunningTests":"00:00:16.4349352","Metrics":{},"DiscoveredExtensions":{"TestDiscoverers":["NUnit.VisualStudio.TestAdapter.NUnit3TestDiscoverer, NUnit3.TestAdapter, Version=4.3.0.0, Culture=neutral, PublicKeyToken=4cb40d35494691ac"],"TestExecutors":["executor://NUnit3TestExecutor"],"TestExecutors2":[],"TestSettingsProviders":[]}},"LastRunTests":{"NewTestResults":[],"TestRunStatistics":{"ExecutedTests":15,"Stats":{"Failed":15}},"ActiveTests":[]},"RunAttachments":[],"ExecutorUris":["executor://nunit3testexecutor/"]}}
TpTrace Verbose: 0 : 15928, 11, 2023/04/18, 15:15:28.447, 4229278182038, vstest.console.dll, TestRequestSender.EndSession: Sending end session.
TpTrace Verbose: 0 : 15928, 11, 2023/04/18, 15:15:28.447, 4229278184305, vstest.console.dll, ProxyOperationManager.Close: waiting for test host to exit for 100 ms
TpTrace Warning: 0 : 15928, 10, 2023/04/18, 15:15:28.457, 4229278284535, vstest.console.dll, TestHostManagerCallbacks.ErrorReceivedCallback Test host standard error line: 
TpTrace Verbose: 0 : 15928, 10, 2023/04/18, 15:15:28.469, 4229278397639, vstest.console.dll, TestHostProvider.ExitCallBack: Host exited starting callback.
TpTrace Information: 0 : 15928, 10, 2023/04/18, 15:15:28.469, 4229278399794, vstest.console.dll, TestHostManagerCallbacks.ExitCallBack: Testhost processId: 11700 exited with exitcode: 0 error: '[1681820115.558][WARNING]: Processing messages while being disconnected
'
TpTrace Verbose: 0 : 15928, 10, 2023/04/18, 15:15:28.469, 4229278400363, vstest.console.dll, DotnetTestHostManager.OnHostExited: invoking OnHostExited callback
TpTrace Verbose: 0 : 15928, 10, 2023/04/18, 15:15:28.469, 4229278400968, vstest.console.dll, CrossPlatEngine.TestHostManagerHostExited: calling on client process exit callback.
TpTrace Information: 0 : 15928, 10, 2023/04/18, 15:15:28.469, 4229278401654, vstest.console.dll, TestRequestSender.OnClientProcessExit: Test host process exited. Standard error: [1681820115.558][WARNING]: Processing messages while being disconnected

TpTrace Information: 0 : 15928, 11, 2023/04/18, 15:15:28.469, 4229278402391, vstest.console.dll, SocketServer.Stop: Stop server endPoint: 127.0.0.1:62678
TpTrace Information: 0 : 15928, 10, 2023/04/18, 15:15:28.469, 4229278402391, vstest.console.dll, SocketServer.Stop: Stop server endPoint: 127.0.0.1:62678
TpTrace Information: 0 : 15928, 11, 2023/04/18, 15:15:28.469, 4229278403017, vstest.console.dll, SocketServer.Stop: Cancellation requested. Stopping message loop.
TpTrace Information: 0 : 15928, 10, 2023/04/18, 15:15:28.469, 4229278403542, vstest.console.dll, SocketServer.Stop: Cancellation requested. Stopping message loop.
TpTrace Verbose: 0 : 15928, 10, 2023/04/18, 15:15:28.469, 4229278404929, vstest.console.dll, MulticastDelegateUtilities.SafeInvoke: HostProviderEvents.OnHostExited: Invoking callback 1/1 for Microsoft.VisualStudio.TestPlatform.CrossPlatEngine.Client.ProxyOperationManager., took 0 ms.
TpTrace Information: 0 : 15928, 11, 2023/04/18, 15:15:28.469, 4229278405129, vstest.console.dll, Closing the connection
TpTrace Verbose: 0 : 15928, 11, 2023/04/18, 15:15:28.470, 4229278408627, vstest.console.dll, ProxyDataCollectionManager.InvokeDataCollectionServiceAction: Starting.
TpTrace Information: 0 : 15928, 11, 2023/04/18, 15:15:28.470, 4229278409357, vstest.console.dll, ProxyDataCollectionManager.AfterTestRunEnd: Get attachment set and invoked data collectors processId: 332 port: 62675
TpTrace Verbose: 0 : 15928, 11, 2023/04/18, 15:15:28.470, 4229278410149, vstest.console.dll, DataCollectionRequestSender.SendAfterTestRunStartAndGetResult: Send AfterTestRunEnd message with isCancelled: False
TpTrace Verbose: 0 : 15928, 11, 2023/04/18, 15:15:28.480, 4229278511670, vstest.console.dll, DataCollectionRequestSender.SendAfterTestRunStartAndGetResult: Received message: (DataCollection.AfterTestRunEndResult) -> {"MessageType":"DataCollection.AfterTestRunEndResult","Payload":{"AttachmentSets":[],"InvokedDataCollectors":[{"Uri":"datacollector://Microsoft/TestPlatform/Extensions/Blame/v1","FriendlyName":"Blame","AssemblyQualifiedName":"Microsoft.TestPlatform.Extensions.BlameDataCollector.BlameCollector, Microsoft.TestPlatform.Extensions.BlameDataCollector, Version=15.0.0.0, Culture=neutral, PublicKeyToken=b03f5f7f11d50a3a","FilePath":"C:\\Program Files\\dotnet\\sdk\\7.0.202\\Extensions\\Microsoft.TestPlatform.Extensions.BlameDataCollector.dll","HasAttachmentProcessor":false}],"Metrics":{}}}
TpTrace Warning: 0 : 15928, 9, 2023/04/18, 15:15:28.486, 4229278566732, vstest.console.dll, DataCollectionLauncher.ErrorReceivedCallback datacollector standard error line: 
TpTrace Information: 0 : 15928, 11, 2023/04/18, 15:15:28.487, 4229278578870, vstest.console.dll, ProxyDataCollectionManager.InvokeDataCollectionServiceAction: Completed.
TpTrace Information: 0 : 15928, 9, 2023/04/18, 15:15:28.501, 4229278718527, vstest.console.dll, DataCollectionLauncher.ExitCallBack: Data collector exited with exitcode: 0 error: ''
TpTrace Verbose: 0 : 15928, 11, 2023/04/18, 15:15:28.518, 4229278888909, vstest.console.dll, TestRunRequest:SendTestRunStatsChange: Starting.
TpTrace Verbose: 0 : 15928, 11, 2023/04/18, 15:15:28.518, 4229278890076, vstest.console.dll, MulticastDelegateUtilities.SafeInvoke: TestRun.RunStatsChanged: Invoking callbacks was skipped because there are no subscribers.
TpTrace Information: 0 : 15928, 11, 2023/04/18, 15:15:28.518, 4229278890478, vstest.console.dll, TestRunRequest:SendTestRunStatsChange: Completed.
TpTrace Verbose: 0 : 15928, 11, 2023/04/18, 15:15:28.518, 4229278894980, vstest.console.dll, ParallelProxyExecutionManager: HandlePartialRunComplete: Total completed clients = 1, Run complete = True, Run canceled: False.
TpTrace Verbose: 0 : 15928, 4, 2023/04/18, 15:15:28.527, 4229278979534, vstest.console.dll, MulticastDelegateUtilities.SafeInvoke: InternalTestLoggerEvents.SendTestRunComplete: Invoking callback 1/2 for Microsoft.TestPlatform.Extensions.BlameDataCollector.BlameLogger., took 0 ms.
TpTrace Verbose: 0 : 15928, 4, 2023/04/18, 15:15:28.533, 4229279037999, vstest.console.dll, MulticastDelegateUtilities.SafeInvoke: InternalTestLoggerEvents.SendTestRunComplete: Invoking callback 2/2 for Microsoft.VisualStudio.TestPlatform.CommandLine.Internal.ConsoleLogger., took 5 ms.
TpTrace Verbose: 0 : 15928, 11, 2023/04/18, 15:15:28.533, 4229279042686, vstest.console.dll, TestRunRequest:TestRunComplete: Starting. IsAborted:False IsCanceled:False.
TpTrace Verbose: 0 : 15928, 11, 2023/04/18, 15:15:28.534, 4229279055783, vstest.console.dll, TestLoggerManager.HandleTestRunComplete: Ignoring as the object is disposed.
TpTrace Verbose: 0 : 15928, 11, 2023/04/18, 15:15:28.535, 4229279058248, vstest.console.dll, MulticastDelegateUtilities.SafeInvoke: TestRun.TestRunComplete: Invoking callback 1/2 for Microsoft.VisualStudio.TestPlatform.CommandLine.TestRunResultAggregator., took 0 ms.
TpTrace Verbose: 0 : 15928, 11, 2023/04/18, 15:15:28.535, 4229279059897, vstest.console.dll, MulticastDelegateUtilities.SafeInvoke: TestRun.TestRunComplete: Invoking callback 2/2 for Microsoft.VisualStudio.TestPlatform.CommandLine.Processors.RunTestsArgumentExecutor+TestRunRequestEventsRegistrar., took 0 ms.
TpTrace Information: 0 : 15928, 11, 2023/04/18, 15:15:28.535, 4229279060926, vstest.console.dll, TestRunRequest:TestRunComplete: Completed.
TpTrace Verbose: 0 : 15928, 11, 2023/04/18, 15:15:28.535, 4229279061478, vstest.console.dll, TestRequestSender.SetOperationComplete: Setting operation complete.
TpTrace Verbose: 0 : 15928, 1, 2023/04/18, 15:15:28.535, 4229279061510, vstest.console.dll, TestRunRequest.Dispose: Starting.
TpTrace Information: 0 : 15928, 11, 2023/04/18, 15:15:28.535, 4229279062325, vstest.console.dll, SocketServer.Stop: Stop server endPoint: 127.0.0.1:62678
TpTrace Information: 0 : 15928, 11, 2023/04/18, 15:15:28.535, 4229279063101, vstest.console.dll, SocketServer.Stop: Cancellation requested. Stopping message loop.
TpTrace Information: 0 : 15928, 1, 2023/04/18, 15:15:28.535, 4229279062731, vstest.console.dll, TestRunRequest.Dispose: Completed.
TpTrace Verbose: 0 : 15928, 11, 2023/04/18, 15:15:28.535, 4229279063627, vstest.console.dll, MulticastDelegateUtilities.SafeInvoke: LengthPrefixCommunicationChannel: MessageReceived: Invoking callback 1/1 for Microsoft.VisualStudio.TestPlatform.CommunicationUtilities.TestRequestSender+<>c__DisplayClass34_0., took 88 ms.
TpTrace Information: 0 : 15928, 1, 2023/04/18, 15:15:28.535, 4229279064384, vstest.console.dll, TestRequestManager.RunTests: run tests completed.
TpTrace Information: 0 : 15928, 11, 2023/04/18, 15:15:28.535, 4229279064797, vstest.console.dll, SocketServer.PrivateStop: Stopping server endPoint: 127.0.0.1:62678 error: 
TpTrace Information: 0 : 15928, 1, 2023/04/18, 15:15:28.536, 4229279066668, vstest.console.dll, RunTestsArgumentProcessor:Execute: Test run is completed.
TpTrace Verbose: 0 : 15928, 1, 2023/04/18, 15:15:28.536, 4229279069527, vstest.console.dll, Executor.Execute: Exiting with exit code of 1
TpTrace Verbose: 0 : 15928, 11, 2023/04/18, 15:15:28.536, 4229279071671, vstest.console.dll, LengthPrefixCommunicationChannel.Dispose: Dispose reader and writer.
TpTrace Information: 0 : 15928, 11, 2023/04/18, 15:15:28.536, 4229279072947, vstest.console.dll, SocketServer.Stop: Raise disconnected event endPoint: 127.0.0.1:62678 error: 
TpTrace Verbose: 0 : 15928, 11, 2023/04/18, 15:15:28.536, 4229279074162, vstest.console.dll, TestRequestSender: OnTestRunAbort: Operation is already complete. Skip error message.
TpTrace Verbose: 0 : 15928, 11, 2023/04/18, 15:15:28.536, 4229279074728, vstest.console.dll, MulticastDelegateUtilities.SafeInvoke: SocketServer: ClientDisconnected: Invoking callback 1/1 for Microsoft.VisualStudio.TestPlatform.CommunicationUtilities.TestRequestSender., took 0 ms.
